2024-11-19 12:17:03.285 [info] [main] Log level: Info
2024-11-19 12:17:03.285 [info] [main] Validating found git in: "git"
2024-11-19 12:17:03.285 [info] [main] Using git "2.47.0" from "git"
2024-11-19 12:17:03.285 [info] [Model][doInitialScan] Initial repository scan started
2024-11-19 12:17:03.285 [info] > git rev-parse --show-toplevel [28ms]
2024-11-19 12:17:03.285 [info] fatal: not a git repository (or any of the parent directories): .git
2024-11-19 12:17:03.347 [info] > git rev-parse --show-toplevel [4ms]
2024-11-19 12:17:03.347 [info] fatal: not a git repository (or any of the parent directories): .git
2024-11-19 12:17:03.370 [info] > git rev-parse --show-toplevel [7ms]
2024-11-19 12:17:03.370 [info] fatal: not a git repository (or any of the parent directories): .git
2024-11-19 12:17:06.107 [info] > git rev-parse --show-toplevel [2719ms]
2024-11-19 12:17:06.107 [info] fatal: not a git repository (or any of the parent directories): .git
2024-11-19 12:17:06.814 [info] > git rev-parse --show-toplevel [305ms]
2024-11-19 12:17:06.814 [info] fatal: not a git repository (or any of the parent directories): .git
2024-11-19 12:17:07.074 [info] > git rev-parse --show-toplevel [157ms]
2024-11-19 12:17:07.074 [info] fatal: not a git repository (or any of the parent directories): .git
2024-11-19 12:17:07.300 [info] > git rev-parse --show-toplevel [207ms]
2024-11-19 12:17:07.935 [info] > git rev-parse --git-dir --git-common-dir [12ms]
2024-11-19 12:17:07.992 [info] [Model][openRepository] Opened repository: /home/zaryu/.config/ags
2024-11-19 12:17:08.186 [info] > git rev-parse --show-toplevel [154ms]
2024-11-19 12:17:08.186 [info] fatal: not a git repository (or any of the parent directories): .git
2024-11-19 12:17:08.188 [info] > git config --get commit.template [170ms]
2024-11-19 12:17:08.296 [info] > git rev-parse --show-toplevel [29ms]
2024-11-19 12:17:08.296 [info] fatal: not a git repository (or any of the parent directories): .git
2024-11-19 12:17:08.320 [info] > git rev-parse --show-toplevel [4ms]
2024-11-19 12:17:08.320 [info] fatal: not a git repository (or any of the parent directories): .git
2024-11-19 12:17:08.350 [info] > git rev-parse --show-toplevel [13ms]
2024-11-19 12:17:08.350 [info] fatal: not a git repository (or any of the parent directories): .git
2024-11-19 12:17:08.351 [info] > git for-each-ref --format=%(refname)%00%(upstream:short)%00%(objectname)%00%(upstream:track)%00%(upstream:remotename)%00%(upstream:remoteref) refs/heads/master refs/remotes/master [63ms]
2024-11-19 12:17:08.405 [info] > git rev-parse --show-toplevel [38ms]
2024-11-19 12:17:08.405 [info] fatal: not a git repository (or any of the parent directories): .git
2024-11-19 12:17:08.425 [info] > git for-each-ref --sort -committerdate --format %(refname) %(objectname) %(*objectname) [21ms]
2024-11-19 12:17:08.430 [info] > git rev-parse --show-toplevel [10ms]
2024-11-19 12:17:08.430 [info] fatal: not a git repository (or any of the parent directories): .git
2024-11-19 12:17:08.450 [info] > git rev-parse --show-toplevel [4ms]
2024-11-19 12:17:08.450 [info] fatal: not a git repository (or any of the parent directories): .git
2024-11-19 12:17:08.467 [info] > git rev-parse --show-toplevel [4ms]
2024-11-19 12:17:08.468 [info] fatal: not a git repository (or any of the parent directories): .git
2024-11-19 12:17:08.486 [info] > git rev-parse --show-toplevel [3ms]
2024-11-19 12:17:08.486 [info] fatal: not a git repository (or any of the parent directories): .git
2024-11-19 12:17:08.707 [info] > git rev-parse --show-toplevel [203ms]
2024-11-19 12:17:08.707 [info] fatal: not a git repository (or any of the parent directories): .git
2024-11-19 12:17:09.942 [info] > git status -z -uall [1557ms]
2024-11-19 12:17:09.942 [info] > git check-ignore -v -z --stdin [1208ms]
2024-11-19 12:17:09.945 [info] > git rev-parse --show-toplevel [286ms]
2024-11-19 12:17:09.945 [info] fatal: not a git repository (or any of the parent directories): .git
2024-11-19 12:17:10.114 [info] > git for-each-ref --format=%(refname)%00%(upstream:short)%00%(objectname)%00%(upstream:track)%00%(upstream:remotename)%00%(upstream:remoteref) refs/heads/master refs/remotes/master [134ms]
2024-11-19 12:17:10.172 [info] > git config --local branch.master.vscode-merge-base [34ms]
2024-11-19 12:17:10.173 [warning] [Git][config] git config failed: Failed to execute git
2024-11-19 12:17:10.199 [info] > git config --get commit.template [93ms]
2024-11-19 12:17:10.200 [info] > git rev-parse --show-toplevel [112ms]
2024-11-19 12:17:10.200 [info] fatal: not a git repository (or any of the parent directories): .git
2024-11-19 12:17:10.410 [info] > git rev-parse --show-toplevel [171ms]
2024-11-19 12:17:10.410 [info] fatal: not a git repository (or any of the parent directories): .git
2024-11-19 12:17:10.411 [info] > git reflog master --grep-reflog=branch: Created from *. [216ms]
2024-11-19 12:17:10.513 [info] > git for-each-ref --format=%(refname)%00%(upstream:short)%00%(objectname)%00%(upstream:track)%00%(upstream:remotename)%00%(upstream:remoteref) refs/heads/master refs/remotes/master [109ms]
2024-11-19 12:17:10.757 [info] > git rev-parse --show-toplevel [296ms]
2024-11-19 12:17:10.757 [info] fatal: not a git repository (or any of the parent directories): .git
2024-11-19 12:17:10.758 [info] > git symbolic-ref --short refs/remotes/origin/HEAD [331ms]
2024-11-19 12:17:10.964 [info] > git for-each-ref --format=%(refname)%00%(upstream:short)%00%(objectname)%00%(upstream:track)%00%(upstream:remotename)%00%(upstream:remoteref) refs/heads/origin/master refs/remotes/origin/master [191ms]
2024-11-19 12:17:11.315 [info] > git rev-parse --show-toplevel [353ms]
2024-11-19 12:17:11.315 [info] fatal: not a git repository (or any of the parent directories): .git
2024-11-19 12:17:11.377 [info] > git config --local branch.master.vscode-merge-base origin/master [395ms]
2024-11-19 12:17:11.380 [info] > git for-each-ref --sort -committerdate --format %(refname) %(objectname) %(*objectname) [26ms] (cancelled)
2024-11-19 12:17:11.486 [info] > git status -z -uall [149ms] (cancelled)
2024-11-19 12:17:11.487 [info] > git for-each-ref --format=%(refname)%00%(upstream:short)%00%(objectname)%00%(upstream:track)%00%(upstream:remotename)%00%(upstream:remoteref) refs/heads/master refs/remotes/master [90ms]
2024-11-19 12:17:11.506 [info] > git rev-parse --show-toplevel [129ms]
2024-11-19 12:17:11.506 [info] fatal: not a git repository (or any of the parent directories): .git
2024-11-19 12:17:11.529 [info] > git config --local branch.master.vscode-merge-base [23ms]
2024-11-19 12:17:11.549 [info] > git config --get commit.template [72ms]
2024-11-19 12:17:11.557 [info] > git for-each-ref --format=%(refname)%00%(upstream:short)%00%(objectname)%00%(upstream:track)%00%(upstream:remotename)%00%(upstream:remoteref) refs/heads/origin/master refs/remotes/origin/master [9ms]
2024-11-19 12:17:11.611 [info] > git rev-parse --show-toplevel [84ms]
2024-11-19 12:17:11.611 [info] fatal: not a git repository (or any of the parent directories): .git
2024-11-19 12:17:11.649 [info] > git merge-base refs/heads/master refs/remotes/origin/master [71ms]
2024-11-19 12:17:11.678 [info] > git diff --name-status -z --diff-filter=ADMR 0555a84b302957695aa1f369e4f404835343b60a...refs/remotes/origin/master [7ms]
2024-11-19 12:17:11.681 [info] > git rev-parse --show-toplevel [35ms]
2024-11-19 12:17:11.681 [info] fatal: not a git repository (or any of the parent directories): .git
2024-11-19 12:17:11.682 [info] > git for-each-ref --format=%(refname)%00%(upstream:short)%00%(objectname)%00%(upstream:track)%00%(upstream:remotename)%00%(upstream:remoteref) refs/heads/master refs/remotes/master [54ms]
2024-11-19 12:17:11.735 [info] > git rev-parse --show-toplevel [34ms]
2024-11-19 12:17:11.736 [info] fatal: not a git repository (or any of the parent directories): .git
2024-11-19 12:17:11.912 [info] > git rev-parse --show-toplevel [123ms]
2024-11-19 12:17:11.912 [info] fatal: not a git repository (or any of the parent directories): .git
2024-11-19 12:17:11.913 [info] > git for-each-ref --sort -committerdate --format %(refname) %(objectname) %(*objectname) [141ms]
2024-11-19 12:17:13.130 [info] > git status -z -uall [1377ms]
2024-11-19 12:17:13.135 [info] > git rev-parse --show-toplevel [1201ms]
2024-11-19 12:17:13.135 [info] fatal: not a git repository (or any of the parent directories): .git
2024-11-19 12:17:13.617 [info] > git rev-parse --show-toplevel [425ms]
2024-11-19 12:17:13.617 [info] fatal: not a git repository (or any of the parent directories): .git
2024-11-19 12:17:14.077 [info] > git rev-parse --show-toplevel [212ms]
2024-11-19 12:17:14.077 [info] fatal: not a git repository (or any of the parent directories): .git
2024-11-19 12:17:14.148 [info] > git rev-parse --show-toplevel [48ms]
2024-11-19 12:17:14.148 [info] fatal: not a git repository (or any of the parent directories): .git
2024-11-19 12:17:14.233 [info] > git rev-parse --show-toplevel [15ms]
2024-11-19 12:17:14.233 [info] fatal: not a git repository (or any of the parent directories): .git
2024-11-19 12:17:14.325 [info] > git rev-parse --show-toplevel [69ms]
2024-11-19 12:17:14.325 [info] fatal: not a git repository (or any of the parent directories): .git
2024-11-19 12:17:14.352 [info] > git rev-parse --show-toplevel [3ms]
2024-11-19 12:17:14.352 [info] fatal: not a git repository (or any of the parent directories): .git
2024-11-19 12:17:14.381 [info] > git rev-parse --show-toplevel [7ms]
2024-11-19 12:17:14.382 [info] fatal: not a git repository (or any of the parent directories): .git
2024-11-19 12:17:14.420 [info] > git rev-parse --show-toplevel [14ms]
2024-11-19 12:17:14.420 [info] fatal: not a git repository (or any of the parent directories): .git
2024-11-19 12:17:14.484 [info] > git rev-parse --show-toplevel [2ms]
2024-11-19 12:17:14.485 [info] fatal: not a git repository (or any of the parent directories): .git
2024-11-19 12:17:14.543 [info] > git rev-parse --show-toplevel [5ms]
2024-11-19 12:17:14.543 [info] fatal: not a git repository (or any of the parent directories): .git
2024-11-19 12:17:14.573 [info] > git rev-parse --show-toplevel [6ms]
2024-11-19 12:17:14.573 [info] fatal: not a git repository (or any of the parent directories): .git
2024-11-19 12:17:14.597 [info] > git rev-parse --show-toplevel [2ms]
2024-11-19 12:17:14.597 [info] fatal: not a git repository (or any of the parent directories): .git
2024-11-19 12:17:14.620 [info] > git rev-parse --show-toplevel [3ms]
2024-11-19 12:17:14.620 [info] fatal: not a git repository (or any of the parent directories): .git
2024-11-19 12:17:14.652 [info] > git rev-parse --show-toplevel [9ms]
2024-11-19 12:17:14.652 [info] fatal: not a git repository (or any of the parent directories): .git
2024-11-19 12:17:14.676 [info] > git rev-parse --show-toplevel [3ms]
2024-11-19 12:17:14.676 [info] fatal: not a git repository (or any of the parent directories): .git
2024-11-19 12:17:14.700 [info] > git rev-parse --show-toplevel [3ms]
2024-11-19 12:17:14.700 [info] fatal: not a git repository (or any of the parent directories): .git
2024-11-19 12:17:14.724 [info] > git rev-parse --show-toplevel [3ms]
2024-11-19 12:17:14.724 [info] fatal: not a git repository (or any of the parent directories): .git
2024-11-19 12:17:14.747 [info] > git rev-parse --show-toplevel [3ms]
2024-11-19 12:17:14.748 [info] fatal: not a git repository (or any of the parent directories): .git
2024-11-19 12:17:14.771 [info] > git rev-parse --show-toplevel [3ms]
2024-11-19 12:17:14.771 [info] fatal: not a git repository (or any of the parent directories): .git
2024-11-19 12:17:14.795 [info] > git rev-parse --show-toplevel [4ms]
2024-11-19 12:17:14.795 [info] fatal: not a git repository (or any of the parent directories): .git
2024-11-19 12:17:14.819 [info] > git rev-parse --show-toplevel [3ms]
2024-11-19 12:17:14.819 [info] fatal: not a git repository (or any of the parent directories): .git
2024-11-19 12:17:14.843 [info] > git rev-parse --show-toplevel [2ms]
2024-11-19 12:17:14.843 [info] fatal: not a git repository (or any of the parent directories): .git
2024-11-19 12:17:14.873 [info] > git rev-parse --show-toplevel [5ms]
2024-11-19 12:17:14.873 [info] fatal: not a git repository (or any of the parent directories): .git
2024-11-19 12:17:14.910 [info] > git rev-parse --show-toplevel [7ms]
2024-11-19 12:17:14.910 [info] fatal: not a git repository (or any of the parent directories): .git
2024-11-19 12:17:14.949 [info] > git rev-parse --show-toplevel [3ms]
2024-11-19 12:17:14.949 [info] fatal: not a git repository (or any of the parent directories): .git
2024-11-19 12:17:15.031 [info] > git rev-parse --show-toplevel [60ms]
2024-11-19 12:17:15.031 [info] fatal: not a git repository (or any of the parent directories): .git
2024-11-19 12:17:15.059 [info] > git rev-parse --show-toplevel [5ms]
2024-11-19 12:17:15.059 [info] fatal: not a git repository (or any of the parent directories): .git
2024-11-19 12:17:15.083 [info] > git rev-parse --show-toplevel [3ms]
2024-11-19 12:17:15.083 [info] fatal: not a git repository (or any of the parent directories): .git
2024-11-19 12:17:15.108 [info] > git rev-parse --show-toplevel [3ms]
2024-11-19 12:17:15.108 [info] fatal: not a git repository (or any of the parent directories): .git
2024-11-19 12:17:15.145 [info] > git rev-parse --show-toplevel [9ms]
2024-11-19 12:17:15.145 [info] fatal: not a git repository (or any of the parent directories): .git
2024-11-19 12:17:15.170 [info] > git rev-parse --show-toplevel [5ms]
2024-11-19 12:17:15.170 [info] fatal: not a git repository (or any of the parent directories): .git
2024-11-19 12:17:15.193 [info] > git rev-parse --show-toplevel [3ms]
2024-11-19 12:17:15.194 [info] fatal: not a git repository (or any of the parent directories): .git
2024-11-19 12:17:15.219 [info] > git rev-parse --show-toplevel [3ms]
2024-11-19 12:17:15.219 [info] fatal: not a git repository (or any of the parent directories): .git
2024-11-19 12:17:15.243 [info] > git rev-parse --show-toplevel [3ms]
2024-11-19 12:17:15.243 [info] fatal: not a git repository (or any of the parent directories): .git
2024-11-19 12:17:15.245 [info] [Model][doInitialScan] Initial repository scan completed - repositories (1), closed repositories (0), parent repositories (0), unsafe repositories (0)
2024-11-19 12:17:15.269 [info] > git rev-parse --show-toplevel [3ms]
2024-11-19 12:17:15.269 [info] fatal: not a git repository (or any of the parent directories): .git
2024-11-19 12:17:15.313 [info] > git rev-parse --show-toplevel [22ms]
2024-11-19 12:17:15.313 [info] fatal: not a git repository (or any of the parent directories): .git
2024-11-19 12:17:15.339 [info] > git rev-parse --show-toplevel [3ms]
2024-11-19 12:17:15.340 [info] fatal: not a git repository (or any of the parent directories): .git
2024-11-19 12:17:15.368 [info] > git rev-parse --show-toplevel [3ms]
2024-11-19 12:17:15.392 [info] > git rev-parse --show-toplevel [3ms]
2024-11-19 12:17:17.615 [info] > git rev-parse --show-toplevel [113ms]
2024-11-19 12:17:17.616 [info] fatal: not a git repository (or any of the parent directories): .git
