2024-11-03 01:19:11.639 [info] [main] Log level: Info
2024-11-03 01:19:11.639 [info] [main] Validating found git in: "git"
2024-11-03 01:19:11.639 [info] [main] Using git "2.47.0" from "git"
2024-11-03 01:19:11.639 [info] [Model][doInitialScan] Initial repository scan started
2024-11-03 01:19:11.639 [info] > git rev-parse --show-toplevel [1815ms]
2024-11-03 01:19:11.639 [info] fatal: not a git repository (or any of the parent directories): .git
2024-11-03 01:19:11.639 [info] > git rev-parse --show-toplevel [292ms]
2024-11-03 01:19:11.639 [info] fatal: not a git repository (or any of the parent directories): .git
2024-11-03 01:19:12.014 [info] > git rev-parse --show-toplevel [725ms]
2024-11-03 01:19:12.015 [info] fatal: not a git repository (or any of the parent directories): .git
2024-11-03 01:19:13.783 [info] > git rev-parse --show-toplevel [397ms]
2024-11-03 01:19:13.783 [info] fatal: not a git repository (or any of the parent directories): .git
2024-11-03 01:19:13.964 [info] > git rev-parse --show-toplevel [34ms]
2024-11-03 01:19:13.964 [info] fatal: not a git repository (or any of the parent directories): .git
2024-11-03 01:19:14.309 [info] > git rev-parse --show-toplevel [7ms]
2024-11-03 01:19:14.310 [info] fatal: not a git repository (or any of the parent directories): .git
2024-11-03 01:19:14.352 [info] > git rev-parse --show-toplevel [11ms]
2024-11-03 01:19:14.352 [info] fatal: not a git repository (or any of the parent directories): .git
2024-11-03 01:19:14.413 [info] > git rev-parse --show-toplevel [3ms]
2024-11-03 01:19:14.413 [info] fatal: not a git repository (or any of the parent directories): .git
2024-11-03 01:19:14.481 [info] > git rev-parse --show-toplevel [26ms]
2024-11-03 01:19:14.481 [info] fatal: not a git repository (or any of the parent directories): .git
2024-11-03 01:19:14.521 [info] > git rev-parse --show-toplevel [12ms]
2024-11-03 01:19:14.521 [info] fatal: not a git repository (or any of the parent directories): .git
2024-11-03 01:19:14.728 [info] > git rev-parse --show-toplevel [179ms]
2024-11-03 01:19:14.729 [info] fatal: not a git repository (or any of the parent directories): .git
2024-11-03 01:19:15.324 [info] > git rev-parse --show-toplevel [457ms]
2024-11-03 01:19:15.324 [info] fatal: not a git repository (or any of the parent directories): .git
2024-11-03 01:19:15.488 [info] > git rev-parse --show-toplevel [112ms]
2024-11-03 01:19:15.488 [info] fatal: not a git repository (or any of the parent directories): .git
2024-11-03 01:19:15.528 [info] > git rev-parse --show-toplevel [6ms]
2024-11-03 01:19:15.529 [info] fatal: not a git repository (or any of the parent directories): .git
2024-11-03 01:19:15.575 [info] > git rev-parse --show-toplevel [18ms]
2024-11-03 01:19:15.575 [info] fatal: not a git repository (or any of the parent directories): .git
2024-11-03 01:19:15.610 [info] > git rev-parse --show-toplevel [7ms]
2024-11-03 01:19:15.610 [info] fatal: not a git repository (or any of the parent directories): .git
2024-11-03 01:19:15.646 [info] > git rev-parse --show-toplevel [5ms]
2024-11-03 01:19:15.646 [info] fatal: not a git repository (or any of the parent directories): .git
2024-11-03 01:19:15.681 [info] > git rev-parse --show-toplevel [3ms]
2024-11-03 01:19:15.681 [info] fatal: not a git repository (or any of the parent directories): .git
2024-11-03 01:19:15.712 [info] > git rev-parse --show-toplevel [5ms]
2024-11-03 01:19:15.712 [info] fatal: not a git repository (or any of the parent directories): .git
2024-11-03 01:19:15.740 [info] > git rev-parse --show-toplevel [5ms]
2024-11-03 01:19:15.740 [info] fatal: not a git repository (or any of the parent directories): .git
2024-11-03 01:19:15.767 [info] > git rev-parse --show-toplevel [4ms]
2024-11-03 01:19:15.767 [info] fatal: not a git repository (or any of the parent directories): .git
2024-11-03 01:19:15.797 [info] > git rev-parse --show-toplevel [6ms]
2024-11-03 01:19:15.798 [info] fatal: not a git repository (or any of the parent directories): .git
2024-11-03 01:19:15.827 [info] > git rev-parse --show-toplevel [5ms]
2024-11-03 01:19:15.828 [info] fatal: not a git repository (or any of the parent directories): .git
2024-11-03 01:19:15.862 [info] > git rev-parse --show-toplevel [5ms]
2024-11-03 01:19:15.862 [info] fatal: not a git repository (or any of the parent directories): .git
2024-11-03 01:19:15.891 [info] > git rev-parse --show-toplevel [4ms]
2024-11-03 01:19:15.891 [info] fatal: not a git repository (or any of the parent directories): .git
2024-11-03 01:19:15.920 [info] > git rev-parse --show-toplevel [5ms]
2024-11-03 01:19:15.921 [info] fatal: not a git repository (or any of the parent directories): .git
2024-11-03 01:19:15.949 [info] > git rev-parse --show-toplevel [5ms]
2024-11-03 01:19:15.950 [info] fatal: not a git repository (or any of the parent directories): .git
2024-11-03 01:19:17.068 [info] > git rev-parse --show-toplevel [1094ms]
2024-11-03 01:19:17.068 [info] fatal: not a git repository (or any of the parent directories): .git
2024-11-03 01:19:17.512 [info] > git rev-parse --show-toplevel [324ms]
2024-11-03 01:19:17.512 [info] fatal: not a git repository (or any of the parent directories): .git
2024-11-03 01:19:17.553 [info] > git rev-parse --show-toplevel [7ms]
2024-11-03 01:19:17.553 [info] fatal: not a git repository (or any of the parent directories): .git
2024-11-03 01:19:17.674 [info] > git rev-parse --show-toplevel [60ms]
2024-11-03 01:19:17.674 [info] fatal: not a git repository (or any of the parent directories): .git
2024-11-03 01:19:17.710 [info] > git rev-parse --show-toplevel [7ms]
2024-11-03 01:19:17.710 [info] fatal: not a git repository (or any of the parent directories): .git
2024-11-03 01:19:17.742 [info] > git rev-parse --show-toplevel [5ms]
2024-11-03 01:19:17.742 [info] fatal: not a git repository (or any of the parent directories): .git
2024-11-03 01:19:17.773 [info] > git rev-parse --show-toplevel [4ms]
2024-11-03 01:19:17.773 [info] fatal: not a git repository (or any of the parent directories): .git
2024-11-03 01:19:17.804 [info] > git rev-parse --show-toplevel [4ms]
2024-11-03 01:19:17.804 [info] fatal: not a git repository (or any of the parent directories): .git
2024-11-03 01:19:17.835 [info] > git rev-parse --show-toplevel [5ms]
2024-11-03 01:19:17.836 [info] fatal: not a git repository (or any of the parent directories): .git
2024-11-03 01:19:17.866 [info] > git rev-parse --show-toplevel [5ms]
2024-11-03 01:19:17.866 [info] fatal: not a git repository (or any of the parent directories): .git
2024-11-03 01:19:17.899 [info] > git rev-parse --show-toplevel [5ms]
2024-11-03 01:19:17.900 [info] fatal: not a git repository (or any of the parent directories): .git
2024-11-03 01:19:17.939 [info] > git rev-parse --show-toplevel [3ms]
2024-11-03 01:19:17.939 [info] fatal: not a git repository (or any of the parent directories): .git
2024-11-03 01:19:18.001 [info] > git rev-parse --show-toplevel [34ms]
2024-11-03 01:19:18.138 [info] > git rev-parse --git-dir --git-common-dir [106ms]
2024-11-03 01:19:18.193 [info] [Model][openRepository] Opened repository: /home/zaryu/.config/nvim-bak
2024-11-03 01:19:18.379 [info] > git rev-parse --show-toplevel [99ms]
2024-11-03 01:19:18.379 [info] fatal: not a git repository (or any of the parent directories): .git
2024-11-03 01:19:18.380 [info] > git config --get commit.template [137ms]
2024-11-03 01:19:18.444 [info] > git rev-parse --show-toplevel [33ms]
2024-11-03 01:19:18.444 [info] fatal: not a git repository (or any of the parent directories): .git
2024-11-03 01:19:18.476 [info] > git rev-parse --show-toplevel [4ms]
2024-11-03 01:19:18.476 [info] fatal: not a git repository (or any of the parent directories): .git
2024-11-03 01:19:18.505 [info] > git for-each-ref --format=%(refname)%00%(upstream:short)%00%(objectname)%00%(upstream:track)%00%(upstream:remotename)%00%(upstream:remoteref) refs/heads/master refs/remotes/master [66ms]
2024-11-03 01:19:18.538 [warning] [Git][revParse] Unable to read file: ENOENT: no such file or directory, open '/home/zaryu/.config/nvim-bak/.git/refs/remotes/origin/master'
2024-11-03 01:19:18.539 [info] > git rev-parse --show-toplevel [37ms]
2024-11-03 01:19:18.539 [info] fatal: not a git repository (or any of the parent directories): .git
2024-11-03 01:19:18.631 [info] > git rev-parse refs/remotes/origin/master [93ms]
2024-11-03 01:19:18.702 [info] > git rev-parse --show-toplevel [123ms]
2024-11-03 01:19:18.702 [info] fatal: not a git repository (or any of the parent directories): .git
2024-11-03 01:19:18.764 [info] > git status -z -uall [103ms]
2024-11-03 01:19:18.767 [info] > git for-each-ref --sort -committerdate --format %(refname) %(objectname) %(*objectname) [72ms]
2024-11-03 01:19:18.851 [info] > git for-each-ref --format=%(refname)%00%(upstream:short)%00%(objectname)%00%(upstream:track)%00%(upstream:remotename)%00%(upstream:remoteref) refs/heads/master refs/remotes/master [40ms]
2024-11-03 01:19:18.881 [info] > git rev-parse --show-toplevel [122ms]
2024-11-03 01:19:18.882 [info] fatal: not a git repository (or any of the parent directories): .git
2024-11-03 01:19:18.919 [info] > git config --local branch.master.vscode-merge-base [38ms]
2024-11-03 01:19:18.951 [info] > git config --get commit.template [103ms]
2024-11-03 01:19:19.106 [info] > git for-each-ref --format=%(refname)%00%(upstream:short)%00%(objectname)%00%(upstream:track)%00%(upstream:remotename)%00%(upstream:remoteref) refs/heads/origin/master refs/remotes/origin/master [156ms]
2024-11-03 01:19:19.172 [info] > git rev-parse --show-toplevel [255ms]
2024-11-03 01:19:19.172 [info] fatal: not a git repository (or any of the parent directories): .git
2024-11-03 01:19:19.236 [info] > git merge-base refs/heads/master refs/remotes/origin/master [94ms]
2024-11-03 01:19:19.288 [info] > git diff --name-status -z --diff-filter=ADMR 4120893b8a1f31a0957f2f891f7fbef73ddfb9b1...refs/remotes/origin/master [23ms]
2024-11-03 01:19:19.291 [info] > git rev-parse --show-toplevel [56ms]
2024-11-03 01:19:19.291 [info] fatal: not a git repository (or any of the parent directories): .git
2024-11-03 01:19:19.291 [info] > git for-each-ref --format=%(refname)%00%(upstream:short)%00%(objectname)%00%(upstream:track)%00%(upstream:remotename)%00%(upstream:remoteref) refs/heads/master refs/remotes/master [83ms]
2024-11-03 01:19:19.346 [warning] [Git][revParse] Unable to read file: ENOENT: no such file or directory, open '/home/zaryu/.config/nvim-bak/.git/refs/remotes/origin/master'
2024-11-03 01:19:19.349 [info] > git rev-parse --show-toplevel [30ms]
2024-11-03 01:19:19.349 [info] fatal: not a git repository (or any of the parent directories): .git
2024-11-03 01:19:19.422 [info] > git rev-parse refs/remotes/origin/master [76ms]
2024-11-03 01:19:19.479 [info] > git status -z -uall [31ms]
2024-11-03 01:19:19.481 [info] > git rev-parse --show-toplevel [60ms]
2024-11-03 01:19:19.481 [info] fatal: not a git repository (or any of the parent directories): .git
2024-11-03 01:19:19.510 [info] > git for-each-ref --sort -committerdate --format %(refname) %(objectname) %(*objectname) [35ms]
2024-11-03 01:19:19.527 [info] > git rev-parse --show-toplevel [19ms]
2024-11-03 01:19:19.527 [info] fatal: not a git repository (or any of the parent directories): .git
2024-11-03 01:19:19.561 [info] > git rev-parse --show-toplevel [4ms]
2024-11-03 01:19:19.561 [info] fatal: not a git repository (or any of the parent directories): .git
2024-11-03 01:19:19.592 [info] > git rev-parse --show-toplevel [3ms]
2024-11-03 01:19:19.592 [info] fatal: not a git repository (or any of the parent directories): .git
2024-11-03 01:19:19.623 [info] > git rev-parse --show-toplevel [3ms]
2024-11-03 01:19:19.623 [info] fatal: not a git repository (or any of the parent directories): .git
2024-11-03 01:19:19.655 [info] > git rev-parse --show-toplevel [5ms]
2024-11-03 01:19:19.655 [info] fatal: not a git repository (or any of the parent directories): .git
2024-11-03 01:19:19.715 [info] > git rev-parse --show-toplevel [34ms]
2024-11-03 01:19:19.715 [info] fatal: not a git repository (or any of the parent directories): .git
2024-11-03 01:19:19.746 [info] > git rev-parse --show-toplevel [3ms]
2024-11-03 01:19:19.746 [info] fatal: not a git repository (or any of the parent directories): .git
2024-11-03 01:19:19.777 [info] > git rev-parse --show-toplevel [4ms]
2024-11-03 01:19:19.777 [info] fatal: not a git repository (or any of the parent directories): .git
2024-11-03 01:19:19.779 [info] [Model][doInitialScan] Initial repository scan completed - repositories (1), closed repositories (1), parent repositories (0), unsafe repositories (0)
2024-11-03 01:20:47.059 [info] > git rev-parse --show-toplevel [64ms]
2024-11-03 01:20:47.059 [info] fatal: not a git repository (or any of the parent directories): .git
2024-11-03 01:20:50.430 [info] > git rev-parse --show-toplevel [64ms]
2024-11-03 01:20:50.430 [info] fatal: not a git repository (or any of the parent directories): .git
2024-11-03 01:21:16.676 [info] > git rev-parse --show-toplevel [10ms]
2024-11-03 01:21:16.677 [info] fatal: not a git repository (or any of the parent directories): .git
2024-11-03 01:22:32.293 [info] > git rev-parse --show-toplevel [41ms]
2024-11-03 01:22:32.293 [info] fatal: not a git repository (or any of the parent directories): .git
2024-11-03 01:24:08.491 [info] > git rev-parse --show-toplevel [48ms]
2024-11-03 01:24:08.491 [info] fatal: not a git repository (or any of the parent directories): .git
2024-11-03 01:24:31.959 [info] > git rev-parse --show-toplevel [40ms]
2024-11-03 01:24:31.967 [info] fatal: not a git repository (or any of the parent directories): .git
2024-11-03 01:28:32.612 [info] > git rev-parse --show-toplevel [13ms]
2024-11-03 01:28:32.613 [info] fatal: not a git repository (or any of the parent directories): .git
2024-11-03 01:43:03.521 [info] > git rev-parse --show-toplevel [205ms]
2024-11-03 01:43:03.521 [info] fatal: not a git repository (or any of the parent directories): .git
2024-11-03 01:43:28.764 [info] > git rev-parse --show-toplevel [9ms]
2024-11-03 01:43:28.764 [info] fatal: not a git repository (or any of the parent directories): .git
2024-11-03 01:43:29.743 [info] > git rev-parse --show-toplevel [13ms]
2024-11-03 01:43:29.743 [info] fatal: not a git repository (or any of the parent directories): .git
2024-11-03 01:43:37.668 [info] > git rev-parse --show-toplevel [26ms]
2024-11-03 01:43:37.668 [info] fatal: not a git repository (or any of the parent directories): .git
2024-11-03 01:44:21.125 [info] > git rev-parse --show-toplevel [9ms]
2024-11-03 01:44:21.125 [info] fatal: not a git repository (or any of the parent directories): .git
