2024-11-04 11:28:59.591 [info] [main] Log level: Info
2024-11-04 11:28:59.591 [info] [main] Validating found git in: "git"
2024-11-04 11:28:59.591 [info] [main] Using git "2.47.0" from "git"
2024-11-04 11:28:59.591 [info] [Model][doInitialScan] Initial repository scan started
2024-11-04 11:28:59.591 [info] > git rev-parse --show-toplevel [42ms]
2024-11-04 11:28:59.591 [info] fatal: not a git repository (or any of the parent directories): .git
2024-11-04 11:28:59.591 [info] > git rev-parse --show-toplevel [26ms]
2024-11-04 11:28:59.591 [info] fatal: not a git repository (or any of the parent directories): .git
2024-11-04 11:28:59.616 [info] > git rev-parse --show-toplevel [3ms]
2024-11-04 11:28:59.616 [info] fatal: not a git repository (or any of the parent directories): .git
2024-11-04 11:28:59.640 [info] > git rev-parse --show-toplevel [5ms]
2024-11-04 11:28:59.640 [info] fatal: not a git repository (or any of the parent directories): .git
2024-11-04 11:29:02.663 [info] > git rev-parse --show-toplevel [354ms]
2024-11-04 11:29:02.663 [info] fatal: not a git repository (or any of the parent directories): .git
2024-11-04 11:29:03.056 [info] > git rev-parse --show-toplevel [117ms]
2024-11-04 11:29:03.057 [info] fatal: not a git repository (or any of the parent directories): .git
2024-11-04 11:29:03.086 [info] > git rev-parse --show-toplevel [4ms]
2024-11-04 11:29:03.086 [info] fatal: not a git repository (or any of the parent directories): .git
2024-11-04 11:29:03.112 [info] > git rev-parse --show-toplevel [11ms]
2024-11-04 11:29:03.112 [info] fatal: not a git repository (or any of the parent directories): .git
2024-11-04 11:29:03.150 [info] > git rev-parse --show-toplevel [8ms]
2024-11-04 11:29:03.150 [info] fatal: not a git repository (or any of the parent directories): .git
2024-11-04 11:29:03.309 [info] > git rev-parse --show-toplevel [139ms]
2024-11-04 11:29:03.309 [info] fatal: not a git repository (or any of the parent directories): .git
2024-11-04 11:29:03.913 [info] > git rev-parse --show-toplevel [118ms]
2024-11-04 11:29:03.913 [info] fatal: not a git repository (or any of the parent directories): .git
2024-11-04 11:29:03.991 [info] > git rev-parse --show-toplevel [15ms]
2024-11-04 11:29:03.991 [info] fatal: not a git repository (or any of the parent directories): .git
2024-11-04 11:29:04.027 [info] > git rev-parse --show-toplevel [20ms]
2024-11-04 11:29:04.027 [info] fatal: not a git repository (or any of the parent directories): .git
2024-11-04 11:29:04.052 [info] > git rev-parse --show-toplevel [10ms]
2024-11-04 11:29:04.052 [info] fatal: not a git repository (or any of the parent directories): .git
2024-11-04 11:29:04.072 [info] > git rev-parse --show-toplevel [3ms]
2024-11-04 11:29:04.072 [info] fatal: not a git repository (or any of the parent directories): .git
2024-11-04 11:29:04.095 [info] > git rev-parse --show-toplevel [3ms]
2024-11-04 11:29:04.095 [info] fatal: not a git repository (or any of the parent directories): .git
2024-11-04 11:29:04.112 [info] > git rev-parse --show-toplevel [4ms]
2024-11-04 11:29:04.112 [info] fatal: not a git repository (or any of the parent directories): .git
2024-11-04 11:29:04.130 [info] > git rev-parse --show-toplevel [4ms]
2024-11-04 11:29:04.130 [info] fatal: not a git repository (or any of the parent directories): .git
2024-11-04 11:29:04.148 [info] > git rev-parse --show-toplevel [4ms]
2024-11-04 11:29:04.148 [info] fatal: not a git repository (or any of the parent directories): .git
2024-11-04 11:29:04.166 [info] > git rev-parse --show-toplevel [3ms]
2024-11-04 11:29:04.166 [info] fatal: not a git repository (or any of the parent directories): .git
2024-11-04 11:29:04.183 [info] > git rev-parse --show-toplevel [3ms]
2024-11-04 11:29:04.183 [info] fatal: not a git repository (or any of the parent directories): .git
2024-11-04 11:29:04.201 [info] > git rev-parse --show-toplevel [3ms]
2024-11-04 11:29:04.201 [info] fatal: not a git repository (or any of the parent directories): .git
2024-11-04 11:29:04.218 [info] > git rev-parse --show-toplevel [4ms]
2024-11-04 11:29:04.218 [info] fatal: not a git repository (or any of the parent directories): .git
2024-11-04 11:29:04.235 [info] > git rev-parse --show-toplevel [3ms]
2024-11-04 11:29:04.235 [info] fatal: not a git repository (or any of the parent directories): .git
2024-11-04 11:29:04.252 [info] > git rev-parse --show-toplevel [3ms]
2024-11-04 11:29:04.252 [info] fatal: not a git repository (or any of the parent directories): .git
2024-11-04 11:29:04.270 [info] > git rev-parse --show-toplevel [4ms]
2024-11-04 11:29:04.270 [info] fatal: not a git repository (or any of the parent directories): .git
2024-11-04 11:29:04.287 [info] > git rev-parse --show-toplevel [3ms]
2024-11-04 11:29:04.287 [info] fatal: not a git repository (or any of the parent directories): .git
2024-11-04 11:29:04.305 [info] > git rev-parse --show-toplevel [4ms]
2024-11-04 11:29:04.305 [info] fatal: not a git repository (or any of the parent directories): .git
2024-11-04 11:29:04.323 [info] > git rev-parse --show-toplevel [3ms]
2024-11-04 11:29:04.323 [info] fatal: not a git repository (or any of the parent directories): .git
2024-11-04 11:29:04.340 [info] > git rev-parse --show-toplevel [3ms]
2024-11-04 11:29:04.340 [info] fatal: not a git repository (or any of the parent directories): .git
2024-11-04 11:29:04.358 [info] > git rev-parse --show-toplevel [3ms]
2024-11-04 11:29:04.358 [info] fatal: not a git repository (or any of the parent directories): .git
2024-11-04 11:29:04.375 [info] > git rev-parse --show-toplevel [3ms]
2024-11-04 11:29:04.375 [info] fatal: not a git repository (or any of the parent directories): .git
2024-11-04 11:29:04.514 [info] > git rev-parse --show-toplevel [124ms]
2024-11-04 11:29:04.514 [info] fatal: not a git repository (or any of the parent directories): .git
2024-11-04 11:29:05.626 [info] > git rev-parse --show-toplevel [303ms]
2024-11-04 11:29:05.626 [info] fatal: not a git repository (or any of the parent directories): .git
2024-11-04 11:29:05.646 [info] > git rev-parse --show-toplevel [3ms]
2024-11-04 11:29:05.647 [info] fatal: not a git repository (or any of the parent directories): .git
2024-11-04 11:29:05.670 [info] > git rev-parse --show-toplevel [8ms]
2024-11-04 11:29:05.670 [info] fatal: not a git repository (or any of the parent directories): .git
2024-11-04 11:29:05.689 [info] > git rev-parse --show-toplevel [2ms]
2024-11-04 11:29:05.689 [info] fatal: not a git repository (or any of the parent directories): .git
2024-11-04 11:29:05.707 [info] > git rev-parse --show-toplevel [3ms]
2024-11-04 11:29:05.707 [info] fatal: not a git repository (or any of the parent directories): .git
2024-11-04 11:29:05.726 [info] > git rev-parse --show-toplevel [3ms]
2024-11-04 11:29:05.726 [info] fatal: not a git repository (or any of the parent directories): .git
2024-11-04 11:29:05.745 [info] > git rev-parse --show-toplevel [3ms]
2024-11-04 11:29:05.746 [info] fatal: not a git repository (or any of the parent directories): .git
2024-11-04 11:29:05.765 [info] > git rev-parse --show-toplevel [3ms]
2024-11-04 11:29:05.765 [info] fatal: not a git repository (or any of the parent directories): .git
2024-11-04 11:29:05.785 [info] > git rev-parse --show-toplevel [3ms]
2024-11-04 11:29:05.785 [info] fatal: not a git repository (or any of the parent directories): .git
2024-11-04 11:29:05.804 [info] > git rev-parse --show-toplevel [4ms]
2024-11-04 11:29:05.804 [info] fatal: not a git repository (or any of the parent directories): .git
2024-11-04 11:29:05.825 [info] > git rev-parse --show-toplevel [5ms]
2024-11-04 11:29:05.826 [info] fatal: not a git repository (or any of the parent directories): .git
2024-11-04 11:29:05.847 [info] > git rev-parse --show-toplevel [3ms]
2024-11-04 11:29:05.847 [info] fatal: not a git repository (or any of the parent directories): .git
2024-11-04 11:29:05.865 [info] > git rev-parse --show-toplevel [3ms]
2024-11-04 11:29:05.865 [info] fatal: not a git repository (or any of the parent directories): .git
2024-11-04 11:29:05.965 [info] > git rev-parse --show-toplevel [83ms]
2024-11-04 11:29:05.966 [info] fatal: not a git repository (or any of the parent directories): .git
2024-11-04 11:29:05.986 [info] > git rev-parse --show-toplevel [3ms]
2024-11-04 11:29:05.986 [info] fatal: not a git repository (or any of the parent directories): .git
2024-11-04 11:29:06.007 [info] > git rev-parse --show-toplevel [4ms]
2024-11-04 11:29:06.007 [info] fatal: not a git repository (or any of the parent directories): .git
2024-11-04 11:29:06.026 [info] > git rev-parse --show-toplevel [3ms]
2024-11-04 11:29:06.026 [info] fatal: not a git repository (or any of the parent directories): .git
2024-11-04 11:29:06.047 [info] > git rev-parse --show-toplevel [4ms]
2024-11-04 11:29:06.047 [info] fatal: not a git repository (or any of the parent directories): .git
2024-11-04 11:29:06.093 [info] > git rev-parse --show-toplevel [28ms]
2024-11-04 11:29:06.116 [info] > git rev-parse --git-dir --git-common-dir [4ms]
2024-11-04 11:29:06.167 [info] [Model][openRepository] Opened repository: /home/zaryu/.config/nvim-bak
2024-11-04 11:29:06.224 [info] > git rev-parse --show-toplevel [12ms]
2024-11-04 11:29:06.224 [info] fatal: not a git repository (or any of the parent directories): .git
2024-11-04 11:29:06.225 [info] > git config --get commit.template [30ms]
2024-11-04 11:29:06.318 [info] > git rev-parse --show-toplevel [72ms]
2024-11-04 11:29:06.319 [info] fatal: not a git repository (or any of the parent directories): .git
2024-11-04 11:29:06.416 [info] > git for-each-ref --format=%(refname)%00%(upstream:short)%00%(objectname)%00%(upstream:track)%00%(upstream:remotename)%00%(upstream:remoteref) refs/heads/master refs/remotes/master [149ms]
2024-11-04 11:29:06.525 [warning] [Git][revParse] Unable to read file: ENOENT: no such file or directory, open '/home/zaryu/.config/nvim-bak/.git/refs/remotes/origin/master'
2024-11-04 11:29:06.527 [info] > git rev-parse --show-toplevel [114ms]
2024-11-04 11:29:06.527 [info] fatal: not a git repository (or any of the parent directories): .git
2024-11-04 11:29:06.568 [info] > git rev-parse refs/remotes/origin/master [43ms]
2024-11-04 11:29:06.612 [info] > git rev-parse --show-toplevel [67ms]
2024-11-04 11:29:06.612 [info] fatal: not a git repository (or any of the parent directories): .git
2024-11-04 11:29:06.634 [info] > git status -z -uall [47ms]
2024-11-04 11:29:06.636 [info] > git for-each-ref --sort -committerdate --format %(refname) %(objectname) %(*objectname) [29ms]
2024-11-04 11:29:06.704 [info] > git for-each-ref --format=%(refname)%00%(upstream:short)%00%(objectname)%00%(upstream:track)%00%(upstream:remotename)%00%(upstream:remoteref) refs/heads/master refs/remotes/master [30ms]
2024-11-04 11:29:06.725 [info] > git rev-parse --show-toplevel [94ms]
2024-11-04 11:29:06.725 [info] fatal: not a git repository (or any of the parent directories): .git
2024-11-04 11:29:06.746 [info] > git config --local branch.master.vscode-merge-base [22ms]
2024-11-04 11:29:06.766 [info] > git config --get commit.template [66ms]
2024-11-04 11:29:06.770 [info] > git for-each-ref --format=%(refname)%00%(upstream:short)%00%(objectname)%00%(upstream:track)%00%(upstream:remotename)%00%(upstream:remoteref) refs/heads/origin/master refs/remotes/origin/master [4ms]
2024-11-04 11:29:06.820 [info] > git rev-parse --show-toplevel [74ms]
2024-11-04 11:29:06.820 [info] fatal: not a git repository (or any of the parent directories): .git
2024-11-04 11:29:07.117 [info] > git merge-base refs/heads/master refs/remotes/origin/master [326ms]
2024-11-04 11:29:07.160 [info] > git diff --name-status -z --diff-filter=ADMR 4120893b8a1f31a0957f2f891f7fbef73ddfb9b1...refs/remotes/origin/master [24ms]
2024-11-04 11:29:07.163 [info] > git rev-parse --show-toplevel [151ms]
2024-11-04 11:29:07.163 [info] fatal: not a git repository (or any of the parent directories): .git
2024-11-04 11:29:07.164 [info] > git for-each-ref --format=%(refname)%00%(upstream:short)%00%(objectname)%00%(upstream:track)%00%(upstream:remotename)%00%(upstream:remoteref) refs/heads/master refs/remotes/master [170ms]
2024-11-04 11:29:07.278 [warning] [Git][revParse] Unable to read file: ENOENT: no such file or directory, open '/home/zaryu/.config/nvim-bak/.git/refs/remotes/origin/master'
2024-11-04 11:29:07.362 [info] > git rev-parse refs/remotes/origin/master [84ms]
2024-11-04 11:29:07.397 [info] > git rev-parse --show-toplevel [135ms]
2024-11-04 11:29:07.397 [info] fatal: not a git repository (or any of the parent directories): .git
2024-11-04 11:29:07.440 [info] > git status -z -uall [61ms]
2024-11-04 11:29:07.492 [info] > git rev-parse --show-toplevel [78ms]
2024-11-04 11:29:07.492 [info] fatal: not a git repository (or any of the parent directories): .git
2024-11-04 11:29:07.492 [info] > git for-each-ref --sort -committerdate --format %(refname) %(objectname) %(*objectname) [96ms]
2024-11-04 11:29:07.623 [info] > git rev-parse --show-toplevel [101ms]
2024-11-04 11:29:07.623 [info] fatal: not a git repository (or any of the parent directories): .git
2024-11-04 11:29:07.647 [info] > git rev-parse --show-toplevel [3ms]
2024-11-04 11:29:07.647 [info] fatal: not a git repository (or any of the parent directories): .git
2024-11-04 11:29:07.671 [info] > git rev-parse --show-toplevel [6ms]
2024-11-04 11:29:07.671 [info] fatal: not a git repository (or any of the parent directories): .git
2024-11-04 11:29:07.693 [info] > git rev-parse --show-toplevel [3ms]
2024-11-04 11:29:07.693 [info] fatal: not a git repository (or any of the parent directories): .git
2024-11-04 11:29:07.715 [info] > git rev-parse --show-toplevel [5ms]
2024-11-04 11:29:07.715 [info] fatal: not a git repository (or any of the parent directories): .git
2024-11-04 11:29:07.737 [info] > git rev-parse --show-toplevel [4ms]
2024-11-04 11:29:07.737 [info] fatal: not a git repository (or any of the parent directories): .git
2024-11-04 11:29:07.758 [info] > git rev-parse --show-toplevel [3ms]
2024-11-04 11:29:07.758 [info] fatal: not a git repository (or any of the parent directories): .git
2024-11-04 11:29:07.779 [info] > git rev-parse --show-toplevel [4ms]
2024-11-04 11:29:07.779 [info] fatal: not a git repository (or any of the parent directories): .git
2024-11-04 11:29:07.799 [info] > git rev-parse --show-toplevel [3ms]
2024-11-04 11:29:07.799 [info] fatal: not a git repository (or any of the parent directories): .git
2024-11-04 11:29:07.801 [info] [Model][doInitialScan] Initial repository scan completed - repositories (1), closed repositories (1), parent repositories (0), unsafe repositories (0)
2024-11-04 11:29:11.167 [info] > git rev-parse --show-toplevel [10ms]
2024-11-04 11:29:11.168 [info] fatal: not a git repository (or any of the parent directories): .git
2024-11-04 11:29:11.330 [info] > git rev-parse --show-toplevel [143ms]
2024-11-04 11:29:11.330 [info] fatal: not a git repository (or any of the parent directories): .git
