2024-11-01 21:55:18.631 [info] [main] Log level: Info
2024-11-01 21:55:18.632 [info] [main] Validating found git in: "git"
2024-11-01 21:55:18.632 [info] [main] Using git "2.47.0" from "git"
2024-11-01 21:55:18.632 [info] [Model][doInitialScan] Initial repository scan started
2024-11-01 21:55:18.632 [info] > git rev-parse --show-toplevel [24ms]
2024-11-01 21:55:18.632 [info] fatal: not a git repository (or any of the parent directories): .git
2024-11-01 21:55:18.632 [info] > git rev-parse --show-toplevel [36ms]
2024-11-01 21:55:18.632 [info] fatal: not a git repository (or any of the parent directories): .git
2024-11-01 21:55:22.077 [info] > git rev-parse --show-toplevel [272ms]
2024-11-01 21:55:22.077 [info] fatal: not a git repository (or any of the parent directories): .git
2024-11-01 21:55:22.201 [info] > git rev-parse --show-toplevel [17ms]
2024-11-01 21:55:22.203 [info] fatal: not a git repository (or any of the parent directories): .git
2024-11-01 21:55:22.223 [info] > git rev-parse --show-toplevel [5ms]
2024-11-01 21:55:22.223 [info] fatal: not a git repository (or any of the parent directories): .git
2024-11-01 21:55:22.280 [info] > git rev-parse --show-toplevel [4ms]
2024-11-01 21:55:22.280 [info] fatal: not a git repository (or any of the parent directories): .git
2024-11-01 21:55:22.309 [info] > git rev-parse --show-toplevel [10ms]
2024-11-01 21:55:22.309 [info] fatal: not a git repository (or any of the parent directories): .git
2024-11-01 21:55:22.472 [info] > git rev-parse --show-toplevel [138ms]
2024-11-01 21:55:22.472 [info] fatal: not a git repository (or any of the parent directories): .git
2024-11-01 21:55:23.056 [info] > git rev-parse --show-toplevel [101ms]
2024-11-01 21:55:23.056 [info] fatal: not a git repository (or any of the parent directories): .git
2024-11-01 21:55:23.120 [info] > git rev-parse --show-toplevel [8ms]
2024-11-01 21:55:23.120 [info] fatal: not a git repository (or any of the parent directories): .git
2024-11-01 21:55:23.137 [info] > git rev-parse --show-toplevel [3ms]
2024-11-01 21:55:23.137 [info] fatal: not a git repository (or any of the parent directories): .git
2024-11-01 21:55:23.161 [info] > git rev-parse --show-toplevel [10ms]
2024-11-01 21:55:23.161 [info] fatal: not a git repository (or any of the parent directories): .git
2024-11-01 21:55:23.177 [info] > git rev-parse --show-toplevel [3ms]
2024-11-01 21:55:23.178 [info] fatal: not a git repository (or any of the parent directories): .git
2024-11-01 21:55:23.194 [info] > git rev-parse --show-toplevel [3ms]
2024-11-01 21:55:23.194 [info] fatal: not a git repository (or any of the parent directories): .git
2024-11-01 21:55:23.210 [info] > git rev-parse --show-toplevel [3ms]
2024-11-01 21:55:23.211 [info] fatal: not a git repository (or any of the parent directories): .git
2024-11-01 21:55:23.228 [info] > git rev-parse --show-toplevel [3ms]
2024-11-01 21:55:23.228 [info] fatal: not a git repository (or any of the parent directories): .git
2024-11-01 21:55:23.246 [info] > git rev-parse --show-toplevel [5ms]
2024-11-01 21:55:23.246 [info] fatal: not a git repository (or any of the parent directories): .git
2024-11-01 21:55:23.263 [info] > git rev-parse --show-toplevel [3ms]
2024-11-01 21:55:23.264 [info] fatal: not a git repository (or any of the parent directories): .git
2024-11-01 21:55:23.281 [info] > git rev-parse --show-toplevel [4ms]
2024-11-01 21:55:23.281 [info] fatal: not a git repository (or any of the parent directories): .git
2024-11-01 21:55:23.297 [info] > git rev-parse --show-toplevel [3ms]
2024-11-01 21:55:23.297 [info] fatal: not a git repository (or any of the parent directories): .git
2024-11-01 21:55:23.314 [info] > git rev-parse --show-toplevel [2ms]
2024-11-01 21:55:23.314 [info] fatal: not a git repository (or any of the parent directories): .git
2024-11-01 21:55:23.331 [info] > git rev-parse --show-toplevel [3ms]
2024-11-01 21:55:23.331 [info] fatal: not a git repository (or any of the parent directories): .git
2024-11-01 21:55:23.348 [info] > git rev-parse --show-toplevel [3ms]
2024-11-01 21:55:23.348 [info] fatal: not a git repository (or any of the parent directories): .git
2024-11-01 21:55:23.365 [info] > git rev-parse --show-toplevel [3ms]
2024-11-01 21:55:23.365 [info] fatal: not a git repository (or any of the parent directories): .git
2024-11-01 21:55:23.383 [info] > git rev-parse --show-toplevel [3ms]
2024-11-01 21:55:23.383 [info] fatal: not a git repository (or any of the parent directories): .git
2024-11-01 21:55:23.399 [info] > git rev-parse --show-toplevel [3ms]
2024-11-01 21:55:23.400 [info] fatal: not a git repository (or any of the parent directories): .git
2024-11-01 21:55:23.419 [info] > git rev-parse --show-toplevel [5ms]
2024-11-01 21:55:23.419 [info] fatal: not a git repository (or any of the parent directories): .git
2024-11-01 21:55:23.436 [info] > git rev-parse --show-toplevel [3ms]
2024-11-01 21:55:23.437 [info] fatal: not a git repository (or any of the parent directories): .git
2024-11-01 21:55:23.453 [info] > git rev-parse --show-toplevel [3ms]
2024-11-01 21:55:23.453 [info] fatal: not a git repository (or any of the parent directories): .git
2024-11-01 21:55:23.471 [info] > git rev-parse --show-toplevel [1ms]
2024-11-01 21:55:23.471 [info] fatal: not a git repository (or any of the parent directories): .git
2024-11-01 21:55:23.487 [info] > git rev-parse --show-toplevel [3ms]
2024-11-01 21:55:23.487 [info] fatal: not a git repository (or any of the parent directories): .git
2024-11-01 21:55:23.506 [info] > git rev-parse --show-toplevel [3ms]
2024-11-01 21:55:23.506 [info] fatal: not a git repository (or any of the parent directories): .git
2024-11-01 21:55:23.524 [info] > git rev-parse --show-toplevel [4ms]
2024-11-01 21:55:23.524 [info] fatal: not a git repository (or any of the parent directories): .git
2024-11-01 21:55:23.544 [info] > git rev-parse --show-toplevel [6ms]
2024-11-01 21:55:23.544 [info] fatal: not a git repository (or any of the parent directories): .git
2024-11-01 21:55:23.562 [info] > git rev-parse --show-toplevel [3ms]
2024-11-01 21:55:23.562 [info] fatal: not a git repository (or any of the parent directories): .git
2024-11-01 21:55:23.581 [info] > git rev-parse --show-toplevel [6ms]
2024-11-01 21:55:23.582 [info] fatal: not a git repository (or any of the parent directories): .git
2024-11-01 21:55:23.598 [info] > git rev-parse --show-toplevel [4ms]
2024-11-01 21:55:23.598 [info] fatal: not a git repository (or any of the parent directories): .git
2024-11-01 21:55:23.615 [info] > git rev-parse --show-toplevel [3ms]
2024-11-01 21:55:23.615 [info] fatal: not a git repository (or any of the parent directories): .git
2024-11-01 21:55:23.631 [info] > git rev-parse --show-toplevel [3ms]
2024-11-01 21:55:23.631 [info] fatal: not a git repository (or any of the parent directories): .git
2024-11-01 21:55:23.648 [info] > git rev-parse --show-toplevel [3ms]
2024-11-01 21:55:23.648 [info] fatal: not a git repository (or any of the parent directories): .git
2024-11-01 21:55:23.701 [info] > git rev-parse --show-toplevel [37ms]
2024-11-01 21:55:23.720 [info] > git rev-parse --git-dir --git-common-dir [4ms]
2024-11-01 21:55:23.766 [info] [Model][openRepository] Opened repository: /home/zaryu/.config/nvim-bak
2024-11-01 21:55:23.833 [info] > git rev-parse --show-toplevel [15ms]
2024-11-01 21:55:23.833 [info] fatal: not a git repository (or any of the parent directories): .git
2024-11-01 21:55:23.868 [info] > git config --get commit.template [64ms]
2024-11-01 21:55:23.877 [info] > git rev-parse --show-toplevel [11ms]
2024-11-01 21:55:23.877 [info] fatal: not a git repository (or any of the parent directories): .git
2024-11-01 21:55:23.878 [info] > git for-each-ref --format=%(refname)%00%(upstream:short)%00%(objectname)%00%(upstream:track)%00%(upstream:remotename)%00%(upstream:remoteref) refs/heads/master refs/remotes/master [29ms]
2024-11-01 21:55:23.913 [warning] [Git][revParse] Unable to read file: ENOENT: no such file or directory, open '/home/zaryu/.config/nvim-bak/.git/refs/remotes/origin/master'
2024-11-01 21:55:23.928 [info] > git rev-parse refs/remotes/origin/master [16ms]
2024-11-01 21:55:23.963 [info] > git rev-parse --show-toplevel [67ms]
2024-11-01 21:55:23.963 [info] fatal: not a git repository (or any of the parent directories): .git
2024-11-01 21:55:23.985 [info] > git rev-parse --show-toplevel [8ms]
2024-11-01 21:55:23.985 [info] fatal: not a git repository (or any of the parent directories): .git
2024-11-01 21:55:23.986 [info] > git for-each-ref --sort -committerdate --format %(refname) %(objectname) %(*objectname) [24ms]
2024-11-01 21:55:24.024 [info] > git status -z -uall [80ms]
2024-11-01 21:55:24.205 [info] > git for-each-ref --format=%(refname)%00%(upstream:short)%00%(objectname)%00%(upstream:track)%00%(upstream:remotename)%00%(upstream:remoteref) refs/heads/master refs/remotes/master [139ms]
2024-11-01 21:55:24.223 [info] > git rev-parse --show-toplevel [218ms]
2024-11-01 21:55:24.223 [info] fatal: not a git repository (or any of the parent directories): .git
2024-11-01 21:55:24.255 [info] > git config --get commit.template [65ms]
2024-11-01 21:55:24.311 [info] > git config --local branch.master.vscode-merge-base [89ms]
2024-11-01 21:55:25.404 [info] > git for-each-ref --format=%(refname)%00%(upstream:short)%00%(objectname)%00%(upstream:track)%00%(upstream:remotename)%00%(upstream:remoteref) refs/heads/origin/master refs/remotes/origin/master [1075ms]
2024-11-01 21:55:25.458 [info] > git rev-parse --show-toplevel [1187ms]
2024-11-01 21:55:25.458 [info] fatal: not a git repository (or any of the parent directories): .git
2024-11-01 21:55:25.892 [info] > git check-ignore -v -z --stdin [120ms]
2024-11-01 21:55:25.895 [info] > git merge-base refs/heads/master refs/remotes/origin/master [469ms]
2024-11-01 21:55:25.915 [info] > git for-each-ref --format=%(refname)%00%(upstream:short)%00%(objectname)%00%(upstream:track)%00%(upstream:remotename)%00%(upstream:remoteref) refs/heads/master refs/remotes/master [1403ms]
2024-11-01 21:55:25.980 [warning] [Git][revParse] Unable to read file: ENOENT: no such file or directory, open '/home/zaryu/.config/nvim-bak/.git/refs/remotes/origin/master'
2024-11-01 21:55:25.984 [info] > git diff --name-status -z --diff-filter=ADMR 4120893b8a1f31a0957f2f891f7fbef73ddfb9b1...refs/remotes/origin/master [70ms]
2024-11-01 21:55:25.988 [info] > git rev-parse --show-toplevel [99ms]
2024-11-01 21:55:25.988 [info] fatal: not a git repository (or any of the parent directories): .git
2024-11-01 21:55:26.095 [info] > git rev-parse refs/remotes/origin/master [116ms]
2024-11-01 21:55:26.153 [info] > git status -z -uall [42ms]
2024-11-01 21:55:26.154 [info] > git for-each-ref --sort -committerdate --format %(refname) %(objectname) %(*objectname) [24ms]
2024-11-01 21:55:26.168 [info] > git rev-parse --show-toplevel [74ms]
2024-11-01 21:55:26.258 [info] > git rev-parse --git-dir --git-common-dir [61ms]
2024-11-01 21:55:26.276 [info] [Model][openRepository] Opened repository: /home/zaryu/.config/ranger
2024-11-01 21:55:26.339 [info] > git rev-parse --show-toplevel [14ms]
2024-11-01 21:55:26.339 [info] fatal: not a git repository (or any of the parent directories): .git
2024-11-01 21:55:26.340 [info] > git config --get commit.template [31ms]
2024-11-01 21:55:26.387 [info] > git rev-parse --show-toplevel [26ms]
2024-11-01 21:55:26.388 [info] fatal: not a git repository (or any of the parent directories): .git
2024-11-01 21:55:26.416 [info] > git rev-parse --show-toplevel [7ms]
2024-11-01 21:55:26.419 [info] fatal: not a git repository (or any of the parent directories): .git
2024-11-01 21:55:26.469 [info] > git for-each-ref --format=%(refname)%00%(upstream:short)%00%(objectname)%00%(upstream:track)%00%(upstream:remotename)%00%(upstream:remoteref) refs/heads/main refs/remotes/main [85ms]
2024-11-01 21:55:26.509 [warning] [Git][revParse] Unable to read file: ENOENT: no such file or directory, open '/home/zaryu/.config/ranger/.git/refs/remotes/origin/main'
2024-11-01 21:55:26.515 [info] > git rev-parse --show-toplevel [56ms]
2024-11-01 21:55:26.515 [info] fatal: not a git repository (or any of the parent directories): .git
2024-11-01 21:55:26.610 [info] > git rev-parse refs/remotes/origin/main [100ms]
2024-11-01 21:55:26.651 [info] > git status -z -uall [22ms]
2024-11-01 21:55:26.653 [info] > git rev-parse --show-toplevel [104ms]
2024-11-01 21:55:26.653 [info] fatal: not a git repository (or any of the parent directories): .git
2024-11-01 21:55:26.672 [info] > git for-each-ref --sort -committerdate --format %(refname) %(objectname) %(*objectname) [26ms]
2024-11-01 21:55:26.864 [info] > git for-each-ref --format=%(refname)%00%(upstream:short)%00%(objectname)%00%(upstream:track)%00%(upstream:remotename)%00%(upstream:remoteref) refs/heads/main refs/remotes/main [163ms]
2024-11-01 21:55:26.884 [info] > git rev-parse --show-toplevel [213ms]
2024-11-01 21:55:26.884 [info] fatal: not a git repository (or any of the parent directories): .git
2024-11-01 21:55:27.073 [info] > git config --local branch.main.vscode-merge-base [191ms]
2024-11-01 21:55:27.074 [warning] [Git][config] git config failed: Failed to execute git
2024-11-01 21:55:27.092 [info] > git config --get commit.template [363ms]
2024-11-01 21:55:27.193 [info] > git check-ignore -v -z --stdin [83ms]
2024-11-01 21:55:27.195 [info] > git check-ignore -v -z --stdin [67ms]
2024-11-01 21:55:27.199 [info] > git reflog main --grep-reflog=branch: Created from *. [106ms]
2024-11-01 21:55:27.216 [info] > git rev-parse --show-toplevel [207ms]
2024-11-01 21:55:27.216 [info] fatal: not a git repository (or any of the parent directories): .git
2024-11-01 21:55:27.865 [info] > git rev-parse --show-toplevel [183ms]
2024-11-01 21:55:27.865 [info] fatal: not a git repository (or any of the parent directories): .git
2024-11-01 21:55:27.866 [info] > git for-each-ref --format=%(refname)%00%(upstream:short)%00%(objectname)%00%(upstream:track)%00%(upstream:remotename)%00%(upstream:remoteref) refs/heads/main refs/remotes/main [620ms]
2024-11-01 21:55:27.866 [info] > git symbolic-ref --short refs/remotes/origin/HEAD [650ms]
2024-11-01 21:55:27.929 [warning] [Git][revParse] Unable to read file: ENOENT: no such file or directory, open '/home/zaryu/.config/ranger/.git/refs/remotes/origin/main'
2024-11-01 21:55:27.935 [info] > git for-each-ref --format=%(refname)%00%(upstream:short)%00%(objectname)%00%(upstream:track)%00%(upstream:remotename)%00%(upstream:remoteref) refs/heads/origin/main refs/remotes/origin/main [52ms]
2024-11-01 21:55:27.958 [info] > git rev-parse refs/remotes/origin/main [29ms]
2024-11-01 21:55:27.996 [info] > git rev-parse --show-toplevel [85ms]
2024-11-01 21:55:27.996 [info] fatal: not a git repository (or any of the parent directories): .git
2024-11-01 21:55:28.018 [info] > git status -z -uall [42ms]
2024-11-01 21:55:28.019 [info] > git for-each-ref --sort -committerdate --format %(refname) %(objectname) %(*objectname) [24ms]
2024-11-01 21:55:28.047 [info] > git config --local branch.main.vscode-merge-base origin/main [94ms]
2024-11-01 21:55:28.076 [info] > git for-each-ref --format=%(refname)%00%(upstream:short)%00%(objectname)%00%(upstream:track)%00%(upstream:remotename)%00%(upstream:remoteref) refs/heads/main refs/remotes/main [31ms]
2024-11-01 21:55:28.096 [info] > git rev-parse --show-toplevel [80ms]
2024-11-01 21:55:28.097 [info] fatal: not a git repository (or any of the parent directories): .git
2024-11-01 21:55:28.123 [info] > git config --local branch.main.vscode-merge-base [27ms]
2024-11-01 21:55:28.143 [info] > git config --get commit.template [71ms]
2024-11-01 21:55:28.152 [info] > git for-each-ref --format=%(refname)%00%(upstream:short)%00%(objectname)%00%(upstream:track)%00%(upstream:remotename)%00%(upstream:remoteref) refs/heads/origin/main refs/remotes/origin/main [10ms]
2024-11-01 21:55:28.175 [info] > git rev-parse --show-toplevel [55ms]
2024-11-01 21:55:28.175 [info] fatal: not a git repository (or any of the parent directories): .git
2024-11-01 21:55:28.216 [info] > git merge-base refs/heads/main refs/remotes/origin/main [43ms]
2024-11-01 21:55:28.244 [info] > git rev-parse --show-toplevel [30ms]
2024-11-01 21:55:28.244 [info] fatal: not a git repository (or any of the parent directories): .git
2024-11-01 21:55:28.245 [info] > git for-each-ref --format=%(refname)%00%(upstream:short)%00%(objectname)%00%(upstream:track)%00%(upstream:remotename)%00%(upstream:remoteref) refs/heads/main refs/remotes/main [48ms]
2024-11-01 21:55:28.282 [warning] [Git][revParse] Unable to read file: ENOENT: no such file or directory, open '/home/zaryu/.config/ranger/.git/refs/remotes/origin/main'
2024-11-01 21:55:28.283 [info] > git diff --name-status -z --diff-filter=ADMR 1d2090baaff293e4d6dbcd611f75713e8dde6937...refs/remotes/origin/main [48ms]
2024-11-01 21:55:28.289 [info] > git rev-parse refs/remotes/origin/main [8ms]
2024-11-01 21:55:28.326 [info] > git rev-parse --show-toplevel [62ms]
2024-11-01 21:55:28.326 [info] fatal: not a git repository (or any of the parent directories): .git
2024-11-01 21:55:28.328 [info] [Model][doInitialScan] Initial repository scan completed - repositories (2), closed repositories (1), parent repositories (0), unsafe repositories (0)
2024-11-01 21:55:28.335 [info] > git status -z -uall [28ms]
2024-11-01 21:55:28.336 [info] > git for-each-ref --sort -committerdate --format %(refname) %(objectname) %(*objectname) [11ms]
2024-11-01 21:55:29.680 [info] > git config --get commit.template [45ms]
2024-11-01 21:55:29.816 [info] > git for-each-ref --format=%(refname)%00%(upstream:short)%00%(objectname)%00%(upstream:track)%00%(upstream:remotename)%00%(upstream:remoteref) refs/heads/main refs/remotes/main [16ms]
2024-11-01 21:55:29.843 [warning] [Git][revParse] Unable to read file: ENOENT: no such file or directory, open '/home/zaryu/.config/ranger/.git/refs/remotes/origin/main'
2024-11-01 21:55:29.846 [info] > git rev-parse refs/remotes/origin/main [3ms]
2024-11-01 21:55:29.903 [info] > git status -z -uall [34ms]
2024-11-01 21:55:29.904 [info] > git for-each-ref --sort -committerdate --format %(refname) %(objectname) %(*objectname) [4ms]
2024-11-01 21:55:36.832 [info] > git rev-parse --show-toplevel [8ms]
2024-11-01 21:55:36.832 [info] fatal: not a git repository (or any of the parent directories): .git
2024-11-01 21:55:53.071 [info] > git rev-parse --show-toplevel [12ms]
2024-11-01 21:55:53.072 [info] fatal: not a git repository (or any of the parent directories): .git
2024-11-01 21:56:06.401 [info] > git rev-parse --show-toplevel [6ms]
2024-11-01 21:56:06.402 [info] fatal: not a git repository (or any of the parent directories): .git
2024-11-01 21:56:32.800 [info] > git rev-parse --show-toplevel [13ms]
2024-11-01 21:56:32.800 [info] fatal: not a git repository (or any of the parent directories): .git
2024-11-01 21:56:38.810 [info] > git rev-parse --show-toplevel [29ms]
2024-11-01 21:56:38.810 [info] fatal: not a git repository (or any of the parent directories): .git
2024-11-01 21:56:43.241 [info] > git rev-parse --show-toplevel [21ms]
2024-11-01 21:56:43.241 [info] fatal: not a git repository (or any of the parent directories): .git
2024-11-01 21:56:46.238 [info] > git rev-parse --show-toplevel [15ms]
2024-11-01 21:56:46.238 [info] fatal: not a git repository (or any of the parent directories): .git
2024-11-01 21:56:49.666 [info] > git rev-parse --show-toplevel [15ms]
2024-11-01 21:56:49.666 [info] fatal: not a git repository (or any of the parent directories): .git
2024-11-01 21:56:51.956 [info] > git rev-parse --show-toplevel [17ms]
2024-11-01 21:56:51.956 [info] fatal: not a git repository (or any of the parent directories): .git
2024-11-01 21:56:54.488 [info] > git rev-parse --show-toplevel [21ms]
2024-11-01 21:56:54.488 [info] fatal: not a git repository (or any of the parent directories): .git
2024-11-01 21:56:59.824 [info] > git rev-parse --show-toplevel [29ms]
2024-11-01 21:56:59.824 [info] fatal: not a git repository (or any of the parent directories): .git
2024-11-01 21:58:19.472 [info] > git rev-parse --show-toplevel [6ms]
2024-11-01 21:58:19.472 [info] fatal: not a git repository (or any of the parent directories): .git
2024-11-01 21:58:26.195 [info] > git rev-parse --show-toplevel [16ms]
2024-11-01 21:58:26.196 [info] fatal: not a git repository (or any of the parent directories): .git
2024-11-01 21:58:29.381 [info] > git rev-parse --show-toplevel [17ms]
2024-11-01 21:58:29.381 [info] fatal: not a git repository (or any of the parent directories): .git
2024-11-01 21:58:31.534 [info] > git rev-parse --show-toplevel [4ms]
2024-11-01 21:58:31.534 [info] fatal: not a git repository (or any of the parent directories): .git
2024-11-01 21:58:46.044 [info] > git rev-parse --show-toplevel [11ms]
2024-11-01 21:58:46.044 [info] fatal: not a git repository (or any of the parent directories): .git
2024-11-01 21:59:09.418 [info] > git rev-parse --show-toplevel [19ms]
2024-11-01 21:59:09.418 [info] fatal: not a git repository (or any of the parent directories): .git
2024-11-01 21:59:11.358 [info] > git rev-parse --show-toplevel [16ms]
2024-11-01 21:59:11.358 [info] fatal: not a git repository (or any of the parent directories): .git
2024-11-01 21:59:13.927 [info] > git rev-parse --show-toplevel [14ms]
2024-11-01 21:59:13.927 [info] fatal: not a git repository (or any of the parent directories): .git
2024-11-01 21:59:21.704 [info] > git rev-parse --show-toplevel [18ms]
2024-11-01 21:59:21.705 [info] fatal: not a git repository (or any of the parent directories): .git
2024-11-01 21:59:23.704 [info] > git rev-parse --show-toplevel [17ms]
2024-11-01 21:59:23.704 [info] fatal: not a git repository (or any of the parent directories): .git
2024-11-01 21:59:26.960 [info] > git rev-parse --show-toplevel [12ms]
2024-11-01 21:59:26.960 [info] fatal: not a git repository (or any of the parent directories): .git
2024-11-01 21:59:29.937 [info] > git rev-parse --show-toplevel [15ms]
2024-11-01 21:59:29.937 [info] fatal: not a git repository (or any of the parent directories): .git
2024-11-01 21:59:32.512 [info] > git rev-parse --show-toplevel [22ms]
2024-11-01 21:59:32.512 [info] fatal: not a git repository (or any of the parent directories): .git
2024-11-01 22:00:14.653 [info] > git rev-parse --show-toplevel [6ms]
2024-11-01 22:00:14.653 [info] fatal: not a git repository (or any of the parent directories): .git
2024-11-01 22:00:20.155 [info] > git rev-parse --show-toplevel [26ms]
2024-11-01 22:00:20.155 [info] fatal: not a git repository (or any of the parent directories): .git
2024-11-01 22:01:14.161 [info] > git rev-parse --show-toplevel [7ms]
2024-11-01 22:01:14.161 [info] fatal: not a git repository (or any of the parent directories): .git
2024-11-01 22:01:14.237 [info] > git rev-parse --show-toplevel [40ms]
2024-11-01 22:01:14.237 [info] fatal: not a git repository (or any of the parent directories): .git
2024-11-01 22:02:48.752 [info] > git rev-parse --show-toplevel [8ms]
2024-11-01 22:02:48.752 [info] fatal: not a git repository (or any of the parent directories): .git
2024-11-01 22:02:48.786 [info] > git rev-parse --show-toplevel [4ms]
2024-11-01 22:02:48.786 [info] fatal: not a git repository (or any of the parent directories): .git
2024-11-01 22:02:48.817 [info] > git rev-parse --show-toplevel [7ms]
2024-11-01 22:02:48.817 [info] fatal: not a git repository (or any of the parent directories): .git
2024-11-01 22:02:50.129 [info] > git rev-parse --show-toplevel [6ms]
2024-11-01 22:02:50.129 [info] fatal: not a git repository (or any of the parent directories): .git
2024-11-01 22:02:50.202 [info] > git rev-parse --show-toplevel [20ms]
2024-11-01 22:02:50.202 [info] fatal: not a git repository (or any of the parent directories): .git
2024-11-01 22:02:50.233 [info] > git rev-parse --show-toplevel [4ms]
2024-11-01 22:02:50.234 [info] fatal: not a git repository (or any of the parent directories): .git
2024-11-01 22:02:51.062 [info] > git rev-parse --show-toplevel [5ms]
2024-11-01 22:02:51.062 [info] fatal: not a git repository (or any of the parent directories): .git
