2024-11-06 10:06:02.956 [info] Added views:outline in workbench.view.explorer
2024-11-06 10:06:02.956 [info] Added views:workbench.view.search in workbench.view.search
2024-11-06 10:06:02.956 [info] Added views:workbench.scm in workbench.view.scm
2024-11-06 10:06:02.956 [info] Added views:workbench.panel.markers.view in workbench.panel.markers
2024-11-06 10:06:02.956 [info] Added views:workbench.panel.output in workbench.panel.output
2024-11-06 10:06:02.956 [info] Added views:terminal in terminal
2024-11-06 10:06:02.956 [info] Added views:timeline in workbench.view.explorer
2024-11-06 10:06:02.956 [info] Added views:workbench.explorer.fileView in workbench.view.explorer
2024-11-06 10:06:04.673 [info] Added views:workbench.debug.variablesView,workbench.debug.watchExpressionsView,workbench.debug.callStackView,workbench.debug.breakPointsView in workbench.view.debug
2024-11-06 10:06:07.874 [info] Added views:cody.chat in workbench.view.extension.cody
2024-11-06 10:06:08.195 [info] Added views:~remote.forwardedPorts in ~remote.forwardedPortsContainer
2024-11-06 10:06:10.254 [info] Added views:workbench.panel.repl.view in workbench.panel.repl
2024-11-06 10:06:10.265 [info] Removed views:workbench.debug.breakPointsView,workbench.debug.callStackView,workbench.debug.watchExpressionsView,workbench.debug.variablesView from workbench.view.debug
2024-11-06 10:06:10.278 [info] Added views:workbench.debug.welcome in workbench.view.debug
2024-11-06 10:06:11.649 [info] Added views:workbench.scm.repositories,workbench.scm.history in workbench.view.scm
2024-11-06 10:06:46.113 [info] Added views:workbench.views.extensions.installed,workbench.views.extensions.popular,extensions.recommendedList in workbench.view.extensions
2024-11-06 10:06:46.121 [info] Removed views:workbench.views.extensions.popular from workbench.view.extensions
2024-11-06 10:06:48.936 [info] Removed views:extensions.recommendedList,workbench.views.extensions.installed from workbench.view.extensions
2024-11-06 10:06:48.970 [info] Added views:workbench.views.extensions.marketplace in workbench.view.extensions
2024-11-06 10:14:30.078 [info] Removed views:workbench.scm.history,workbench.scm.repositories from workbench.view.scm
2024-11-06 10:14:31.206 [info] Removed views:workbench.panel.repl.view from workbench.panel.repl
2024-11-06 10:14:32.157 [info] Added views:workbench.panel.repl.view in workbench.panel.repl
2024-11-06 10:14:37.124 [info] Added views:workbench.scm.repositories,workbench.scm.history in workbench.view.scm
2024-11-06 13:39:20.530 [info] Removed views:workbench.scm.history,workbench.scm.repositories from workbench.view.scm
