2024-11-19 10:43:31.927 [info] Extension host with pid 2250 started
2024-11-19 10:43:31.927 [info] Skipping acquiring lock for /home/zaryu/.config/Code - OSS/User/workspaceStorage/af7e5132bc7f071ecb72be41a34baefd.
2024-11-19 10:43:32.647 [info] ExtensionService#_doActivateExtension vscode.git-base, startup: true, activationEvent: '*', root cause: vscode.git
2024-11-19 10:43:32.726 [info] ExtensionService#_doActivateExtension arrterian.nix-env-selector, startup: true, activationEvent: '*'
2024-11-19 10:43:33.163 [info] ExtensionService#_doActivateExtension vscode.git, startup: true, activationEvent: '*'
2024-11-19 10:43:33.419 [info] ExtensionService#_doActivateExtension vscode.github, startup: true, activationEvent: '*'
2024-11-19 10:43:33.716 [info] Eager extensions activated
2024-11-19 10:43:33.892 [info] ExtensionService#_doActivateExtension vscode.debug-auto-launch, startup: false, activationEvent: 'onStartupFinished'
2024-11-19 10:43:33.902 [info] ExtensionService#_doActivateExtension vscode.merge-conflict, startup: false, activationEvent: 'onStartupFinished'
2024-11-19 10:43:33.981 [info] ExtensionService#_doActivateExtension jnoortheen.nix-ide, startup: false, activationEvent: 'onStartupFinished'
2024-11-19 10:43:34.204 [info] ExtensionService#_doActivateExtension sourcegraph.cody-ai, startup: false, activationEvent: 'onStartupFinished'
2024-11-19 10:43:37.684 [info] ExtensionService#_doActivateExtension vscode.emmet, startup: false, activationEvent: 'onLanguage'
2024-11-19 10:43:42.238 [info] ExtensionService#_doActivateExtension vscode.configuration-editing, startup: false, activationEvent: 'onLanguage:jsonc'
2024-11-19 10:43:42.291 [info] ExtensionService#_doActivateExtension vscode.json-language-features, startup: false, activationEvent: 'onLanguage:jsonc'
2024-11-19 10:43:42.587 [info] ExtensionService#_doActivateExtension vscode.typescript-language-features, startup: false, activationEvent: 'onLanguage:jsonc'
2024-11-19 10:57:26.978 [info] Extension host terminating: renderer closed the MessagePort
2024-11-19 10:57:27.071 [error] TypeError: Cannot read properties of undefined (reading 'dispose')
	at _d (/home/zaryu/.vscode-oss/extensions/jnoortheen.nix-ide-0.3.5-universal/dist/extension.js:44:45688)
	at Object.Fw (/home/zaryu/.vscode-oss/extensions/jnoortheen.nix-ide-0.3.5-universal/dist/extension.js:44:46543)
	at z_.eb (file:///usr/lib/code/out/vs/workbench/api/node/extensionHostProcess.js:118:11724)
	at file:///usr/lib/code/out/vs/workbench/api/node/extensionHostProcess.js:118:9874
	at Array.map (<anonymous>)
	at z_.$ (file:///usr/lib/code/out/vs/workbench/api/node/extensionHostProcess.js:118:9862)
	at z_.terminate (file:///usr/lib/code/out/vs/workbench/api/node/extensionHostProcess.js:118:10105)
	at EC.terminate (file:///usr/lib/code/out/vs/workbench/api/node/extensionHostProcess.js:119:1424)
	at Zi (file:///usr/lib/code/out/vs/workbench/api/node/extensionHostProcess.js:174:15063)
	at MessagePortMain.<anonymous> (file:///usr/lib/code/out/vs/workbench/api/node/extensionHostProcess.js:174:11611)
	at MessagePortMain.emit (node:events:519:28)
	at MessagePortMain.emit (node:domain:488:12)
	at MessagePortMain._internalPort.emit (node:electron/js2c/utility_init:2:2949)
	at Object.topLevelDomainCallback (node:domain:160:15)
	at Object.callbackTrampoline (node:internal/async_hooks:128:24)
2024-11-19 10:57:27.177 [info] Extension host with pid 2250 exiting with code 0
