2024-10-31 01:05:57.727 [info] [main] Log level: Info
2024-10-31 01:05:57.727 [info] [main] Validating found git in: "git"
2024-10-31 01:05:57.727 [info] [main] Using git "2.47.0" from "git"
2024-10-31 01:05:57.727 [info] [Model][doInitialScan] Initial repository scan started
2024-10-31 01:05:57.727 [info] > git rev-parse --show-toplevel [110ms]
2024-10-31 01:05:57.727 [info] fatal: not a git repository (or any of the parent directories): .git
2024-10-31 01:05:57.727 [info] > git rev-parse --show-toplevel [348ms]
2024-10-31 01:05:57.727 [info] fatal: not a git repository (or any of the parent directories): .git
2024-10-31 01:05:57.727 [info] > git rev-parse --show-toplevel [64ms]
2024-10-31 01:05:57.727 [info] fatal: not a git repository (or any of the parent directories): .git
2024-10-31 01:05:57.788 [info] > git rev-parse --show-toplevel [14ms]
2024-10-31 01:05:57.788 [info] fatal: not a git repository (or any of the parent directories): .git
2024-10-31 01:05:57.848 [info] > git rev-parse --show-toplevel [3ms]
2024-10-31 01:05:57.848 [info] fatal: not a git repository (or any of the parent directories): .git
2024-10-31 01:05:57.875 [info] > git rev-parse --show-toplevel [6ms]
2024-10-31 01:05:57.875 [info] fatal: not a git repository (or any of the parent directories): .git
2024-10-31 01:05:57.900 [info] > git rev-parse --show-toplevel [6ms]
2024-10-31 01:05:57.900 [info] fatal: not a git repository (or any of the parent directories): .git
2024-10-31 01:05:57.919 [info] > git rev-parse --show-toplevel [4ms]
2024-10-31 01:05:57.919 [info] fatal: not a git repository (or any of the parent directories): .git
2024-10-31 01:05:57.954 [info] > git rev-parse --show-toplevel [13ms]
2024-10-31 01:05:57.954 [info] fatal: not a git repository (or any of the parent directories): .git
2024-10-31 01:05:57.975 [info] > git rev-parse --show-toplevel [4ms]
2024-10-31 01:05:57.975 [info] fatal: not a git repository (or any of the parent directories): .git
2024-10-31 01:05:57.998 [info] > git rev-parse --show-toplevel [5ms]
2024-10-31 01:05:57.998 [info] fatal: not a git repository (or any of the parent directories): .git
2024-10-31 01:05:58.018 [info] > git rev-parse --show-toplevel [5ms]
2024-10-31 01:05:58.018 [info] fatal: not a git repository (or any of the parent directories): .git
2024-10-31 01:05:58.054 [info] > git rev-parse --show-toplevel [10ms]
2024-10-31 01:05:58.054 [info] fatal: not a git repository (or any of the parent directories): .git
2024-10-31 01:05:58.833 [info] > git rev-parse --show-toplevel [638ms]
2024-10-31 01:05:58.833 [info] fatal: not a git repository (or any of the parent directories): .git
2024-10-31 01:05:58.909 [info] > git rev-parse --show-toplevel [12ms]
2024-10-31 01:05:58.909 [info] fatal: not a git repository (or any of the parent directories): .git
2024-10-31 01:05:58.932 [info] > git rev-parse --show-toplevel [3ms]
2024-10-31 01:05:58.932 [info] fatal: not a git repository (or any of the parent directories): .git
2024-10-31 01:05:58.954 [info] > git rev-parse --show-toplevel [4ms]
2024-10-31 01:05:58.954 [info] fatal: not a git repository (or any of the parent directories): .git
2024-10-31 01:05:59.038 [info] > git rev-parse --show-toplevel [66ms]
2024-10-31 01:05:59.038 [info] fatal: not a git repository (or any of the parent directories): .git
2024-10-31 01:05:59.058 [info] > git rev-parse --show-toplevel [3ms]
2024-10-31 01:05:59.058 [info] fatal: not a git repository (or any of the parent directories): .git
2024-10-31 01:05:59.077 [info] > git rev-parse --show-toplevel [5ms]
2024-10-31 01:05:59.077 [info] fatal: not a git repository (or any of the parent directories): .git
2024-10-31 01:05:59.097 [info] > git rev-parse --show-toplevel [5ms]
2024-10-31 01:05:59.097 [info] fatal: not a git repository (or any of the parent directories): .git
2024-10-31 01:05:59.115 [info] > git rev-parse --show-toplevel [2ms]
2024-10-31 01:05:59.115 [info] fatal: not a git repository (or any of the parent directories): .git
2024-10-31 01:05:59.136 [info] > git rev-parse --show-toplevel [3ms]
2024-10-31 01:05:59.136 [info] fatal: not a git repository (or any of the parent directories): .git
2024-10-31 01:05:59.154 [info] > git rev-parse --show-toplevel [3ms]
2024-10-31 01:05:59.154 [info] fatal: not a git repository (or any of the parent directories): .git
2024-10-31 01:05:59.175 [info] > git rev-parse --show-toplevel [5ms]
2024-10-31 01:05:59.175 [info] fatal: not a git repository (or any of the parent directories): .git
2024-10-31 01:05:59.195 [info] > git rev-parse --show-toplevel [3ms]
2024-10-31 01:05:59.196 [info] fatal: not a git repository (or any of the parent directories): .git
2024-10-31 01:05:59.217 [info] > git rev-parse --show-toplevel [5ms]
2024-10-31 01:05:59.217 [info] fatal: not a git repository (or any of the parent directories): .git
2024-10-31 01:05:59.240 [info] > git rev-parse --show-toplevel [4ms]
2024-10-31 01:05:59.240 [info] fatal: not a git repository (or any of the parent directories): .git
2024-10-31 01:05:59.259 [info] > git rev-parse --show-toplevel [4ms]
2024-10-31 01:05:59.259 [info] fatal: not a git repository (or any of the parent directories): .git
2024-10-31 01:05:59.281 [info] > git rev-parse --show-toplevel [3ms]
2024-10-31 01:05:59.282 [info] fatal: not a git repository (or any of the parent directories): .git
2024-10-31 01:05:59.309 [info] > git rev-parse --show-toplevel [2ms]
2024-10-31 01:05:59.309 [info] fatal: not a git repository (or any of the parent directories): .git
2024-10-31 01:05:59.342 [info] > git rev-parse --show-toplevel [10ms]
2024-10-31 01:05:59.342 [info] fatal: not a git repository (or any of the parent directories): .git
2024-10-31 01:05:59.390 [info] > git rev-parse --show-toplevel [1ms]
2024-10-31 01:05:59.390 [info] fatal: not a git repository (or any of the parent directories): .git
2024-10-31 01:05:59.633 [info] > git rev-parse --show-toplevel [222ms]
2024-10-31 01:05:59.633 [info] fatal: not a git repository (or any of the parent directories): .git
2024-10-31 01:06:00.945 [info] > git rev-parse --show-toplevel [1211ms]
2024-10-31 01:06:00.945 [info] fatal: not a git repository (or any of the parent directories): .git
2024-10-31 01:06:00.973 [info] > git rev-parse --show-toplevel [4ms]
2024-10-31 01:06:00.973 [info] fatal: not a git repository (or any of the parent directories): .git
2024-10-31 01:06:01.005 [info] > git rev-parse --show-toplevel [15ms]
2024-10-31 01:06:01.005 [info] fatal: not a git repository (or any of the parent directories): .git
2024-10-31 01:06:01.027 [info] > git rev-parse --show-toplevel [4ms]
2024-10-31 01:06:01.027 [info] fatal: not a git repository (or any of the parent directories): .git
2024-10-31 01:06:01.089 [info] > git rev-parse --show-toplevel [43ms]
2024-10-31 01:06:01.116 [info] > git rev-parse --git-dir --git-common-dir [5ms]
2024-10-31 01:06:01.170 [info] [Model][openRepository] Opened repository: /home/zaryu/.config/nvim-bak
2024-10-31 01:06:01.232 [info] > git rev-parse --show-toplevel [17ms]
2024-10-31 01:06:01.232 [info] fatal: not a git repository (or any of the parent directories): .git
2024-10-31 01:06:01.256 [info] > git config --get commit.template [57ms]
2024-10-31 01:06:01.285 [info] > git rev-parse --show-toplevel [31ms]
2024-10-31 01:06:01.285 [info] fatal: not a git repository (or any of the parent directories): .git
2024-10-31 01:06:01.321 [info] > git rev-parse --show-toplevel [7ms]
2024-10-31 01:06:01.321 [info] fatal: not a git repository (or any of the parent directories): .git
2024-10-31 01:06:01.322 [info] > git for-each-ref --format=%(refname)%00%(upstream:short)%00%(objectname)%00%(upstream:track)%00%(upstream:remotename)%00%(upstream:remoteref) refs/heads/master refs/remotes/master [41ms]
2024-10-31 01:06:01.373 [warning] [Git][revParse] Unable to read file: ENOENT: no such file or directory, open '/home/zaryu/.config/nvim-bak/.git/refs/remotes/origin/master'
2024-10-31 01:06:01.375 [info] > git rev-parse --show-toplevel [23ms]
2024-10-31 01:06:01.376 [info] fatal: not a git repository (or any of the parent directories): .git
2024-10-31 01:06:01.398 [info] > git rev-parse refs/remotes/origin/master [26ms]
2024-10-31 01:06:01.497 [info] > git status -z -uall [75ms]
2024-10-31 01:06:01.531 [info] > git rev-parse --show-toplevel [134ms]
2024-10-31 01:06:01.531 [info] fatal: not a git repository (or any of the parent directories): .git
2024-10-31 01:06:01.642 [info] > git for-each-ref --sort -committerdate --format %(refname) %(objectname) %(*objectname) [196ms]
2024-10-31 01:06:01.805 [info] > git for-each-ref --format=%(refname)%00%(upstream:short)%00%(objectname)%00%(upstream:track)%00%(upstream:remotename)%00%(upstream:remoteref) refs/heads/master refs/remotes/master [121ms]
2024-10-31 01:06:01.826 [info] > git rev-parse --show-toplevel [189ms]
2024-10-31 01:06:01.826 [info] fatal: not a git repository (or any of the parent directories): .git
2024-10-31 01:06:01.872 [info] > git config --local branch.master.vscode-merge-base [47ms]
2024-10-31 01:06:01.898 [info] > git config --get commit.template [96ms]
2024-10-31 01:06:02.063 [info] > git for-each-ref --format=%(refname)%00%(upstream:short)%00%(objectname)%00%(upstream:track)%00%(upstream:remotename)%00%(upstream:remoteref) refs/heads/origin/master refs/remotes/origin/master [166ms]
2024-10-31 01:06:02.117 [info] > git rev-parse --show-toplevel [248ms]
2024-10-31 01:06:02.118 [info] fatal: not a git repository (or any of the parent directories): .git
2024-10-31 01:06:02.169 [info] > git merge-base refs/heads/master refs/remotes/origin/master [82ms]
2024-10-31 01:06:02.198 [info] > git diff --name-status -z --diff-filter=ADMR 4120893b8a1f31a0957f2f891f7fbef73ddfb9b1...refs/remotes/origin/master [7ms]
2024-10-31 01:06:02.201 [info] > git rev-parse --show-toplevel [34ms]
2024-10-31 01:06:02.201 [info] fatal: not a git repository (or any of the parent directories): .git
2024-10-31 01:06:02.202 [info] > git for-each-ref --format=%(refname)%00%(upstream:short)%00%(objectname)%00%(upstream:track)%00%(upstream:remotename)%00%(upstream:remoteref) refs/heads/master refs/remotes/master [54ms]
2024-10-31 01:06:02.247 [warning] [Git][revParse] Unable to read file: ENOENT: no such file or directory, open '/home/zaryu/.config/nvim-bak/.git/refs/remotes/origin/master'
2024-10-31 01:06:02.250 [info] > git rev-parse --show-toplevel [21ms]
2024-10-31 01:06:02.250 [info] fatal: not a git repository (or any of the parent directories): .git
2024-10-31 01:06:02.277 [info] > git rev-parse refs/remotes/origin/master [31ms]
2024-10-31 01:06:02.379 [info] > git status -z -uall [84ms]
2024-10-31 01:06:02.381 [info] > git for-each-ref --sort -committerdate --format %(refname) %(objectname) %(*objectname) [66ms]
2024-10-31 01:06:02.398 [info] > git rev-parse --show-toplevel [122ms]
2024-10-31 01:06:02.398 [info] fatal: not a git repository (or any of the parent directories): .git
2024-10-31 01:06:02.429 [info] > git rev-parse --show-toplevel [7ms]
2024-10-31 01:06:02.429 [info] fatal: not a git repository (or any of the parent directories): .git
2024-10-31 01:06:02.453 [info] > git rev-parse --show-toplevel [3ms]
2024-10-31 01:06:02.453 [info] fatal: not a git repository (or any of the parent directories): .git
2024-10-31 01:06:02.475 [info] > git rev-parse --show-toplevel [4ms]
2024-10-31 01:06:02.475 [info] fatal: not a git repository (or any of the parent directories): .git
2024-10-31 01:06:02.499 [info] > git rev-parse --show-toplevel [3ms]
2024-10-31 01:06:02.499 [info] fatal: not a git repository (or any of the parent directories): .git
2024-10-31 01:06:02.521 [info] > git rev-parse --show-toplevel [2ms]
2024-10-31 01:06:02.522 [info] fatal: not a git repository (or any of the parent directories): .git
2024-10-31 01:06:02.544 [info] > git rev-parse --show-toplevel [4ms]
2024-10-31 01:06:02.544 [info] fatal: not a git repository (or any of the parent directories): .git
2024-10-31 01:06:02.567 [info] > git rev-parse --show-toplevel [3ms]
2024-10-31 01:06:02.567 [info] fatal: not a git repository (or any of the parent directories): .git
2024-10-31 01:06:02.589 [info] > git rev-parse --show-toplevel [4ms]
2024-10-31 01:06:02.589 [info] fatal: not a git repository (or any of the parent directories): .git
2024-10-31 01:06:02.612 [info] > git rev-parse --show-toplevel [4ms]
2024-10-31 01:06:02.613 [info] fatal: not a git repository (or any of the parent directories): .git
2024-10-31 01:06:02.634 [info] > git rev-parse --show-toplevel [4ms]
2024-10-31 01:06:02.634 [info] fatal: not a git repository (or any of the parent directories): .git
2024-10-31 01:06:02.636 [info] [Model][doInitialScan] Initial repository scan completed - repositories (1), closed repositories (1), parent repositories (0), unsafe repositories (0)
2024-10-31 01:06:51.528 [info] > git rev-parse --show-toplevel [9ms]
2024-10-31 01:06:51.528 [info] fatal: not a git repository (or any of the parent directories): .git
2024-10-31 01:06:58.420 [info] > git rev-parse --show-toplevel [13ms]
2024-10-31 01:06:58.421 [info] fatal: not a git repository (or any of the parent directories): .git
2024-10-31 01:09:42.516 [info] > git rev-parse --show-toplevel [75ms]
2024-10-31 01:09:42.549 [info] fatal: not a git repository (or any of the parent directories): .git
2024-10-31 01:20:36.808 [info] > git rev-parse --show-toplevel [48ms]
2024-10-31 01:20:36.810 [info] fatal: not a git repository (or any of the parent directories): .git
2024-10-31 01:20:42.762 [info] > git rev-parse --show-toplevel [41ms]
2024-10-31 01:20:42.762 [info] fatal: not a git repository (or any of the parent directories): .git
2024-10-31 01:20:58.578 [info] > git rev-parse --show-toplevel [17ms]
2024-10-31 01:20:58.579 [info] fatal: not a git repository (or any of the parent directories): .git
2024-10-31 01:23:49.011 [info] > git rev-parse --show-toplevel [8ms]
2024-10-31 01:23:49.012 [info] fatal: not a git repository (or any of the parent directories): .git
2024-10-31 01:24:20.182 [info] > git rev-parse --show-toplevel [23ms]
2024-10-31 01:24:20.182 [info] fatal: not a git repository (or any of the parent directories): .git
2024-10-31 01:25:54.906 [info] > git rev-parse --show-toplevel [66ms]
2024-10-31 01:25:54.907 [info] fatal: not a git repository (or any of the parent directories): .git
2024-10-31 01:26:04.731 [info] > git rev-parse --show-toplevel [23ms]
2024-10-31 01:26:04.731 [info] fatal: not a git repository (or any of the parent directories): .git
2024-10-31 01:31:01.326 [info] > git rev-parse --show-toplevel [40ms]
2024-10-31 01:31:01.326 [info] fatal: not a git repository (or any of the parent directories): .git
2024-10-31 01:31:03.769 [info] > git rev-parse --show-toplevel [34ms]
2024-10-31 01:31:03.769 [info] fatal: not a git repository (or any of the parent directories): .git
2024-10-31 01:31:06.969 [info] > git rev-parse --show-toplevel [45ms]
2024-10-31 01:31:06.969 [info] fatal: not a git repository (or any of the parent directories): .git
2024-10-31 01:31:11.328 [info] > git rev-parse --show-toplevel [30ms]
2024-10-31 01:31:11.328 [info] fatal: not a git repository (or any of the parent directories): .git
2024-10-31 01:31:12.194 [info] > git rev-parse --show-toplevel [47ms]
2024-10-31 01:31:12.195 [info] fatal: not a git repository (or any of the parent directories): .git
2024-10-31 01:31:25.939 [info] > git rev-parse --show-toplevel [34ms]
2024-10-31 01:31:25.939 [info] fatal: not a git repository (or any of the parent directories): .git
2024-10-31 01:31:33.233 [info] > git rev-parse --show-toplevel [45ms]
2024-10-31 01:31:33.233 [info] fatal: not a git repository (or any of the parent directories): .git
2024-10-31 01:32:06.907 [info] > git rev-parse --show-toplevel [19ms]
2024-10-31 01:32:06.907 [info] fatal: not a git repository (or any of the parent directories): .git
2024-10-31 01:32:33.507 [info] > git rev-parse --show-toplevel [11ms]
2024-10-31 01:32:33.507 [info] fatal: not a git repository (or any of the parent directories): .git
2024-10-31 01:32:33.540 [info] > git rev-parse --show-toplevel [6ms]
2024-10-31 01:32:33.540 [info] fatal: not a git repository (or any of the parent directories): .git
2024-10-31 01:32:58.580 [info] > git rev-parse --show-toplevel [24ms]
2024-10-31 01:32:58.580 [info] fatal: not a git repository (or any of the parent directories): .git
2024-10-31 01:32:58.619 [info] > git rev-parse --show-toplevel [5ms]
2024-10-31 01:32:58.619 [info] fatal: not a git repository (or any of the parent directories): .git
2024-10-31 01:33:06.112 [info] > git rev-parse --show-toplevel [3ms]
2024-10-31 01:33:06.115 [info] fatal: not a git repository (or any of the parent directories): .git
2024-10-31 01:33:22.804 [info] > git rev-parse --show-toplevel [6ms]
2024-10-31 01:33:22.804 [info] fatal: not a git repository (or any of the parent directories): .git
2024-10-31 01:33:22.839 [info] > git rev-parse --show-toplevel [7ms]
2024-10-31 01:33:22.839 [info] fatal: not a git repository (or any of the parent directories): .git
2024-10-31 01:33:29.364 [info] > git rev-parse --show-toplevel [9ms]
2024-10-31 01:33:29.364 [info] fatal: not a git repository (or any of the parent directories): .git
2024-10-31 01:34:07.685 [info] > git rev-parse --show-toplevel [58ms]
2024-10-31 01:34:07.696 [info] fatal: not a git repository (or any of the parent directories): .git
2024-10-31 01:34:17.983 [info] > git rev-parse --show-toplevel [31ms]
2024-10-31 01:34:17.984 [info] fatal: not a git repository (or any of the parent directories): .git
2024-10-31 01:34:21.881 [info] > git rev-parse --show-toplevel [76ms]
2024-10-31 01:34:21.881 [info] fatal: not a git repository (or any of the parent directories): .git
2024-10-31 01:34:25.787 [info] > git rev-parse --show-toplevel [6ms]
2024-10-31 01:34:25.787 [info] fatal: not a git repository (or any of the parent directories): .git
2024-10-31 01:34:25.825 [info] > git rev-parse --show-toplevel [7ms]
2024-10-31 01:34:25.825 [info] fatal: not a git repository (or any of the parent directories): .git
2024-10-31 01:34:30.858 [info] > git rev-parse --show-toplevel [7ms]
2024-10-31 01:34:30.858 [info] fatal: not a git repository (or any of the parent directories): .git
2024-10-31 01:34:32.954 [info] > git rev-parse --show-toplevel [24ms]
2024-10-31 01:34:32.955 [info] fatal: not a git repository (or any of the parent directories): .git
2024-10-31 01:35:07.040 [info] > git rev-parse --show-toplevel [14ms]
2024-10-31 01:35:07.070 [info] fatal: not a git repository (or any of the parent directories): .git
2024-10-31 01:35:10.701 [info] > git rev-parse --show-toplevel [9ms]
2024-10-31 01:35:10.701 [info] fatal: not a git repository (or any of the parent directories): .git
2024-10-31 01:35:10.740 [info] > git rev-parse --show-toplevel [6ms]
2024-10-31 01:35:10.740 [info] fatal: not a git repository (or any of the parent directories): .git
2024-10-31 01:35:14.154 [info] > git rev-parse --show-toplevel [14ms]
2024-10-31 01:35:14.154 [info] fatal: not a git repository (or any of the parent directories): .git
2024-10-31 01:35:14.307 [info] > git rev-parse --show-toplevel [41ms]
2024-10-31 01:35:14.307 [info] fatal: not a git repository (or any of the parent directories): .git
2024-10-31 01:35:51.682 [info] > git rev-parse --show-toplevel [43ms]
2024-10-31 01:35:51.683 [info] fatal: not a git repository (or any of the parent directories): .git
2024-10-31 01:36:13.628 [info] > git rev-parse --show-toplevel [26ms]
2024-10-31 01:36:13.628 [info] fatal: not a git repository (or any of the parent directories): .git
2024-10-31 01:36:53.598 [info] > git rev-parse --show-toplevel [8ms]
2024-10-31 01:36:53.599 [info] fatal: not a git repository (or any of the parent directories): .git
2024-10-31 01:37:14.475 [info] > git rev-parse --show-toplevel [17ms]
2024-10-31 01:37:14.475 [info] fatal: not a git repository (or any of the parent directories): .git
2024-10-31 01:42:58.712 [info] > git rev-parse --show-toplevel [12ms]
2024-10-31 01:42:58.712 [info] fatal: not a git repository (or any of the parent directories): .git
2024-10-31 01:44:04.161 [info] > git rev-parse --show-toplevel [16ms]
2024-10-31 01:44:04.161 [info] fatal: not a git repository (or any of the parent directories): .git
2024-10-31 01:44:05.180 [info] > git rev-parse --show-toplevel [26ms]
2024-10-31 01:44:05.181 [info] fatal: not a git repository (or any of the parent directories): .git
2024-10-31 01:44:08.260 [info] > git rev-parse --show-toplevel [18ms]
2024-10-31 01:44:08.260 [info] fatal: not a git repository (or any of the parent directories): .git
2024-10-31 01:44:14.148 [info] > git rev-parse --show-toplevel [21ms]
2024-10-31 01:44:14.149 [info] fatal: not a git repository (or any of the parent directories): .git
2024-10-31 01:44:22.519 [info] > git rev-parse --show-toplevel [19ms]
2024-10-31 01:44:22.520 [info] fatal: not a git repository (or any of the parent directories): .git
2024-10-31 01:44:45.505 [info] > git rev-parse --show-toplevel [15ms]
2024-10-31 01:44:45.505 [info] fatal: not a git repository (or any of the parent directories): .git
2024-10-31 01:45:33.178 [info] > git rev-parse --show-toplevel [19ms]
2024-10-31 01:45:33.179 [info] fatal: not a git repository (or any of the parent directories): .git
2024-10-31 01:46:04.967 [info] > git rev-parse --show-toplevel [22ms]
2024-10-31 01:46:04.967 [info] fatal: not a git repository (or any of the parent directories): .git
2024-10-31 01:47:42.721 [info] > git rev-parse --show-toplevel [27ms]
2024-10-31 01:47:42.721 [info] fatal: not a git repository (or any of the parent directories): .git
2024-10-31 01:47:48.769 [info] > git rev-parse --show-toplevel [21ms]
2024-10-31 01:47:48.770 [info] fatal: not a git repository (or any of the parent directories): .git
2024-10-31 01:49:19.974 [info] > git rev-parse --show-toplevel [18ms]
2024-10-31 01:49:19.974 [info] fatal: not a git repository (or any of the parent directories): .git
2024-10-31 01:49:21.215 [info] > git rev-parse --show-toplevel [25ms]
2024-10-31 01:49:21.216 [info] fatal: not a git repository (or any of the parent directories): .git
2024-10-31 01:49:25.429 [info] > git rev-parse --show-toplevel [17ms]
2024-10-31 01:49:25.429 [info] fatal: not a git repository (or any of the parent directories): .git
2024-10-31 01:51:34.814 [info] > git rev-parse --show-toplevel [38ms]
2024-10-31 01:51:34.814 [info] fatal: not a git repository (or any of the parent directories): .git
2024-10-31 01:54:37.424 [info] > git rev-parse --show-toplevel [33ms]
2024-10-31 01:54:37.424 [info] fatal: not a git repository (or any of the parent directories): .git
2024-10-31 02:02:32.350 [info] > git rev-parse --show-toplevel [60ms]
2024-10-31 02:02:32.352 [info] fatal: not a git repository (or any of the parent directories): .git
2024-10-31 02:02:43.616 [info] > git rev-parse --show-toplevel [27ms]
2024-10-31 02:02:43.617 [info] fatal: not a git repository (or any of the parent directories): .git
2024-10-31 02:03:13.996 [info] > git rev-parse --show-toplevel [19ms]
2024-10-31 02:03:13.997 [info] fatal: not a git repository (or any of the parent directories): .git
2024-10-31 02:03:37.223 [info] > git rev-parse --show-toplevel [17ms]
2024-10-31 02:03:37.223 [info] fatal: not a git repository (or any of the parent directories): .git
2024-10-31 02:04:10.952 [info] > git rev-parse --show-toplevel [22ms]
2024-10-31 02:04:10.952 [info] fatal: not a git repository (or any of the parent directories): .git
2024-10-31 02:05:22.198 [info] > git rev-parse --show-toplevel [38ms]
2024-10-31 02:05:22.198 [info] fatal: not a git repository (or any of the parent directories): .git
2024-10-31 02:05:57.407 [info] > git rev-parse --show-toplevel [11ms]
2024-10-31 02:05:57.407 [info] fatal: not a git repository (or any of the parent directories): .git
2024-10-31 02:09:08.114 [info] > git rev-parse --show-toplevel [15ms]
2024-10-31 02:09:08.114 [info] fatal: not a git repository (or any of the parent directories): .git
2024-10-31 02:09:11.439 [info] > git rev-parse --show-toplevel [21ms]
2024-10-31 02:09:11.439 [info] fatal: not a git repository (or any of the parent directories): .git
2024-10-31 02:09:12.836 [info] > git rev-parse --show-toplevel [28ms]
2024-10-31 02:09:12.836 [info] fatal: not a git repository (or any of the parent directories): .git
2024-10-31 02:10:14.352 [info] > git rev-parse --show-toplevel [18ms]
2024-10-31 02:10:14.352 [info] fatal: not a git repository (or any of the parent directories): .git
2024-10-31 02:12:18.723 [info] > git rev-parse --show-toplevel [24ms]
2024-10-31 02:12:18.723 [info] fatal: not a git repository (or any of the parent directories): .git
2024-10-31 02:12:56.097 [info] > git rev-parse --show-toplevel [26ms]
2024-10-31 02:12:56.097 [info] fatal: not a git repository (or any of the parent directories): .git
2024-10-31 02:14:10.925 [info] > git rev-parse --show-toplevel [26ms]
2024-10-31 02:14:10.925 [info] fatal: not a git repository (or any of the parent directories): .git
2024-10-31 02:14:12.978 [info] > git rev-parse --show-toplevel [20ms]
2024-10-31 02:14:12.978 [info] fatal: not a git repository (or any of the parent directories): .git
2024-10-31 02:14:32.336 [info] > git rev-parse --show-toplevel [21ms]
2024-10-31 02:14:32.336 [info] fatal: not a git repository (or any of the parent directories): .git
2024-10-31 02:15:59.023 [info] > git rev-parse --show-toplevel [22ms]
2024-10-31 02:15:59.023 [info] fatal: not a git repository (or any of the parent directories): .git
2024-10-31 02:16:07.939 [info] > git rev-parse --show-toplevel [14ms]
2024-10-31 02:16:07.940 [info] fatal: not a git repository (or any of the parent directories): .git
2024-10-31 02:16:50.488 [info] > git rev-parse --show-toplevel [31ms]
2024-10-31 02:16:50.488 [info] fatal: not a git repository (or any of the parent directories): .git
2024-10-31 02:16:58.908 [info] > git rev-parse --show-toplevel [18ms]
2024-10-31 02:16:58.909 [info] fatal: not a git repository (or any of the parent directories): .git
2024-10-31 02:19:55.231 [info] > git rev-parse --show-toplevel [7ms]
2024-10-31 02:19:55.258 [info] fatal: not a git repository (or any of the parent directories): .git
2024-10-31 02:19:58.495 [info] > git rev-parse --show-toplevel [19ms]
2024-10-31 02:19:58.495 [info] fatal: not a git repository (or any of the parent directories): .git
2024-10-31 02:19:59.708 [info] > git rev-parse --show-toplevel [30ms]
2024-10-31 02:19:59.709 [info] fatal: not a git repository (or any of the parent directories): .git
2024-10-31 02:20:00.742 [info] > git rev-parse --show-toplevel [20ms]
2024-10-31 02:20:00.743 [info] fatal: not a git repository (or any of the parent directories): .git
2024-10-31 02:23:34.905 [info] > git rev-parse --show-toplevel [23ms]
2024-10-31 02:23:34.905 [info] fatal: not a git repository (or any of the parent directories): .git
2024-10-31 02:24:01.102 [info] > git rev-parse --show-toplevel [28ms]
2024-10-31 02:24:01.104 [info] fatal: not a git repository (or any of the parent directories): .git
2024-10-31 02:24:31.585 [info] > git rev-parse --show-toplevel [23ms]
2024-10-31 02:24:31.585 [info] fatal: not a git repository (or any of the parent directories): .git
2024-10-31 02:26:20.784 [info] > git rev-parse --show-toplevel [45ms]
2024-10-31 02:26:20.784 [info] fatal: not a git repository (or any of the parent directories): .git
2024-10-31 02:26:32.724 [info] > git rev-parse --show-toplevel [23ms]
2024-10-31 02:26:32.724 [info] fatal: not a git repository (or any of the parent directories): .git
2024-10-31 02:26:39.055 [info] > git rev-parse --show-toplevel [19ms]
2024-10-31 02:26:39.055 [info] fatal: not a git repository (or any of the parent directories): .git
2024-10-31 02:26:58.978 [info] > git rev-parse --show-toplevel [18ms]
2024-10-31 02:26:58.978 [info] fatal: not a git repository (or any of the parent directories): .git
2024-10-31 02:30:14.775 [info] > git rev-parse --show-toplevel [19ms]
2024-10-31 02:30:14.776 [info] fatal: not a git repository (or any of the parent directories): .git
2024-10-31 02:36:25.502 [info] > git rev-parse --show-toplevel [15ms]
2024-10-31 02:36:25.502 [info] fatal: not a git repository (or any of the parent directories): .git
2024-10-31 02:36:39.955 [info] > git rev-parse --show-toplevel [49ms]
2024-10-31 02:36:39.955 [info] fatal: not a git repository (or any of the parent directories): .git
2024-10-31 02:37:06.623 [info] > git rev-parse --show-toplevel [32ms]
2024-10-31 02:37:06.623 [info] fatal: not a git repository (or any of the parent directories): .git
2024-10-31 02:37:38.827 [info] > git rev-parse --show-toplevel [39ms]
2024-10-31 02:37:38.827 [info] fatal: not a git repository (or any of the parent directories): .git
2024-10-31 02:37:40.148 [info] > git rev-parse --show-toplevel [34ms]
2024-10-31 02:37:40.149 [info] fatal: not a git repository (or any of the parent directories): .git
2024-10-31 02:38:31.159 [info] > git rev-parse --show-toplevel [33ms]
2024-10-31 02:38:31.159 [info] fatal: not a git repository (or any of the parent directories): .git
2024-10-31 02:38:34.079 [info] > git rev-parse --show-toplevel [26ms]
2024-10-31 02:38:34.081 [info] fatal: not a git repository (or any of the parent directories): .git
2024-10-31 02:38:53.220 [info] > git rev-parse --show-toplevel [21ms]
2024-10-31 02:38:53.220 [info] fatal: not a git repository (or any of the parent directories): .git
2024-10-31 02:39:13.519 [info] > git rev-parse --show-toplevel [22ms]
2024-10-31 02:39:13.519 [info] fatal: not a git repository (or any of the parent directories): .git
2024-10-31 02:39:24.791 [info] > git rev-parse --show-toplevel [20ms]
2024-10-31 02:39:24.791 [info] fatal: not a git repository (or any of the parent directories): .git
2024-10-31 02:39:52.833 [info] > git rev-parse --show-toplevel [23ms]
2024-10-31 02:39:52.833 [info] fatal: not a git repository (or any of the parent directories): .git
2024-10-31 02:40:13.494 [info] > git rev-parse --show-toplevel [30ms]
2024-10-31 02:40:13.494 [info] fatal: not a git repository (or any of the parent directories): .git
2024-10-31 02:40:43.864 [info] > git rev-parse --show-toplevel [25ms]
2024-10-31 02:40:43.865 [info] fatal: not a git repository (or any of the parent directories): .git
2024-10-31 02:41:31.089 [info] > git rev-parse --show-toplevel [41ms]
2024-10-31 02:41:31.089 [info] fatal: not a git repository (or any of the parent directories): .git
2024-10-31 02:42:43.758 [info] > git rev-parse --show-toplevel [23ms]
2024-10-31 02:42:43.759 [info] fatal: not a git repository (or any of the parent directories): .git
2024-10-31 02:42:44.030 [info] > git rev-parse --show-toplevel [17ms]
2024-10-31 02:42:44.030 [info] fatal: not a git repository (or any of the parent directories): .git
2024-10-31 02:42:44.221 [info] > git rev-parse --show-toplevel [19ms]
2024-10-31 02:42:44.221 [info] fatal: not a git repository (or any of the parent directories): .git
