2024-11-06 10:06:11.497 [info] [main] Log level: Info
2024-11-06 10:06:11.497 [info] [main] Validating found git in: "git"
2024-11-06 10:06:11.497 [info] [main] Using git "2.47.0" from "git"
2024-11-06 10:06:11.497 [info] [Model][doInitialScan] Initial repository scan started
2024-11-06 10:06:11.497 [info] > git rev-parse --show-toplevel [26ms]
2024-11-06 10:06:11.497 [info] > git rev-parse --git-dir --git-common-dir [9ms]
2024-11-06 10:06:11.497 [info] [Model][openRepository] Opened repository: /home/zaryu/ZHALL_ABSTRACT/nixos-config-hz
2024-11-06 10:06:11.566 [info] > git config --get commit.template [36ms]
2024-11-06 10:06:11.587 [info] > git rev-parse --show-toplevel [34ms]
2024-11-06 10:06:15.206 [info] > git rev-parse --show-toplevel [326ms]
2024-11-06 10:06:15.207 [info] > git for-each-ref --format=%(refname)%00%(upstream:short)%00%(objectname)%00%(upstream:track)%00%(upstream:remotename)%00%(upstream:remoteref) refs/heads/main refs/remotes/main [344ms]
2024-11-06 10:06:15.395 [warning] [Git][revParse] Unable to read file: ENOENT: no such file or directory, open '/home/zaryu/ZHALL_ABSTRACT/nixos-config-hz/.git/refs/remotes/origin/main'
2024-11-06 10:06:15.832 [info] > git check-ignore -v -z --stdin [399ms]
2024-11-06 10:06:15.844 [info] > git rev-parse refs/remotes/origin/main [448ms]
2024-11-06 10:06:15.888 [info] > git rev-parse --show-toplevel [523ms]
2024-11-06 10:06:16.011 [info] > git status -z -uall [147ms]
2024-11-06 10:06:16.012 [info] > git for-each-ref --sort -committerdate --format %(refname) %(objectname) %(*objectname) [126ms]
2024-11-06 10:06:16.097 [info] > git for-each-ref --format=%(refname)%00%(upstream:short)%00%(objectname)%00%(upstream:track)%00%(upstream:remotename)%00%(upstream:remoteref) refs/heads/main refs/remotes/main [40ms]
2024-11-06 10:06:16.113 [info] > git rev-parse --show-toplevel [107ms]
2024-11-06 10:06:16.140 [info] > git config --local branch.main.vscode-merge-base [25ms]
2024-11-06 10:06:16.140 [warning] [Git][config] git config failed: Failed to execute git
2024-11-06 10:06:16.155 [info] > git config --get commit.template [62ms]
2024-11-06 10:06:16.603 [info] > git reflog main --grep-reflog=branch: Created from *. [448ms]
2024-11-06 10:06:16.620 [info] > git rev-parse --show-toplevel [484ms]
2024-11-06 10:06:16.629 [info] [Model][doInitialScan] Initial repository scan completed - repositories (1), closed repositories (0), parent repositories (0), unsafe repositories (0)
2024-11-06 10:06:16.702 [info] > git symbolic-ref --short refs/remotes/origin/HEAD [83ms]
2024-11-06 10:06:16.761 [info] > git for-each-ref --format=%(refname)%00%(upstream:short)%00%(objectname)%00%(upstream:track)%00%(upstream:remotename)%00%(upstream:remoteref) refs/heads/main refs/remotes/main [79ms]
2024-11-06 10:06:16.810 [warning] [Git][revParse] Unable to read file: ENOENT: no such file or directory, open '/home/zaryu/ZHALL_ABSTRACT/nixos-config-hz/.git/refs/remotes/origin/main'
2024-11-06 10:06:16.821 [info] > git for-each-ref --format=%(refname)%00%(upstream:short)%00%(objectname)%00%(upstream:track)%00%(upstream:remotename)%00%(upstream:remoteref) refs/heads/origin/main refs/remotes/origin/main [82ms]
2024-11-06 10:06:16.877 [info] > git rev-parse refs/remotes/origin/main [67ms]
2024-11-06 10:06:16.956 [info] > git for-each-ref --sort -committerdate --format %(refname) %(objectname) %(*objectname) [21ms]
2024-11-06 10:06:16.966 [info] > git config --local branch.main.vscode-merge-base origin/main [111ms]
2024-11-06 10:06:17.219 [info] > git status -z -uall [325ms] (cancelled)
2024-11-06 10:06:17.239 [info] > git for-each-ref --format=%(refname)%00%(upstream:short)%00%(objectname)%00%(upstream:track)%00%(upstream:remotename)%00%(upstream:remoteref) refs/heads/main refs/remotes/main [212ms]
2024-11-06 10:06:17.354 [info] > git config --local branch.main.vscode-merge-base [92ms]
2024-11-06 10:06:17.371 [info] > git config --get commit.template [271ms]
2024-11-06 10:06:17.628 [info] > git for-each-ref --format=%(refname)%00%(upstream:short)%00%(objectname)%00%(upstream:track)%00%(upstream:remotename)%00%(upstream:remoteref) refs/heads/origin/main refs/remotes/origin/main [257ms]
2024-11-06 10:06:17.726 [info] > git merge-base refs/heads/main refs/remotes/origin/main [71ms]
2024-11-06 10:06:17.747 [info] > git for-each-ref --format=%(refname)%00%(upstream:short)%00%(objectname)%00%(upstream:track)%00%(upstream:remotename)%00%(upstream:remoteref) refs/heads/main refs/remotes/main [226ms]
2024-11-06 10:06:18.633 [warning] [Git][revParse] Unable to read file: ENOENT: no such file or directory, open '/home/zaryu/ZHALL_ABSTRACT/nixos-config-hz/.git/refs/remotes/origin/main'
2024-11-06 10:06:18.640 [info] > git diff --name-status -z --diff-filter=ADMR 0324f60ab14f8551b72ea6078562813befc72786...refs/remotes/origin/main [894ms]
2024-11-06 10:06:18.957 [info] > git rev-parse refs/remotes/origin/main [325ms]
2024-11-06 10:06:19.101 [info] > git for-each-ref --sort -committerdate --format %(refname) %(objectname) %(*objectname) [107ms]
2024-11-06 10:06:19.338 [info] > git status -z -uall [364ms]
2024-11-06 10:06:20.990 [info] > git config --get commit.template [5ms]
2024-11-06 10:06:21.013 [info] > git for-each-ref --format=%(refname)%00%(upstream:short)%00%(objectname)%00%(upstream:track)%00%(upstream:remotename)%00%(upstream:remoteref) refs/heads/main refs/remotes/main [4ms]
2024-11-06 10:06:21.032 [warning] [Git][revParse] Unable to read file: ENOENT: no such file or directory, open '/home/zaryu/ZHALL_ABSTRACT/nixos-config-hz/.git/refs/remotes/origin/main'
2024-11-06 10:06:21.035 [info] > git rev-parse refs/remotes/origin/main [4ms]
2024-11-06 10:06:21.086 [info] > git status -z -uall [33ms]
2024-11-06 10:06:21.095 [info] > git for-each-ref --sort -committerdate --format %(refname) %(objectname) %(*objectname) [20ms]
2024-11-06 10:06:44.263 [info] > git ls-files --stage -- /home/zaryu/ZHALL_ABSTRACT/nixos-config-hz/flake.nix [4ms]
2024-11-06 10:06:44.289 [info] > git show --textconv :flake.nix [61ms]
2024-11-06 10:06:44.293 [info] > git cat-file -s cd4b3bceb9d8492e4977c42f8ed8ca130f5e2356 [7ms]
2024-11-06 10:14:37.042 [info] [main] Log level: Info
2024-11-06 10:14:37.042 [info] [main] Validating found git in: "git"
2024-11-06 10:14:37.042 [info] [main] Using git "2.47.0" from "git"
2024-11-06 10:14:37.042 [info] [Model][doInitialScan] Initial repository scan started
2024-11-06 10:14:37.042 [info] > git rev-parse --show-toplevel [288ms]
2024-11-06 10:14:37.087 [info] > git rev-parse --git-dir --git-common-dir [14ms]
2024-11-06 10:14:37.140 [info] [Model][openRepository] Opened repository: /home/zaryu/ZHALL_ABSTRACT/nixos-config-hz
2024-11-06 10:14:37.207 [info] > git config --get commit.template [34ms]
2024-11-06 10:14:37.222 [info] > git rev-parse --show-toplevel [23ms]
2024-11-06 10:14:37.300 [info] > git rev-parse --show-toplevel [37ms]
2024-11-06 10:14:37.301 [info] > git for-each-ref --format=%(refname)%00%(upstream:short)%00%(objectname)%00%(upstream:track)%00%(upstream:remotename)%00%(upstream:remoteref) refs/heads/main refs/remotes/main [58ms]
2024-11-06 10:14:37.427 [warning] [Git][revParse] Unable to read file: ENOENT: no such file or directory, open '/home/zaryu/ZHALL_ABSTRACT/nixos-config-hz/.git/refs/remotes/origin/main'
2024-11-06 10:14:37.440 [info] > git rev-parse --show-toplevel [30ms]
2024-11-06 10:14:37.552 [info] > git rev-parse refs/remotes/origin/main [125ms]
2024-11-06 10:14:37.599 [info] > git status -z -uall [26ms]
2024-11-06 10:14:37.602 [info] > git rev-parse --show-toplevel [62ms]
2024-11-06 10:14:38.412 [info] > git for-each-ref --sort -committerdate --format %(refname) %(objectname) %(*objectname) [817ms]
2024-11-06 10:14:38.872 [info] > git for-each-ref --format=%(refname)%00%(upstream:short)%00%(objectname)%00%(upstream:track)%00%(upstream:remotename)%00%(upstream:remoteref) refs/heads/main refs/remotes/main [418ms]
2024-11-06 10:14:38.913 [info] > git rev-parse --show-toplevel [500ms]
2024-11-06 10:14:38.915 [info] [Model][doInitialScan] Initial repository scan completed - repositories (1), closed repositories (0), parent repositories (0), unsafe repositories (0)
2024-11-06 10:14:38.940 [info] > git config --local branch.main.vscode-merge-base [30ms]
2024-11-06 10:14:38.963 [info] > git config --get commit.template [101ms]
2024-11-06 10:14:38.993 [info] > git for-each-ref --format=%(refname)%00%(upstream:short)%00%(objectname)%00%(upstream:track)%00%(upstream:remotename)%00%(upstream:remoteref) refs/heads/origin/main refs/remotes/origin/main [31ms]
2024-11-06 10:14:39.085 [info] > git merge-base refs/heads/main refs/remotes/origin/main [69ms]
2024-11-06 10:14:39.117 [info] > git diff --name-status -z --diff-filter=ADMR 0324f60ab14f8551b72ea6078562813befc72786...refs/remotes/origin/main [9ms]
2024-11-06 10:14:39.119 [info] > git for-each-ref --format=%(refname)%00%(upstream:short)%00%(objectname)%00%(upstream:track)%00%(upstream:remotename)%00%(upstream:remoteref) refs/heads/main refs/remotes/main [48ms]
2024-11-06 10:14:39.141 [warning] [Git][revParse] Unable to read file: ENOENT: no such file or directory, open '/home/zaryu/ZHALL_ABSTRACT/nixos-config-hz/.git/refs/remotes/origin/main'
2024-11-06 10:14:39.146 [info] > git rev-parse refs/remotes/origin/main [5ms]
2024-11-06 10:14:39.280 [info] > git status -z -uall [115ms]
2024-11-06 10:14:39.289 [info] > git for-each-ref --sort -committerdate --format %(refname) %(objectname) %(*objectname) [105ms]
2024-11-06 10:15:25.484 [info] > git check-ignore -v -z --stdin [4ms]
2024-11-06 10:15:30.305 [info] > git show --textconv :flake.nix [31ms]
2024-11-06 10:15:30.312 [info] > git ls-files --stage -- /home/zaryu/ZHALL_ABSTRACT/nixos-config-hz/flake.nix [12ms]
2024-11-06 10:15:30.359 [info] > git cat-file -s cd4b3bceb9d8492e4977c42f8ed8ca130f5e2356 [3ms]
2024-11-06 10:16:51.139 [info] > git show --textconv :flake.nix [2ms]
2024-11-06 10:16:51.171 [info] > git ls-files --stage -- /home/zaryu/ZHALL_ABSTRACT/nixos-config-hz/flake.nix [5ms]
2024-11-06 10:16:51.196 [info] > git cat-file -s cd4b3bceb9d8492e4977c42f8ed8ca130f5e2356 [4ms]
2024-11-06 10:17:04.292 [info] > git config --get commit.template [24ms]
2024-11-06 10:17:04.294 [info] > git for-each-ref --format=%(refname)%00%(upstream:short)%00%(objectname)%00%(upstream:track)%00%(upstream:remotename)%00%(upstream:remoteref) refs/heads/main refs/remotes/main [4ms]
2024-11-06 10:17:04.313 [warning] [Git][revParse] Unable to read file: ENOENT: no such file or directory, open '/home/zaryu/ZHALL_ABSTRACT/nixos-config-hz/.git/refs/remotes/origin/main'
2024-11-06 10:17:04.316 [info] > git rev-parse refs/remotes/origin/main [3ms]
2024-11-06 10:17:04.365 [info] > git status -z -uall [29ms]
2024-11-06 10:17:04.366 [info] > git for-each-ref --sort -committerdate --format %(refname) %(objectname) %(*objectname) [7ms]
2024-11-06 10:17:04.403 [info] > git ls-files --stage -- /home/zaryu/ZHALL_ABSTRACT/nixos-config-hz/flake.nix [5ms]
2024-11-06 10:17:04.426 [info] > git cat-file -s cd4b3bceb9d8492e4977c42f8ed8ca130f5e2356 [4ms]
2024-11-06 10:17:04.477 [info] > git show --textconv :flake.nix [5ms]
