2024-10-31 02:54:46.596 [info] [main] Log level: Info
2024-10-31 02:54:46.596 [info] [main] Validating found git in: "git"
2024-10-31 02:54:46.596 [info] [main] Using git "2.47.0" from "git"
2024-10-31 02:54:46.596 [info] [Model][doInitialScan] Initial repository scan started
2024-10-31 02:54:46.596 [info] > git rev-parse --show-toplevel [14ms]
2024-10-31 02:54:46.596 [info] fatal: not a git repository (or any of the parent directories): .git
2024-10-31 02:54:46.725 [info] > git rev-parse --show-toplevel [14ms]
2024-10-31 02:54:46.725 [info] fatal: not a git repository (or any of the parent directories): .git
2024-10-31 02:54:46.763 [info] > git rev-parse --show-toplevel [6ms]
2024-10-31 02:54:46.763 [info] fatal: not a git repository (or any of the parent directories): .git
2024-10-31 02:54:46.824 [info] > git rev-parse --show-toplevel [17ms]
2024-10-31 02:54:46.824 [info] fatal: not a git repository (or any of the parent directories): .git
2024-10-31 02:54:46.852 [info] > git rev-parse --show-toplevel [8ms]
2024-10-31 02:54:46.852 [info] fatal: not a git repository (or any of the parent directories): .git
2024-10-31 02:54:46.885 [info] > git rev-parse --show-toplevel [9ms]
2024-10-31 02:54:46.885 [info] fatal: not a git repository (or any of the parent directories): .git
2024-10-31 02:54:46.914 [info] > git rev-parse --show-toplevel [8ms]
2024-10-31 02:54:46.914 [info] fatal: not a git repository (or any of the parent directories): .git
2024-10-31 02:54:46.940 [info] > git rev-parse --show-toplevel [2ms]
2024-10-31 02:54:46.940 [info] fatal: not a git repository (or any of the parent directories): .git
2024-10-31 02:54:46.977 [info] > git rev-parse --show-toplevel [12ms]
2024-10-31 02:54:46.977 [info] fatal: not a git repository (or any of the parent directories): .git
2024-10-31 02:54:47.012 [info] > git rev-parse --show-toplevel [9ms]
2024-10-31 02:54:47.012 [info] fatal: not a git repository (or any of the parent directories): .git
2024-10-31 02:54:47.056 [info] > git rev-parse --show-toplevel [17ms]
2024-10-31 02:54:47.056 [info] fatal: not a git repository (or any of the parent directories): .git
2024-10-31 02:54:47.087 [info] > git rev-parse --show-toplevel [5ms]
2024-10-31 02:54:47.087 [info] fatal: not a git repository (or any of the parent directories): .git
2024-10-31 02:54:47.121 [info] > git rev-parse --show-toplevel [9ms]
2024-10-31 02:54:47.121 [info] fatal: not a git repository (or any of the parent directories): .git
2024-10-31 02:54:47.147 [info] > git rev-parse --show-toplevel [7ms]
2024-10-31 02:54:47.147 [info] fatal: not a git repository (or any of the parent directories): .git
2024-10-31 02:54:47.192 [info] > git rev-parse --show-toplevel [15ms]
2024-10-31 02:54:47.192 [info] fatal: not a git repository (or any of the parent directories): .git
2024-10-31 02:54:47.218 [info] > git rev-parse --show-toplevel [7ms]
2024-10-31 02:54:47.218 [info] fatal: not a git repository (or any of the parent directories): .git
2024-10-31 02:54:47.247 [info] > git rev-parse --show-toplevel [7ms]
2024-10-31 02:54:47.247 [info] fatal: not a git repository (or any of the parent directories): .git
2024-10-31 02:54:47.287 [info] > git rev-parse --show-toplevel [19ms]
2024-10-31 02:54:47.287 [info] fatal: not a git repository (or any of the parent directories): .git
2024-10-31 02:54:47.324 [info] > git rev-parse --show-toplevel [16ms]
2024-10-31 02:54:47.324 [info] fatal: not a git repository (or any of the parent directories): .git
2024-10-31 02:54:47.356 [info] > git rev-parse --show-toplevel [10ms]
2024-10-31 02:54:47.356 [info] fatal: not a git repository (or any of the parent directories): .git
2024-10-31 02:54:47.384 [info] > git rev-parse --show-toplevel [12ms]
2024-10-31 02:54:47.384 [info] fatal: not a git repository (or any of the parent directories): .git
2024-10-31 02:54:47.425 [info] > git rev-parse --show-toplevel [22ms]
2024-10-31 02:54:47.425 [info] fatal: not a git repository (or any of the parent directories): .git
2024-10-31 02:54:52.193 [info] > git rev-parse --show-toplevel [464ms]
2024-10-31 02:54:52.193 [info] fatal: not a git repository (or any of the parent directories): .git
2024-10-31 02:54:52.249 [info] > git rev-parse --show-toplevel [8ms]
2024-10-31 02:54:52.249 [info] fatal: not a git repository (or any of the parent directories): .git
2024-10-31 02:54:52.292 [info] > git rev-parse --show-toplevel [8ms]
2024-10-31 02:54:52.292 [info] fatal: not a git repository (or any of the parent directories): .git
2024-10-31 02:54:52.333 [info] > git rev-parse --show-toplevel [14ms]
2024-10-31 02:54:52.333 [info] fatal: not a git repository (or any of the parent directories): .git
2024-10-31 02:54:52.374 [info] > git rev-parse --show-toplevel [8ms]
2024-10-31 02:54:52.374 [info] fatal: not a git repository (or any of the parent directories): .git
2024-10-31 02:54:52.450 [info] > git rev-parse --show-toplevel [18ms]
2024-10-31 02:54:52.450 [info] fatal: not a git repository (or any of the parent directories): .git
2024-10-31 02:54:52.482 [info] > git rev-parse --show-toplevel [10ms]
2024-10-31 02:54:52.482 [info] fatal: not a git repository (or any of the parent directories): .git
2024-10-31 02:54:52.506 [info] > git rev-parse --show-toplevel [4ms]
2024-10-31 02:54:52.507 [info] fatal: not a git repository (or any of the parent directories): .git
2024-10-31 02:54:53.117 [info] > git rev-parse --show-toplevel [576ms]
2024-10-31 02:54:53.117 [info] fatal: not a git repository (or any of the parent directories): .git
2024-10-31 02:54:53.271 [info] > git rev-parse --show-toplevel [13ms]
2024-10-31 02:54:53.271 [info] fatal: not a git repository (or any of the parent directories): .git
2024-10-31 02:54:53.293 [info] > git rev-parse --show-toplevel [4ms]
2024-10-31 02:54:53.293 [info] fatal: not a git repository (or any of the parent directories): .git
2024-10-31 02:54:53.317 [info] > git rev-parse --show-toplevel [8ms]
2024-10-31 02:54:53.317 [info] fatal: not a git repository (or any of the parent directories): .git
2024-10-31 02:54:53.338 [info] > git rev-parse --show-toplevel [1ms]
2024-10-31 02:54:53.338 [info] fatal: not a git repository (or any of the parent directories): .git
2024-10-31 02:54:53.376 [info] > git rev-parse --show-toplevel [15ms]
2024-10-31 02:54:53.411 [info] > git rev-parse --git-dir --git-common-dir [9ms]
2024-10-31 02:54:53.501 [info] [Model][openRepository] Opened repository: /home/zaryu/.config/nvim-bak
2024-10-31 02:54:53.669 [info] > git rev-parse --show-toplevel [111ms]
2024-10-31 02:54:53.669 [info] fatal: not a git repository (or any of the parent directories): .git
2024-10-31 02:54:53.671 [info] > git config --get commit.template [131ms]
2024-10-31 02:54:53.734 [info] > git rev-parse --show-toplevel [27ms]
2024-10-31 02:54:53.734 [info] fatal: not a git repository (or any of the parent directories): .git
2024-10-31 02:54:53.769 [info] > git rev-parse --show-toplevel [6ms]
2024-10-31 02:54:53.770 [info] fatal: not a git repository (or any of the parent directories): .git
2024-10-31 02:54:53.810 [info] > git rev-parse --show-toplevel [5ms]
2024-10-31 02:54:53.810 [info] fatal: not a git repository (or any of the parent directories): .git
2024-10-31 02:54:53.816 [info] > git for-each-ref --format=%(refname)%00%(upstream:short)%00%(objectname)%00%(upstream:track)%00%(upstream:remotename)%00%(upstream:remoteref) refs/heads/master refs/remotes/master [86ms]
2024-10-31 02:54:53.866 [warning] [Git][revParse] Unable to read file: ENOENT: no such file or directory, open '/home/zaryu/.config/nvim-bak/.git/refs/remotes/origin/master'
2024-10-31 02:54:53.870 [info] > git rev-parse --show-toplevel [28ms]
2024-10-31 02:54:53.870 [info] fatal: not a git repository (or any of the parent directories): .git
2024-10-31 02:54:53.874 [info] > git rev-parse refs/remotes/origin/master [8ms]
2024-10-31 02:54:54.133 [info] > git status -z -uall [223ms]
2024-10-31 02:54:54.134 [info] > git for-each-ref --sort -committerdate --format %(refname) %(objectname) %(*objectname) [188ms]
2024-10-31 02:54:54.283 [info] > git for-each-ref --format=%(refname)%00%(upstream:short)%00%(objectname)%00%(upstream:track)%00%(upstream:remotename)%00%(upstream:remoteref) refs/heads/master refs/remotes/master [81ms]
2024-10-31 02:54:54.307 [info] > git rev-parse --show-toplevel [250ms]
2024-10-31 02:54:54.307 [info] fatal: not a git repository (or any of the parent directories): .git
2024-10-31 02:54:55.172 [info] > git config --local branch.master.vscode-merge-base [865ms]
2024-10-31 02:54:55.200 [info] > git config --get commit.template [924ms]
2024-10-31 02:54:55.216 [info] > git for-each-ref --format=%(refname)%00%(upstream:short)%00%(objectname)%00%(upstream:track)%00%(upstream:remotename)%00%(upstream:remoteref) refs/heads/origin/master refs/remotes/origin/master [18ms]
2024-10-31 02:54:55.287 [info] > git rev-parse --show-toplevel [129ms]
2024-10-31 02:54:55.287 [info] fatal: not a git repository (or any of the parent directories): .git
2024-10-31 02:54:55.343 [info] > git merge-base refs/heads/master refs/remotes/origin/master [98ms]
2024-10-31 02:54:55.371 [info] > git rev-parse --show-toplevel [33ms]
2024-10-31 02:54:55.371 [info] fatal: not a git repository (or any of the parent directories): .git
2024-10-31 02:54:55.372 [info] > git for-each-ref --format=%(refname)%00%(upstream:short)%00%(objectname)%00%(upstream:track)%00%(upstream:remotename)%00%(upstream:remoteref) refs/heads/master refs/remotes/master [60ms]
2024-10-31 02:54:55.421 [warning] [Git][revParse] Unable to read file: ENOENT: no such file or directory, open '/home/zaryu/.config/nvim-bak/.git/refs/remotes/origin/master'
2024-10-31 02:54:55.425 [info] > git diff --name-status -z --diff-filter=ADMR 4120893b8a1f31a0957f2f891f7fbef73ddfb9b1...refs/remotes/origin/master [60ms]
2024-10-31 02:54:55.446 [info] > git rev-parse refs/remotes/origin/master [25ms]
2024-10-31 02:54:55.510 [info] > git rev-parse --show-toplevel [119ms]
2024-10-31 02:54:55.510 [info] fatal: not a git repository (or any of the parent directories): .git
2024-10-31 02:54:55.550 [info] > git status -z -uall [77ms]
2024-10-31 02:54:55.553 [info] > git for-each-ref --sort -committerdate --format %(refname) %(objectname) %(*objectname) [44ms]
2024-10-31 02:54:55.576 [info] > git rev-parse --show-toplevel [43ms]
2024-10-31 02:54:55.576 [info] fatal: not a git repository (or any of the parent directories): .git
2024-10-31 02:54:55.603 [info] > git rev-parse --show-toplevel [6ms]
2024-10-31 02:54:55.603 [info] fatal: not a git repository (or any of the parent directories): .git
2024-10-31 02:54:55.705 [info] > git rev-parse --show-toplevel [80ms]
2024-10-31 02:54:55.705 [info] fatal: not a git repository (or any of the parent directories): .git
2024-10-31 02:54:55.733 [info] > git rev-parse --show-toplevel [6ms]
2024-10-31 02:54:55.733 [info] fatal: not a git repository (or any of the parent directories): .git
2024-10-31 02:54:55.793 [info] > git rev-parse --show-toplevel [35ms]
2024-10-31 02:54:55.795 [info] fatal: not a git repository (or any of the parent directories): .git
2024-10-31 02:54:55.823 [info] > git rev-parse --show-toplevel [5ms]
2024-10-31 02:54:55.823 [info] fatal: not a git repository (or any of the parent directories): .git
2024-10-31 02:54:55.849 [info] > git rev-parse --show-toplevel [2ms]
2024-10-31 02:54:55.850 [info] fatal: not a git repository (or any of the parent directories): .git
2024-10-31 02:54:55.877 [info] > git rev-parse --show-toplevel [6ms]
2024-10-31 02:54:55.877 [info] fatal: not a git repository (or any of the parent directories): .git
2024-10-31 02:54:55.904 [info] > git rev-parse --show-toplevel [4ms]
2024-10-31 02:54:55.904 [info] fatal: not a git repository (or any of the parent directories): .git
2024-10-31 02:54:55.931 [info] > git rev-parse --show-toplevel [2ms]
2024-10-31 02:54:55.932 [info] fatal: not a git repository (or any of the parent directories): .git
2024-10-31 02:54:55.957 [info] > git rev-parse --show-toplevel [6ms]
2024-10-31 02:54:55.957 [info] fatal: not a git repository (or any of the parent directories): .git
2024-10-31 02:54:55.961 [info] [Model][doInitialScan] Initial repository scan completed - repositories (1), closed repositories (1), parent repositories (0), unsafe repositories (0)
2024-10-31 02:54:55.992 [info] > git rev-parse --show-toplevel [9ms]
2024-10-31 02:54:55.992 [info] fatal: not a git repository (or any of the parent directories): .git
2024-10-31 02:54:56.017 [info] > git rev-parse --show-toplevel [5ms]
2024-10-31 02:54:56.017 [info] fatal: not a git repository (or any of the parent directories): .git
2024-10-31 02:54:57.822 [info] > git rev-parse --show-toplevel [966ms]
2024-10-31 02:54:57.822 [info] fatal: not a git repository (or any of the parent directories): .git
