2024-10-31 00:41:28.912 [info] [main] Log level: Info
2024-10-31 00:41:28.913 [info] [main] Validating found git in: "git"
2024-10-31 00:41:28.913 [info] [main] Using git "2.47.0" from "git"
2024-10-31 00:41:28.913 [info] [Model][doInitialScan] Initial repository scan started
2024-10-31 00:41:28.913 [info] > git rev-parse --show-toplevel [9ms]
2024-10-31 00:41:28.913 [info] fatal: not a git repository (or any of the parent directories): .git
2024-10-31 00:41:28.974 [info] > git rev-parse --show-toplevel [10ms]
2024-10-31 00:41:28.974 [info] fatal: not a git repository (or any of the parent directories): .git
2024-10-31 00:41:28.995 [info] > git rev-parse --show-toplevel [6ms]
2024-10-31 00:41:28.995 [info] fatal: not a git repository (or any of the parent directories): .git
2024-10-31 00:41:29.017 [info] > git rev-parse --show-toplevel [7ms]
2024-10-31 00:41:29.017 [info] fatal: not a git repository (or any of the parent directories): .git
2024-10-31 00:41:29.040 [info] > git rev-parse --show-toplevel [4ms]
2024-10-31 00:41:29.040 [info] fatal: not a git repository (or any of the parent directories): .git
2024-10-31 00:41:29.061 [info] > git rev-parse --show-toplevel [7ms]
2024-10-31 00:41:29.061 [info] fatal: not a git repository (or any of the parent directories): .git
2024-10-31 00:41:29.091 [info] > git rev-parse --show-toplevel [7ms]
2024-10-31 00:41:29.091 [info] fatal: not a git repository (or any of the parent directories): .git
2024-10-31 00:41:32.639 [info] > git rev-parse --show-toplevel [379ms]
2024-10-31 00:41:32.640 [info] fatal: not a git repository (or any of the parent directories): .git
2024-10-31 00:41:33.113 [info] > git rev-parse --show-toplevel [126ms]
2024-10-31 00:41:33.113 [info] fatal: not a git repository (or any of the parent directories): .git
2024-10-31 00:41:33.142 [info] > git rev-parse --show-toplevel [5ms]
2024-10-31 00:41:33.142 [info] fatal: not a git repository (or any of the parent directories): .git
2024-10-31 00:41:33.175 [info] > git rev-parse --show-toplevel [16ms]
2024-10-31 00:41:33.175 [info] fatal: not a git repository (or any of the parent directories): .git
2024-10-31 00:41:33.479 [info] > git rev-parse --show-toplevel [279ms]
2024-10-31 00:41:33.479 [info] fatal: not a git repository (or any of the parent directories): .git
2024-10-31 00:41:33.871 [info] > git rev-parse --show-toplevel [82ms]
2024-10-31 00:41:33.872 [info] fatal: not a git repository (or any of the parent directories): .git
2024-10-31 00:41:33.933 [info] > git rev-parse --show-toplevel [5ms]
2024-10-31 00:41:33.933 [info] fatal: not a git repository (or any of the parent directories): .git
2024-10-31 00:41:33.952 [info] > git rev-parse --show-toplevel [3ms]
2024-10-31 00:41:33.953 [info] fatal: not a git repository (or any of the parent directories): .git
2024-10-31 00:41:33.970 [info] > git rev-parse --show-toplevel [3ms]
2024-10-31 00:41:33.970 [info] fatal: not a git repository (or any of the parent directories): .git
2024-10-31 00:41:33.988 [info] > git rev-parse --show-toplevel [4ms]
2024-10-31 00:41:33.988 [info] fatal: not a git repository (or any of the parent directories): .git
2024-10-31 00:41:34.007 [info] > git rev-parse --show-toplevel [4ms]
2024-10-31 00:41:34.007 [info] fatal: not a git repository (or any of the parent directories): .git
2024-10-31 00:41:34.024 [info] > git rev-parse --show-toplevel [3ms]
2024-10-31 00:41:34.024 [info] fatal: not a git repository (or any of the parent directories): .git
2024-10-31 00:41:34.049 [info] > git rev-parse --show-toplevel [11ms]
2024-10-31 00:41:34.050 [info] fatal: not a git repository (or any of the parent directories): .git
2024-10-31 00:41:34.066 [info] > git rev-parse --show-toplevel [3ms]
2024-10-31 00:41:34.067 [info] fatal: not a git repository (or any of the parent directories): .git
2024-10-31 00:41:34.084 [info] > git rev-parse --show-toplevel [4ms]
2024-10-31 00:41:34.084 [info] fatal: not a git repository (or any of the parent directories): .git
2024-10-31 00:41:34.103 [info] > git rev-parse --show-toplevel [4ms]
2024-10-31 00:41:34.103 [info] fatal: not a git repository (or any of the parent directories): .git
2024-10-31 00:41:34.121 [info] > git rev-parse --show-toplevel [4ms]
2024-10-31 00:41:34.121 [info] fatal: not a git repository (or any of the parent directories): .git
2024-10-31 00:41:34.139 [info] > git rev-parse --show-toplevel [4ms]
2024-10-31 00:41:34.139 [info] fatal: not a git repository (or any of the parent directories): .git
2024-10-31 00:41:34.156 [info] > git rev-parse --show-toplevel [3ms]
2024-10-31 00:41:34.156 [info] fatal: not a git repository (or any of the parent directories): .git
2024-10-31 00:41:34.174 [info] > git rev-parse --show-toplevel [3ms]
2024-10-31 00:41:34.174 [info] fatal: not a git repository (or any of the parent directories): .git
2024-10-31 00:41:34.191 [info] > git rev-parse --show-toplevel [3ms]
2024-10-31 00:41:34.191 [info] fatal: not a git repository (or any of the parent directories): .git
2024-10-31 00:41:34.208 [info] > git rev-parse --show-toplevel [3ms]
2024-10-31 00:41:34.208 [info] fatal: not a git repository (or any of the parent directories): .git
2024-10-31 00:41:34.225 [info] > git rev-parse --show-toplevel [3ms]
2024-10-31 00:41:34.225 [info] fatal: not a git repository (or any of the parent directories): .git
2024-10-31 00:41:34.242 [info] > git rev-parse --show-toplevel [3ms]
2024-10-31 00:41:34.242 [info] fatal: not a git repository (or any of the parent directories): .git
2024-10-31 00:41:34.259 [info] > git rev-parse --show-toplevel [3ms]
2024-10-31 00:41:34.259 [info] fatal: not a git repository (or any of the parent directories): .git
2024-10-31 00:41:34.276 [info] > git rev-parse --show-toplevel [3ms]
2024-10-31 00:41:34.277 [info] fatal: not a git repository (or any of the parent directories): .git
2024-10-31 00:41:34.295 [info] > git rev-parse --show-toplevel [4ms]
2024-10-31 00:41:34.295 [info] fatal: not a git repository (or any of the parent directories): .git
2024-10-31 00:41:34.312 [info] > git rev-parse --show-toplevel [3ms]
2024-10-31 00:41:34.312 [info] fatal: not a git repository (or any of the parent directories): .git
2024-10-31 00:41:34.362 [info] > git rev-parse --show-toplevel [35ms]
2024-10-31 00:41:34.382 [info] > git rev-parse --git-dir --git-common-dir [3ms]
2024-10-31 00:41:34.451 [info] [Model][openRepository] Opened repository: /home/zaryu/.config/nvim-bak
2024-10-31 00:41:34.541 [info] > git rev-parse --show-toplevel [30ms]
2024-10-31 00:41:34.541 [info] fatal: not a git repository (or any of the parent directories): .git
2024-10-31 00:41:34.542 [info] > git config --get commit.template [48ms]
2024-10-31 00:41:34.595 [info] > git rev-parse --show-toplevel [33ms]
2024-10-31 00:41:34.595 [info] fatal: not a git repository (or any of the parent directories): .git
2024-10-31 00:41:34.671 [info] > git rev-parse --show-toplevel [54ms]
2024-10-31 00:41:34.671 [info] fatal: not a git repository (or any of the parent directories): .git
2024-10-31 00:41:34.672 [info] > git for-each-ref --format=%(refname)%00%(upstream:short)%00%(objectname)%00%(upstream:track)%00%(upstream:remotename)%00%(upstream:remoteref) refs/heads/master refs/remotes/master [87ms]
2024-10-31 00:41:34.706 [warning] [Git][revParse] Unable to read file: ENOENT: no such file or directory, open '/home/zaryu/.config/nvim-bak/.git/refs/remotes/origin/master'
2024-10-31 00:41:34.710 [info] > git rev-parse --show-toplevel [19ms]
2024-10-31 00:41:34.710 [info] fatal: not a git repository (or any of the parent directories): .git
2024-10-31 00:41:34.725 [info] > git rev-parse refs/remotes/origin/master [20ms]
2024-10-31 00:41:34.764 [info] > git rev-parse --show-toplevel [40ms]
2024-10-31 00:41:34.764 [info] fatal: not a git repository (or any of the parent directories): .git
2024-10-31 00:41:34.781 [info] > git for-each-ref --sort -committerdate --format %(refname) %(objectname) %(*objectname) [19ms]
2024-10-31 00:41:34.785 [info] > git rev-parse --show-toplevel [7ms]
2024-10-31 00:41:34.786 [info] fatal: not a git repository (or any of the parent directories): .git
2024-10-31 00:41:34.802 [info] > git status -z -uall [58ms]
2024-10-31 00:41:34.868 [info] > git for-each-ref --format=%(refname)%00%(upstream:short)%00%(objectname)%00%(upstream:track)%00%(upstream:remotename)%00%(upstream:remoteref) refs/heads/master refs/remotes/master [28ms]
2024-10-31 00:41:34.885 [info] > git rev-parse --show-toplevel [86ms]
2024-10-31 00:41:34.885 [info] fatal: not a git repository (or any of the parent directories): .git
2024-10-31 00:41:34.905 [info] > git config --local branch.master.vscode-merge-base [20ms]
2024-10-31 00:41:34.922 [info] > git config --get commit.template [55ms]
2024-10-31 00:41:34.926 [info] > git for-each-ref --format=%(refname)%00%(upstream:short)%00%(objectname)%00%(upstream:track)%00%(upstream:remotename)%00%(upstream:remoteref) refs/heads/origin/master refs/remotes/origin/master [5ms]
2024-10-31 00:41:34.981 [info] > git rev-parse --show-toplevel [77ms]
2024-10-31 00:41:34.981 [info] fatal: not a git repository (or any of the parent directories): .git
2024-10-31 00:41:35.164 [info] > git merge-base refs/heads/master refs/remotes/origin/master [220ms]
2024-10-31 00:41:35.273 [info] > git diff --name-status -z --diff-filter=ADMR 4120893b8a1f31a0957f2f891f7fbef73ddfb9b1...refs/remotes/origin/master [92ms]
2024-10-31 00:41:35.276 [info] > git rev-parse --show-toplevel [151ms]
2024-10-31 00:41:35.276 [info] fatal: not a git repository (or any of the parent directories): .git
2024-10-31 00:41:35.277 [info] > git for-each-ref --format=%(refname)%00%(upstream:short)%00%(objectname)%00%(upstream:track)%00%(upstream:remotename)%00%(upstream:remoteref) refs/heads/master refs/remotes/master [166ms]
2024-10-31 00:41:35.306 [warning] [Git][revParse] Unable to read file: ENOENT: no such file or directory, open '/home/zaryu/.config/nvim-bak/.git/refs/remotes/origin/master'
2024-10-31 00:41:35.465 [info] > git rev-parse refs/remotes/origin/master [158ms]
2024-10-31 00:41:35.496 [info] > git rev-parse --show-toplevel [203ms]
2024-10-31 00:41:35.496 [info] fatal: not a git repository (or any of the parent directories): .git
2024-10-31 00:41:36.329 [info] > git status -z -uall [850ms]
2024-10-31 00:41:36.330 [info] > git for-each-ref --sort -committerdate --format %(refname) %(objectname) %(*objectname) [836ms]
2024-10-31 00:41:36.788 [info] > git rev-parse --show-toplevel [462ms]
2024-10-31 00:41:36.789 [info] fatal: not a git repository (or any of the parent directories): .git
2024-10-31 00:41:36.831 [info] > git rev-parse --show-toplevel [12ms]
2024-10-31 00:41:36.831 [info] fatal: not a git repository (or any of the parent directories): .git
2024-10-31 00:41:36.894 [info] > git rev-parse --show-toplevel [32ms]
2024-10-31 00:41:36.894 [info] fatal: not a git repository (or any of the parent directories): .git
2024-10-31 00:41:36.918 [info] > git rev-parse --show-toplevel [6ms]
2024-10-31 00:41:36.918 [info] fatal: not a git repository (or any of the parent directories): .git
2024-10-31 00:41:36.944 [info] > git rev-parse --show-toplevel [7ms]
2024-10-31 00:41:36.945 [info] fatal: not a git repository (or any of the parent directories): .git
2024-10-31 00:41:36.968 [info] > git rev-parse --show-toplevel [5ms]
2024-10-31 00:41:36.968 [info] fatal: not a git repository (or any of the parent directories): .git
2024-10-31 00:41:36.988 [info] > git rev-parse --show-toplevel [4ms]
2024-10-31 00:41:36.988 [info] fatal: not a git repository (or any of the parent directories): .git
2024-10-31 00:41:37.008 [info] > git rev-parse --show-toplevel [3ms]
2024-10-31 00:41:37.008 [info] fatal: not a git repository (or any of the parent directories): .git
2024-10-31 00:41:37.029 [info] > git rev-parse --show-toplevel [4ms]
2024-10-31 00:41:37.029 [info] fatal: not a git repository (or any of the parent directories): .git
2024-10-31 00:41:37.077 [info] > git rev-parse --show-toplevel [31ms]
2024-10-31 00:41:37.077 [info] fatal: not a git repository (or any of the parent directories): .git
2024-10-31 00:41:37.079 [info] [Model][doInitialScan] Initial repository scan completed - repositories (1), closed repositories (1), parent repositories (0), unsafe repositories (0)
2024-10-31 00:41:37.100 [info] > git rev-parse --show-toplevel [3ms]
2024-10-31 00:41:37.100 [info] fatal: not a git repository (or any of the parent directories): .git
2024-10-31 00:41:37.122 [info] > git rev-parse --show-toplevel [5ms]
2024-10-31 00:41:37.122 [info] fatal: not a git repository (or any of the parent directories): .git
2024-10-31 00:41:37.144 [info] > git rev-parse --show-toplevel [4ms]
2024-10-31 00:41:37.144 [info] fatal: not a git repository (or any of the parent directories): .git
2024-10-31 00:41:39.287 [info] > git rev-parse --show-toplevel [5ms]
2024-10-31 00:41:39.287 [info] fatal: not a git repository (or any of the parent directories): .git
2024-10-31 00:41:45.797 [info] > git rev-parse --show-toplevel [205ms]
2024-10-31 00:41:45.797 [info] fatal: not a git repository (or any of the parent directories): .git
2024-10-31 00:41:55.645 [info] > git rev-parse --show-toplevel [86ms]
2024-10-31 00:41:55.649 [info] fatal: not a git repository (or any of the parent directories): .git
2024-10-31 00:42:07.207 [info] > git rev-parse --show-toplevel [37ms]
2024-10-31 00:42:07.207 [info] fatal: not a git repository (or any of the parent directories): .git
2024-10-31 00:42:10.167 [info] > git rev-parse --show-toplevel [23ms]
2024-10-31 00:42:10.168 [info] fatal: not a git repository (or any of the parent directories): .git
2024-10-31 00:42:38.590 [info] > git rev-parse --show-toplevel [37ms]
2024-10-31 00:42:38.590 [info] fatal: not a git repository (or any of the parent directories): .git
2024-10-31 00:42:39.839 [info] > git rev-parse --show-toplevel [32ms]
2024-10-31 00:42:39.839 [info] fatal: not a git repository (or any of the parent directories): .git
2024-10-31 00:42:40.995 [info] > git rev-parse --show-toplevel [25ms]
2024-10-31 00:42:40.995 [info] fatal: not a git repository (or any of the parent directories): .git
2024-10-31 00:42:48.477 [info] > git rev-parse --show-toplevel [37ms]
2024-10-31 00:42:48.485 [info] fatal: not a git repository (or any of the parent directories): .git
2024-10-31 00:42:56.403 [info] > git rev-parse --show-toplevel [132ms]
2024-10-31 00:42:56.403 [info] fatal: not a git repository (or any of the parent directories): .git
2024-10-31 00:42:57.285 [info] > git rev-parse --show-toplevel [6ms]
2024-10-31 00:42:57.285 [info] fatal: not a git repository (or any of the parent directories): .git
2024-10-31 00:43:12.373 [info] > git rev-parse --show-toplevel [23ms]
2024-10-31 00:43:12.373 [info] fatal: not a git repository (or any of the parent directories): .git
2024-10-31 00:43:30.700 [info] > git rev-parse --show-toplevel [19ms]
2024-10-31 00:43:30.700 [info] fatal: not a git repository (or any of the parent directories): .git
2024-10-31 00:43:52.555 [info] > git rev-parse --show-toplevel [22ms]
2024-10-31 00:43:52.555 [info] fatal: not a git repository (or any of the parent directories): .git
2024-10-31 00:43:58.922 [info] > git rev-parse --show-toplevel [22ms]
2024-10-31 00:43:58.922 [info] fatal: not a git repository (or any of the parent directories): .git
2024-10-31 00:44:23.647 [info] > git rev-parse --show-toplevel [23ms]
2024-10-31 00:44:23.648 [info] fatal: not a git repository (or any of the parent directories): .git
2024-10-31 00:44:24.258 [info] > git rev-parse --show-toplevel [8ms]
2024-10-31 00:44:24.258 [info] fatal: not a git repository (or any of the parent directories): .git
2024-10-31 00:44:26.851 [info] > git rev-parse --show-toplevel [24ms]
2024-10-31 00:44:26.851 [info] fatal: not a git repository (or any of the parent directories): .git
2024-10-31 00:46:19.816 [info] > git rev-parse --show-toplevel [28ms]
2024-10-31 00:46:19.817 [info] fatal: not a git repository (or any of the parent directories): .git
2024-10-31 00:46:41.821 [info] > git rev-parse --show-toplevel [10ms]
2024-10-31 00:46:41.821 [info] fatal: not a git repository (or any of the parent directories): .git
2024-10-31 00:46:41.890 [info] > git rev-parse --show-toplevel [3ms]
2024-10-31 00:46:41.890 [info] fatal: not a git repository (or any of the parent directories): .git
2024-10-31 00:46:48.144 [info] > git rev-parse --show-toplevel [23ms]
2024-10-31 00:46:48.144 [info] fatal: not a git repository (or any of the parent directories): .git
2024-10-31 00:46:48.177 [info] > git rev-parse --show-toplevel [7ms]
2024-10-31 00:46:48.178 [info] fatal: not a git repository (or any of the parent directories): .git
2024-10-31 00:46:48.345 [info] > git rev-parse --show-toplevel [3ms]
2024-10-31 00:46:48.345 [info] fatal: not a git repository (or any of the parent directories): .git
2024-10-31 00:46:48.543 [info] > git rev-parse --show-toplevel [19ms]
2024-10-31 00:46:48.543 [info] fatal: not a git repository (or any of the parent directories): .git
2024-10-31 00:47:47.078 [info] > git rev-parse --show-toplevel [40ms]
2024-10-31 00:47:47.078 [info] fatal: not a git repository (or any of the parent directories): .git
2024-10-31 00:47:56.796 [info] > git rev-parse --show-toplevel [14ms]
2024-10-31 00:47:56.796 [info] fatal: not a git repository (or any of the parent directories): .git
2024-10-31 00:48:10.240 [info] > git rev-parse --show-toplevel [31ms]
2024-10-31 00:48:10.241 [info] fatal: not a git repository (or any of the parent directories): .git
2024-10-31 00:48:16.383 [info] > git rev-parse --show-toplevel [18ms]
2024-10-31 00:48:16.383 [info] fatal: not a git repository (or any of the parent directories): .git
2024-10-31 00:48:38.838 [info] > git rev-parse --show-toplevel [21ms]
2024-10-31 00:48:38.839 [info] fatal: not a git repository (or any of the parent directories): .git
2024-10-31 00:48:47.026 [info] > git rev-parse --show-toplevel [19ms]
2024-10-31 00:48:47.026 [info] fatal: not a git repository (or any of the parent directories): .git
