2024-11-09 23:17:41.193 [info] Added views:outline in workbench.view.explorer
2024-11-09 23:17:41.194 [info] Added views:workbench.view.search in workbench.view.search
2024-11-09 23:17:41.194 [info] Added views:workbench.scm in workbench.view.scm
2024-11-09 23:17:41.194 [info] Added views:workbench.panel.markers.view in workbench.panel.markers
2024-11-09 23:17:41.194 [info] Added views:workbench.panel.output in workbench.panel.output
2024-11-09 23:17:41.194 [info] Added views:terminal in terminal
2024-11-09 23:17:41.194 [info] Added views:timeline in workbench.view.explorer
2024-11-09 23:17:41.194 [info] Added views:workbench.explorer.emptyView in workbench.view.explorer
2024-11-09 23:17:42.957 [info] Added views:workbench.debug.variablesView,workbench.debug.watchExpressionsView,workbench.debug.callStackView,workbench.debug.breakPointsView in workbench.view.debug
2024-11-09 23:17:43.626 [info] Added views:cody.chat in workbench.view.extension.cody
2024-11-09 23:17:44.304 [info] Added views:workbench.panel.repl.view in workbench.panel.repl
2024-11-09 23:17:44.306 [info] Removed views:workbench.debug.breakPointsView,workbench.debug.callStackView,workbench.debug.watchExpressionsView,workbench.debug.variablesView from workbench.view.debug
2024-11-09 23:17:44.307 [info] Added views:workbench.debug.welcome in workbench.view.debug
2024-11-09 23:17:44.455 [info] Added views:~remote.forwardedPorts in ~remote.forwardedPortsContainer
2024-11-09 23:18:09.414 [info] Added views:outline in workbench.view.explorer
2024-11-09 23:18:09.414 [info] Added views:workbench.view.search in workbench.view.search
2024-11-09 23:18:09.414 [info] Added views:workbench.scm in workbench.view.scm
2024-11-09 23:18:09.414 [info] Added views:workbench.panel.markers.view in workbench.panel.markers
2024-11-09 23:18:09.414 [info] Added views:workbench.panel.output in workbench.panel.output
2024-11-09 23:18:09.414 [info] Added views:terminal in terminal
2024-11-09 23:18:09.414 [info] Added views:timeline in workbench.view.explorer
2024-11-09 23:18:09.414 [info] Added views:workbench.explorer.fileView in workbench.view.explorer
2024-11-09 23:18:11.551 [info] Added views:workbench.debug.variablesView,workbench.debug.watchExpressionsView,workbench.debug.callStackView,workbench.debug.breakPointsView in workbench.view.debug
2024-11-09 23:18:11.785 [info] Added views:cody.chat in workbench.view.extension.cody
2024-11-09 23:18:12.353 [info] Added views:workbench.panel.repl.view in workbench.panel.repl
2024-11-09 23:18:12.357 [info] Removed views:workbench.debug.breakPointsView,workbench.debug.callStackView,workbench.debug.watchExpressionsView,workbench.debug.variablesView from workbench.view.debug
2024-11-09 23:18:12.360 [info] Added views:workbench.debug.welcome in workbench.view.debug
2024-11-09 23:18:13.038 [info] Added views:~remote.forwardedPorts in ~remote.forwardedPortsContainer
2024-11-09 23:18:28.511 [info] Added views:workbench.scm.repositories,workbench.scm.history in workbench.view.scm
2024-11-09 23:19:39.778 [info] Removed views:workbench.scm.history,workbench.scm.repositories from workbench.view.scm
