2024-11-06 10:08:03.476 [info] Getting Manifest... pinage404.nix-extension-pack
2024-11-06 10:08:08.731 [info] Installing extension: pinage404.nix-extension-pack {"isMachineScoped":false,"installPreReleaseVersion":false,"pinned":true,"profileLocation":{"$mid":1,"external":"vscode-userdata:/home/zaryu/.vscode-oss/extensions/extensions.json","path":"/home/zaryu/.vscode-oss/extensions/extensions.json","scheme":"vscode-userdata"},"installOnlyNewlyAddedFromExtensionPack":true,"isApplicationScoped":false,"productVersion":{"version":"1.95.1","date":"2024-11-01T17:20:55.708Z"}}
2024-11-06 10:08:09.339 [info] Getting Manifest... mkhl.direnv
2024-11-06 10:08:09.829 [info] Getting Manifest... jnoortheen.nix-ide
2024-11-06 10:08:10.372 [info] Getting Manifest... arrterian.nix-env-selector
2024-11-06 10:08:11.283 [info] Installing extension: mkhl.direnv {"isMachineScoped":false,"installPreReleaseVersion":false,"pinned":true,"profileLocation":{"$mid":1,"external":"vscode-userdata:/home/zaryu/.vscode-oss/extensions/extensions.json","path":"/home/zaryu/.vscode-oss/extensions/extensions.json","scheme":"vscode-userdata"},"installOnlyNewlyAddedFromExtensionPack":true,"isApplicationScoped":false,"productVersion":{"version":"1.95.1","date":"2024-11-01T17:20:55.708Z"},"context":{"dependecyOrPackExtensionInstall":true}}
2024-11-06 10:08:11.284 [info] Installing extension: jnoortheen.nix-ide {"isMachineScoped":false,"installPreReleaseVersion":false,"pinned":true,"profileLocation":{"$mid":1,"external":"vscode-userdata:/home/zaryu/.vscode-oss/extensions/extensions.json","path":"/home/zaryu/.vscode-oss/extensions/extensions.json","scheme":"vscode-userdata"},"installOnlyNewlyAddedFromExtensionPack":true,"isApplicationScoped":false,"productVersion":{"version":"1.95.1","date":"2024-11-01T17:20:55.708Z"},"context":{"dependecyOrPackExtensionInstall":true}}
2024-11-06 10:08:11.285 [info] Installing extension: arrterian.nix-env-selector {"isMachineScoped":false,"installPreReleaseVersion":false,"pinned":true,"profileLocation":{"$mid":1,"external":"vscode-userdata:/home/zaryu/.vscode-oss/extensions/extensions.json","path":"/home/zaryu/.vscode-oss/extensions/extensions.json","scheme":"vscode-userdata"},"installOnlyNewlyAddedFromExtensionPack":true,"isApplicationScoped":false,"productVersion":{"version":"1.95.1","date":"2024-11-01T17:20:55.708Z"},"context":{"dependecyOrPackExtensionInstall":true}}
2024-11-06 10:08:13.966 [error] Could not load vsce-sign module Cannot find package '@vscode/vsce-sign' imported from /usr/lib/code/out/vs/code/electron-utility/sharedProcess/sharedProcessMain.js
2024-11-06 10:08:13.967 [info] Extension signature verification is not done: pinage404.nix-extension-pack
2024-11-06 10:08:14.051 [info] Extracted extension to file:///home/zaryu/.vscode-oss/extensions/pinage404.nix-extension-pack-3.0.0-universal: pinage404.nix-extension-pack
2024-11-06 10:08:14.093 [info] Renamed to /home/zaryu/.vscode-oss/extensions/pinage404.nix-extension-pack-3.0.0-universal
2024-11-06 10:08:14.169 [error] Could not load vsce-sign module Cannot find package '@vscode/vsce-sign' imported from /usr/lib/code/out/vs/code/electron-utility/sharedProcess/sharedProcessMain.js
2024-11-06 10:08:14.171 [info] Extension signature verification is not done: jnoortheen.nix-ide
2024-11-06 10:08:14.207 [error] [uncaught exception in sharedProcess]: Error: ENOENT: no such file or directory, stat '/home/zaryu/.vscode-oss/extensions/extensions.json.vsctmp': EntryNotFound (FileSystemError): Error: ENOENT: no such file or directory, stat '/home/zaryu/.vscode-oss/extensions/extensions.json.vsctmp'
    at hm.create (file:///usr/lib/code/out/vs/code/electron-utility/sharedProcess/sharedProcessMain.js:35:39254)
    at Es (file:///usr/lib/code/out/vs/code/electron-utility/sharedProcess/sharedProcessMain.js:35:39361)
    at Fr.ib (file:///usr/lib/code/out/vs/code/electron-utility/sharedProcess/sharedProcessMain.js:71:22677)
    at Fr.stat (file:///usr/lib/code/out/vs/code/electron-utility/sharedProcess/sharedProcessMain.js:71:16010)
    at async Zl.stat (file:///usr/lib/code/out/vs/code/electron-utility/sharedProcess/sharedProcessMain.js:70:84491)
    at async Jl.yb (file:///usr/lib/code/out/vs/code/electron-utility/sharedProcess/sharedProcessMain.js:70:66605)
2024-11-06 10:08:14.559 [error] Could not load vsce-sign module Cannot find package '@vscode/vsce-sign' imported from /usr/lib/code/out/vs/code/electron-utility/sharedProcess/sharedProcessMain.js
2024-11-06 10:08:14.560 [info] Extension signature verification is not done: mkhl.direnv
2024-11-06 10:08:14.643 [info] Extracted extension to file:///home/zaryu/.vscode-oss/extensions/mkhl.direnv-0.17.0-universal: mkhl.direnv
2024-11-06 10:08:14.660 [info] Extracted extension to file:///home/zaryu/.vscode-oss/extensions/jnoortheen.nix-ide-0.3.5-universal: jnoortheen.nix-ide
2024-11-06 10:08:14.680 [info] Renamed to /home/zaryu/.vscode-oss/extensions/mkhl.direnv-0.17.0-universal
2024-11-06 10:08:14.681 [info] Renamed to /home/zaryu/.vscode-oss/extensions/jnoortheen.nix-ide-0.3.5-universal
2024-11-06 10:08:14.789 [error] [uncaught exception in sharedProcess]: Error: ENOENT: no such file or directory, stat '/home/zaryu/.vscode-oss/extensions/extensions.json.vsctmp': EntryNotFound (FileSystemError): Error: ENOENT: no such file or directory, stat '/home/zaryu/.vscode-oss/extensions/extensions.json.vsctmp'
    at hm.create (file:///usr/lib/code/out/vs/code/electron-utility/sharedProcess/sharedProcessMain.js:35:39254)
    at Es (file:///usr/lib/code/out/vs/code/electron-utility/sharedProcess/sharedProcessMain.js:35:39361)
    at Fr.ib (file:///usr/lib/code/out/vs/code/electron-utility/sharedProcess/sharedProcessMain.js:71:22677)
    at Fr.stat (file:///usr/lib/code/out/vs/code/electron-utility/sharedProcess/sharedProcessMain.js:71:16010)
    at async Zl.stat (file:///usr/lib/code/out/vs/code/electron-utility/sharedProcess/sharedProcessMain.js:70:84491)
    at async Jl.yb (file:///usr/lib/code/out/vs/code/electron-utility/sharedProcess/sharedProcessMain.js:70:66605)
2024-11-06 10:08:33.224 [error] Could not load vsce-sign module Cannot find package '@vscode/vsce-sign' imported from /usr/lib/code/out/vs/code/electron-utility/sharedProcess/sharedProcessMain.js
2024-11-06 10:08:33.225 [info] Extension signature verification is not done: arrterian.nix-env-selector
2024-11-06 10:08:33.719 [info] Extracted extension to file:///home/zaryu/.vscode-oss/extensions/arrterian.nix-env-selector-1.0.11-universal: arrterian.nix-env-selector
2024-11-06 10:08:33.759 [info] Renamed to /home/zaryu/.vscode-oss/extensions/arrterian.nix-env-selector-1.0.11-universal
2024-11-06 10:08:33.823 [info] Extension installed successfully: pinage404.nix-extension-pack vscode-userdata:/home/zaryu/.vscode-oss/extensions/extensions.json
2024-11-06 10:08:33.825 [info] Extension installed successfully: mkhl.direnv vscode-userdata:/home/zaryu/.vscode-oss/extensions/extensions.json
2024-11-06 10:08:33.825 [info] Extension installed successfully: jnoortheen.nix-ide vscode-userdata:/home/zaryu/.vscode-oss/extensions/extensions.json
2024-11-06 10:08:33.826 [info] Extension installed successfully: arrterian.nix-env-selector vscode-userdata:/home/zaryu/.vscode-oss/extensions/extensions.json
2024-11-06 10:08:33.865 [error] [uncaught exception in sharedProcess]: Error: ENOENT: no such file or directory, stat '/home/zaryu/.vscode-oss/extensions/extensions.json.vsctmp': EntryNotFound (FileSystemError): Error: ENOENT: no such file or directory, stat '/home/zaryu/.vscode-oss/extensions/extensions.json.vsctmp'
    at hm.create (file:///usr/lib/code/out/vs/code/electron-utility/sharedProcess/sharedProcessMain.js:35:39254)
    at Es (file:///usr/lib/code/out/vs/code/electron-utility/sharedProcess/sharedProcessMain.js:35:39361)
    at Fr.ib (file:///usr/lib/code/out/vs/code/electron-utility/sharedProcess/sharedProcessMain.js:71:22677)
    at Fr.stat (file:///usr/lib/code/out/vs/code/electron-utility/sharedProcess/sharedProcessMain.js:71:16010)
    at async Zl.stat (file:///usr/lib/code/out/vs/code/electron-utility/sharedProcess/sharedProcessMain.js:70:84491)
    at async Jl.yb (file:///usr/lib/code/out/vs/code/electron-utility/sharedProcess/sharedProcessMain.js:70:66605)
2024-11-06 10:14:26.266 [info] Uninstalling extension from the profile: pinage404.nix-extension-pack@3.0.0 vscode-userdata:/home/zaryu/.vscode-oss/extensions/extensions.json
2024-11-06 10:14:26.267 [info] Uninstalling extension from the profile: mkhl.direnv@0.17.0 vscode-userdata:/home/zaryu/.vscode-oss/extensions/extensions.json
2024-11-06 10:14:26.268 [info] Uninstalling extension from the profile: jnoortheen.nix-ide@0.3.5 vscode-userdata:/home/zaryu/.vscode-oss/extensions/extensions.json
2024-11-06 10:14:26.269 [info] Uninstalling extension from the profile: arrterian.nix-env-selector@1.0.11 vscode-userdata:/home/zaryu/.vscode-oss/extensions/extensions.json
2024-11-06 10:14:26.293 [info] Extensions is already requested to uninstall arrterian.nix-env-selector
2024-11-06 10:14:26.295 [info] Extensions is already requested to uninstall jnoortheen.nix-ide
2024-11-06 10:14:26.295 [info] Extensions is already requested to uninstall mkhl.direnv
2024-11-06 10:14:26.368 [info] Marked extension as uninstalled pinage404.nix-extension-pack-3.0.0-universal
2024-11-06 10:14:26.387 [info] Marked extension as uninstalled mkhl.direnv-0.17.0-universal
2024-11-06 10:14:26.410 [info] Marked extension as uninstalled jnoortheen.nix-ide-0.3.5-universal
2024-11-06 10:14:26.435 [info] Marked extension as uninstalled arrterian.nix-env-selector-1.0.11-universal
2024-11-06 10:14:27.343 [info] Successfully uninstalled extension from the profile pinage404.nix-extension-pack@3.0.0 vscode-userdata:/home/zaryu/.vscode-oss/extensions/extensions.json
2024-11-06 10:14:27.343 [info] Successfully uninstalled extension from the profile mkhl.direnv@0.17.0 vscode-userdata:/home/zaryu/.vscode-oss/extensions/extensions.json
2024-11-06 10:14:27.344 [info] Successfully uninstalled extension from the profile jnoortheen.nix-ide@0.3.5 vscode-userdata:/home/zaryu/.vscode-oss/extensions/extensions.json
2024-11-06 10:14:27.345 [info] Successfully uninstalled extension from the profile arrterian.nix-env-selector@1.0.11 vscode-userdata:/home/zaryu/.vscode-oss/extensions/extensions.json
2024-11-06 10:14:41.879 [info] Getting Manifest... jnoortheen.nix-ide
2024-11-06 10:14:43.003 [info] Installing extension: jnoortheen.nix-ide {"isMachineScoped":false,"installPreReleaseVersion":false,"pinned":true,"profileLocation":{"$mid":1,"external":"vscode-userdata:/home/zaryu/.vscode-oss/extensions/extensions.json","path":"/home/zaryu/.vscode-oss/extensions/extensions.json","scheme":"vscode-userdata"},"installOnlyNewlyAddedFromExtensionPack":true,"isApplicationScoped":false,"productVersion":{"version":"1.95.1","date":"2024-11-01T17:20:55.708Z"}}
2024-11-06 10:14:43.212 [info] Removed the extension from uninstalled list: jnoortheen.nix-ide
2024-11-06 10:14:43.279 [info] Extension installed successfully: jnoortheen.nix-ide vscode-userdata:/home/zaryu/.vscode-oss/extensions/extensions.json
2024-11-06 10:15:13.233 [info] Getting Manifest... bbenoist.nix
2024-11-06 10:15:13.836 [info] Installing extension: bbenoist.nix {"isMachineScoped":false,"installPreReleaseVersion":false,"pinned":true,"profileLocation":{"$mid":1,"external":"vscode-userdata:/home/zaryu/.vscode-oss/extensions/extensions.json","path":"/home/zaryu/.vscode-oss/extensions/extensions.json","scheme":"vscode-userdata"},"installOnlyNewlyAddedFromExtensionPack":true,"isApplicationScoped":false,"productVersion":{"version":"1.95.1","date":"2024-11-01T17:20:55.708Z"}}
2024-11-06 10:15:15.612 [error] Could not load vsce-sign module Cannot find package '@vscode/vsce-sign' imported from /usr/lib/code/out/vs/code/electron-utility/sharedProcess/sharedProcessMain.js
2024-11-06 10:15:15.613 [info] Extension signature verification is not done: bbenoist.nix
2024-11-06 10:15:15.674 [info] Extracted extension to file:///home/zaryu/.vscode-oss/extensions/bbenoist.nix-1.0.1-universal: bbenoist.nix
2024-11-06 10:15:15.712 [info] Renamed to /home/zaryu/.vscode-oss/extensions/bbenoist.nix-1.0.1-universal
2024-11-06 10:15:15.763 [info] Extension installed successfully: bbenoist.nix vscode-userdata:/home/zaryu/.vscode-oss/extensions/extensions.json
2024-11-06 10:15:15.820 [error] [uncaught exception in sharedProcess]: Error: ENOENT: no such file or directory, stat '/home/zaryu/.vscode-oss/extensions/extensions.json.vsctmp': EntryNotFound (FileSystemError): Error: ENOENT: no such file or directory, stat '/home/zaryu/.vscode-oss/extensions/extensions.json.vsctmp'
    at hm.create (file:///usr/lib/code/out/vs/code/electron-utility/sharedProcess/sharedProcessMain.js:35:39254)
    at Es (file:///usr/lib/code/out/vs/code/electron-utility/sharedProcess/sharedProcessMain.js:35:39361)
    at Fr.ib (file:///usr/lib/code/out/vs/code/electron-utility/sharedProcess/sharedProcessMain.js:71:22677)
    at Fr.stat (file:///usr/lib/code/out/vs/code/electron-utility/sharedProcess/sharedProcessMain.js:71:16010)
    at async Zl.stat (file:///usr/lib/code/out/vs/code/electron-utility/sharedProcess/sharedProcessMain.js:70:84491)
    at async Jl.yb (file:///usr/lib/code/out/vs/code/electron-utility/sharedProcess/sharedProcessMain.js:70:66605)
2024-11-06 10:16:27.706 [info] Getting Manifest... arrterian.nix-env-selector
2024-11-06 10:16:29.839 [info] Installing extension: arrterian.nix-env-selector {"isMachineScoped":false,"installPreReleaseVersion":false,"pinned":true,"profileLocation":{"$mid":1,"external":"vscode-userdata:/home/zaryu/.vscode-oss/extensions/extensions.json","path":"/home/zaryu/.vscode-oss/extensions/extensions.json","scheme":"vscode-userdata"},"installOnlyNewlyAddedFromExtensionPack":true,"isApplicationScoped":false,"productVersion":{"version":"1.95.1","date":"2024-11-01T17:20:55.708Z"}}
2024-11-06 10:16:30.044 [info] Removed the extension from uninstalled list: arrterian.nix-env-selector
2024-11-06 10:16:30.093 [error] [uncaught exception in sharedProcess]: Error: ENOENT: no such file or directory, stat '/home/zaryu/.vscode-oss/extensions/extensions.json.vsctmp': EntryNotFound (FileSystemError): Error: ENOENT: no such file or directory, stat '/home/zaryu/.vscode-oss/extensions/extensions.json.vsctmp'
    at hm.create (file:///usr/lib/code/out/vs/code/electron-utility/sharedProcess/sharedProcessMain.js:35:39254)
    at Es (file:///usr/lib/code/out/vs/code/electron-utility/sharedProcess/sharedProcessMain.js:35:39361)
    at Fr.ib (file:///usr/lib/code/out/vs/code/electron-utility/sharedProcess/sharedProcessMain.js:71:22677)
    at Fr.stat (file:///usr/lib/code/out/vs/code/electron-utility/sharedProcess/sharedProcessMain.js:71:16010)
    at async Zl.stat (file:///usr/lib/code/out/vs/code/electron-utility/sharedProcess/sharedProcessMain.js:70:84491)
    at async Jl.yb (file:///usr/lib/code/out/vs/code/electron-utility/sharedProcess/sharedProcessMain.js:70:66605)
2024-11-06 10:16:30.126 [info] Extension installed successfully: arrterian.nix-env-selector vscode-userdata:/home/zaryu/.vscode-oss/extensions/extensions.json
