2024-11-01 21:55:10.580 [warning] Creation of workbench contribution 'workbench.contrib.preferencesActions' took 22ms.
2024-11-01 21:55:13.206 [info] Started local extension host with pid 5768.
2024-11-01 21:55:18.791 [warning] [mainThreadStorage] large extension state detected (extensionId: sourcegraph.cody-ai, global: true): 1734.1630859375kb. Consider to use 'storageUri' or 'globalStorageUri' to store this data on disk instead.
2024-11-01 21:55:21.378 [info] [perf] Render performance baseline is 150ms
2024-11-01 21:56:01.765 [error] [Extension Host] {"stack":"Error: Timeout\n\tat Timeout._onTimeout (/home/zaryu/.vscode-oss/extensions/sourcegraph.cody-ai-1.38.0-universal/dist/extension.node.js:168679:20)\n\tat listOnTimeout (node:internal/timers:581:17)\n\tat process.processTimers (node:internal/timers:519:7)","message":"Timeout","name":"Error"}
2024-11-01 21:56:52.263 [error] [Extension Host] {"stack":"Error: Timeout\n\tat Timeout._onTimeout (/home/zaryu/.vscode-oss/extensions/sourcegraph.cody-ai-1.38.0-universal/dist/extension.node.js:168679:20)\n\tat listOnTimeout (node:internal/timers:581:17)\n\tat process.processTimers (node:internal/timers:519:7)","message":"Timeout","name":"Error"}
2024-11-01 21:58:44.388 [error] [Extension Host] {"stack":"Error: Timeout\n\tat Timeout._onTimeout (/home/zaryu/.vscode-oss/extensions/sourcegraph.cody-ai-1.38.0-universal/dist/extension.node.js:168679:20)\n\tat listOnTimeout (node:internal/timers:581:17)\n\tat process.processTimers (node:internal/timers:519:7)","message":"Timeout","name":"Error"}
2024-11-01 21:59:40.810 [error] [Extension Host] {"stack":"Error: Timeout\n\tat Timeout._onTimeout (/home/zaryu/.vscode-oss/extensions/sourcegraph.cody-ai-1.38.0-universal/dist/extension.node.js:168679:20)\n\tat listOnTimeout (node:internal/timers:581:17)\n\tat process.processTimers (node:internal/timers:519:7)","message":"Timeout","name":"Error"}
2024-11-01 22:00:16.258 [error] [Extension Host] {"stack":"Error: Timeout\n\tat Timeout._onTimeout (/home/zaryu/.vscode-oss/extensions/sourcegraph.cody-ai-1.38.0-universal/dist/extension.node.js:168679:20)\n\tat listOnTimeout (node:internal/timers:581:17)\n\tat process.processTimers (node:internal/timers:519:7)","message":"Timeout","name":"Error"}
2024-11-01 22:00:55.273 [error] [Extension Host] {"stack":"Error: Timeout\n\tat Timeout._onTimeout (/home/zaryu/.vscode-oss/extensions/sourcegraph.cody-ai-1.38.0-universal/dist/extension.node.js:168679:20)\n\tat listOnTimeout (node:internal/timers:581:17)\n\tat process.processTimers (node:internal/timers:519:7)","message":"Timeout","name":"Error"}
2024-11-01 22:01:30.420 [error] [Extension Host] {"stack":"Error: Timeout\n\tat Timeout._onTimeout (/home/zaryu/.vscode-oss/extensions/sourcegraph.cody-ai-1.38.0-universal/dist/extension.node.js:168679:20)\n\tat listOnTimeout (node:internal/timers:581:17)\n\tat process.processTimers (node:internal/timers:519:7)","message":"Timeout","name":"Error"}
2024-11-01 22:02:06.354 [error] [Extension Host] {"stack":"Error: Timeout\n\tat Timeout._onTimeout (/home/zaryu/.vscode-oss/extensions/sourcegraph.cody-ai-1.38.0-universal/dist/extension.node.js:168679:20)\n\tat listOnTimeout (node:internal/timers:581:17)\n\tat process.processTimers (node:internal/timers:519:7)","message":"Timeout","name":"Error"}
2024-11-01 22:02:41.483 [error] [Extension Host] {"stack":"Error: Timeout\n\tat Timeout._onTimeout (/home/zaryu/.vscode-oss/extensions/sourcegraph.cody-ai-1.38.0-universal/dist/extension.node.js:168679:20)\n\tat listOnTimeout (node:internal/timers:581:17)\n\tat process.processTimers (node:internal/timers:519:7)","message":"Timeout","name":"Error"}
2024-11-01 22:02:49.017 [error] Unable to read file '/home/zaryu/.config/waybar/config' (Error: File not modified since): Error: Unable to read file '/home/zaryu/.config/waybar/config' (Error: File not modified since)
    at Pnt.F (vscode-file://vscode-app/usr/lib/code/out/vs/workbench/workbench.desktop.main.js:3088:69610)
    at Pnt.D (vscode-file://vscode-app/usr/lib/code/out/vs/workbench/workbench.desktop.main.js:3088:69519)
    at async Gnt.M (vscode-file://vscode-app/usr/lib/code/out/vs/workbench/workbench.desktop.main.js:3089:9119)
    at async Gnt.readStream (vscode-file://vscode-app/usr/lib/code/out/vs/workbench/workbench.desktop.main.js:3089:8894)
    at async Pde.Db (vscode-file://vscode-app/usr/lib/code/out/vs/workbench/workbench.desktop.main.js:1275:11960)
    at async Pde.resolve (vscode-file://vscode-app/usr/lib/code/out/vs/workbench/workbench.desktop.main.js:1275:10435)
    at async vscode-file://vscode-app/usr/lib/code/out/vs/workbench/workbench.desktop.main.js:3089:5479
2024-11-01 22:02:54.039 [warning] [backup tracker] suspended, ignoring unregister event file:///home/zaryu/.config/waybar/theme.css 
2024-11-01 22:02:54.041 [warning] [backup tracker] suspended, ignoring unregister event file:///home/zaryu/.config/waybar/macchiato.css 
2024-11-01 22:02:54.042 [warning] [backup tracker] suspended, ignoring unregister event file:///home/zaryu/.config/waybar/config.jsonc 
