2024-11-03 02:06:37.134 [info] [main] Log level: Info
2024-11-03 02:06:37.134 [info] [main] Validating found git in: "git"
2024-11-03 02:06:37.134 [info] [main] Using git "2.47.0" from "git"
2024-11-03 02:06:37.134 [info] [Model][doInitialScan] Initial repository scan started
2024-11-03 02:06:37.134 [info] > git rev-parse --show-toplevel [14ms]
2024-11-03 02:06:37.134 [info] fatal: not a git repository (or any of the parent directories): .git
2024-11-03 02:06:37.134 [info] > git rev-parse --show-toplevel [23ms]
2024-11-03 02:06:37.134 [info] fatal: not a git repository (or any of the parent directories): .git
2024-11-03 02:06:39.975 [info] > git rev-parse --show-toplevel [2806ms]
2024-11-03 02:06:39.975 [info] fatal: not a git repository (or any of the parent directories): .git
2024-11-03 02:06:40.602 [info] > git rev-parse --show-toplevel [289ms]
2024-11-03 02:06:40.603 [info] fatal: not a git repository (or any of the parent directories): .git
2024-11-03 02:06:40.787 [info] > git rev-parse --show-toplevel [56ms]
2024-11-03 02:06:40.787 [info] fatal: not a git repository (or any of the parent directories): .git
2024-11-03 02:06:41.217 [info] > git rev-parse --show-toplevel [218ms]
2024-11-03 02:06:41.217 [info] fatal: not a git repository (or any of the parent directories): .git
2024-11-03 02:06:41.243 [info] > git rev-parse --show-toplevel [9ms]
2024-11-03 02:06:41.243 [info] fatal: not a git repository (or any of the parent directories): .git
2024-11-03 02:06:41.296 [info] > git rev-parse --show-toplevel [19ms]
2024-11-03 02:06:41.296 [info] fatal: not a git repository (or any of the parent directories): .git
2024-11-03 02:06:41.315 [info] > git rev-parse --show-toplevel [4ms]
2024-11-03 02:06:41.315 [info] fatal: not a git repository (or any of the parent directories): .git
2024-11-03 02:06:41.356 [info] > git rev-parse --show-toplevel [25ms]
2024-11-03 02:06:41.356 [info] fatal: not a git repository (or any of the parent directories): .git
2024-11-03 02:06:41.406 [info] > git rev-parse --show-toplevel [28ms]
2024-11-03 02:06:41.406 [info] fatal: not a git repository (or any of the parent directories): .git
2024-11-03 02:06:41.433 [info] > git rev-parse --show-toplevel [7ms]
2024-11-03 02:06:41.433 [info] fatal: not a git repository (or any of the parent directories): .git
2024-11-03 02:06:41.458 [info] > git rev-parse --show-toplevel [5ms]
2024-11-03 02:06:41.459 [info] fatal: not a git repository (or any of the parent directories): .git
2024-11-03 02:06:41.482 [info] > git rev-parse --show-toplevel [4ms]
2024-11-03 02:06:41.482 [info] fatal: not a git repository (or any of the parent directories): .git
2024-11-03 02:06:41.605 [info] > git rev-parse --show-toplevel [105ms]
2024-11-03 02:06:41.605 [info] fatal: not a git repository (or any of the parent directories): .git
2024-11-03 02:06:41.772 [info] > git rev-parse --show-toplevel [78ms]
2024-11-03 02:06:41.772 [info] fatal: not a git repository (or any of the parent directories): .git
2024-11-03 02:06:42.740 [info] > git rev-parse --show-toplevel [852ms]
2024-11-03 02:06:42.740 [info] fatal: not a git repository (or any of the parent directories): .git
2024-11-03 02:06:43.128 [info] > git rev-parse --show-toplevel [13ms]
2024-11-03 02:06:43.128 [info] fatal: not a git repository (or any of the parent directories): .git
2024-11-03 02:06:43.149 [info] > git rev-parse --show-toplevel [4ms]
2024-11-03 02:06:43.149 [info] fatal: not a git repository (or any of the parent directories): .git
2024-11-03 02:06:43.172 [info] > git rev-parse --show-toplevel [5ms]
2024-11-03 02:06:43.172 [info] fatal: not a git repository (or any of the parent directories): .git
2024-11-03 02:06:43.193 [info] > git rev-parse --show-toplevel [3ms]
2024-11-03 02:06:43.194 [info] fatal: not a git repository (or any of the parent directories): .git
2024-11-03 02:06:43.232 [info] > git rev-parse --show-toplevel [21ms]
2024-11-03 02:06:43.232 [info] fatal: not a git repository (or any of the parent directories): .git
2024-11-03 02:06:43.282 [info] > git rev-parse --show-toplevel [33ms]
2024-11-03 02:06:43.282 [info] fatal: not a git repository (or any of the parent directories): .git
2024-11-03 02:06:43.304 [info] > git rev-parse --show-toplevel [4ms]
2024-11-03 02:06:43.304 [info] fatal: not a git repository (or any of the parent directories): .git
2024-11-03 02:06:43.325 [info] > git rev-parse --show-toplevel [3ms]
2024-11-03 02:06:43.325 [info] fatal: not a git repository (or any of the parent directories): .git
2024-11-03 02:06:43.347 [info] > git rev-parse --show-toplevel [3ms]
2024-11-03 02:06:43.347 [info] fatal: not a git repository (or any of the parent directories): .git
2024-11-03 02:06:43.370 [info] > git rev-parse --show-toplevel [6ms]
2024-11-03 02:06:43.370 [info] fatal: not a git repository (or any of the parent directories): .git
2024-11-03 02:06:43.412 [info] > git rev-parse --show-toplevel [3ms]
2024-11-03 02:06:43.412 [info] fatal: not a git repository (or any of the parent directories): .git
2024-11-03 02:06:43.441 [info] > git rev-parse --show-toplevel [3ms]
2024-11-03 02:06:43.441 [info] fatal: not a git repository (or any of the parent directories): .git
2024-11-03 02:06:43.463 [info] > git rev-parse --show-toplevel [3ms]
2024-11-03 02:06:43.463 [info] fatal: not a git repository (or any of the parent directories): .git
2024-11-03 02:06:43.484 [info] > git rev-parse --show-toplevel [4ms]
2024-11-03 02:06:43.484 [info] fatal: not a git repository (or any of the parent directories): .git
2024-11-03 02:06:43.506 [info] > git rev-parse --show-toplevel [3ms]
2024-11-03 02:06:43.506 [info] fatal: not a git repository (or any of the parent directories): .git
2024-11-03 02:06:43.608 [info] > git rev-parse --show-toplevel [84ms]
2024-11-03 02:06:43.608 [info] fatal: not a git repository (or any of the parent directories): .git
2024-11-03 02:06:43.804 [info] > git rev-parse --show-toplevel [176ms]
2024-11-03 02:06:43.805 [info] fatal: not a git repository (or any of the parent directories): .git
2024-11-03 02:06:44.307 [info] > git rev-parse --show-toplevel [13ms]
2024-11-03 02:06:44.308 [info] fatal: not a git repository (or any of the parent directories): .git
2024-11-03 02:06:44.332 [info] > git rev-parse --show-toplevel [3ms]
2024-11-03 02:06:44.332 [info] fatal: not a git repository (or any of the parent directories): .git
2024-11-03 02:06:44.355 [info] > git rev-parse --show-toplevel [3ms]
2024-11-03 02:06:44.355 [info] fatal: not a git repository (or any of the parent directories): .git
2024-11-03 02:06:44.377 [info] > git rev-parse --show-toplevel [3ms]
2024-11-03 02:06:44.377 [info] fatal: not a git repository (or any of the parent directories): .git
2024-11-03 02:06:44.398 [info] > git rev-parse --show-toplevel [3ms]
2024-11-03 02:06:44.398 [info] fatal: not a git repository (or any of the parent directories): .git
2024-11-03 02:06:44.421 [info] > git rev-parse --show-toplevel [3ms]
2024-11-03 02:06:44.421 [info] fatal: not a git repository (or any of the parent directories): .git
2024-11-03 02:06:44.443 [info] > git rev-parse --show-toplevel [3ms]
2024-11-03 02:06:44.443 [info] fatal: not a git repository (or any of the parent directories): .git
2024-11-03 02:06:44.466 [info] > git rev-parse --show-toplevel [3ms]
2024-11-03 02:06:44.466 [info] fatal: not a git repository (or any of the parent directories): .git
2024-11-03 02:06:44.488 [info] > git rev-parse --show-toplevel [3ms]
2024-11-03 02:06:44.488 [info] fatal: not a git repository (or any of the parent directories): .git
2024-11-03 02:06:44.510 [info] > git rev-parse --show-toplevel [3ms]
2024-11-03 02:06:44.510 [info] fatal: not a git repository (or any of the parent directories): .git
2024-11-03 02:06:44.532 [info] > git rev-parse --show-toplevel [3ms]
2024-11-03 02:06:44.532 [info] fatal: not a git repository (or any of the parent directories): .git
2024-11-03 02:06:44.557 [info] > git rev-parse --show-toplevel [6ms]
2024-11-03 02:06:44.558 [info] fatal: not a git repository (or any of the parent directories): .git
2024-11-03 02:06:44.587 [info] > git rev-parse --show-toplevel [4ms]
2024-11-03 02:06:44.587 [info] fatal: not a git repository (or any of the parent directories): .git
2024-11-03 02:06:44.620 [info] > git rev-parse --show-toplevel [7ms]
2024-11-03 02:06:44.620 [info] fatal: not a git repository (or any of the parent directories): .git
2024-11-03 02:06:44.642 [info] > git rev-parse --show-toplevel [3ms]
2024-11-03 02:06:44.643 [info] fatal: not a git repository (or any of the parent directories): .git
2024-11-03 02:06:44.665 [info] > git rev-parse --show-toplevel [3ms]
2024-11-03 02:06:44.665 [info] fatal: not a git repository (or any of the parent directories): .git
2024-11-03 02:06:44.687 [info] > git rev-parse --show-toplevel [4ms]
2024-11-03 02:06:44.687 [info] fatal: not a git repository (or any of the parent directories): .git
2024-11-03 02:06:44.740 [info] > git rev-parse --show-toplevel [33ms]
2024-11-03 02:06:44.765 [info] > git rev-parse --git-dir --git-common-dir [3ms]
2024-11-03 02:06:44.811 [info] [Model][openRepository] Opened repository: /home/zaryu/.config/nvim-bak
2024-11-03 02:06:44.866 [info] > git rev-parse --show-toplevel [8ms]
2024-11-03 02:06:44.866 [info] fatal: not a git repository (or any of the parent directories): .git
2024-11-03 02:06:44.900 [info] > git config --get commit.template [60ms]
2024-11-03 02:06:44.927 [info] > git rev-parse --show-toplevel [30ms]
2024-11-03 02:06:44.927 [info] fatal: not a git repository (or any of the parent directories): .git
2024-11-03 02:06:44.952 [info] > git rev-parse --show-toplevel [6ms]
2024-11-03 02:06:44.952 [info] fatal: not a git repository (or any of the parent directories): .git
2024-11-03 02:06:44.953 [info] > git for-each-ref --format=%(refname)%00%(upstream:short)%00%(objectname)%00%(upstream:track)%00%(upstream:remotename)%00%(upstream:remoteref) refs/heads/master refs/remotes/master [30ms]
2024-11-03 02:06:44.992 [warning] [Git][revParse] Unable to read file: ENOENT: no such file or directory, open '/home/zaryu/.config/nvim-bak/.git/refs/remotes/origin/master'
2024-11-03 02:06:44.994 [info] > git rev-parse --show-toplevel [21ms]
2024-11-03 02:06:44.994 [info] fatal: not a git repository (or any of the parent directories): .git
2024-11-03 02:06:45.014 [info] > git rev-parse refs/remotes/origin/master [22ms]
2024-11-03 02:06:46.221 [info] > git status -z -uall [1184ms]
2024-11-03 02:06:46.245 [info] > git rev-parse --show-toplevel [1231ms]
2024-11-03 02:06:46.245 [info] fatal: not a git repository (or any of the parent directories): .git
2024-11-03 02:06:46.279 [info] > git for-each-ref --sort -committerdate --format %(refname) %(objectname) %(*objectname) [1218ms]
2024-11-03 02:06:46.456 [info] > git for-each-ref --format=%(refname)%00%(upstream:short)%00%(objectname)%00%(upstream:track)%00%(upstream:remotename)%00%(upstream:remoteref) refs/heads/master refs/remotes/master [131ms]
2024-11-03 02:06:46.484 [info] > git rev-parse --show-toplevel [208ms]
2024-11-03 02:06:46.484 [info] fatal: not a git repository (or any of the parent directories): .git
2024-11-03 02:06:47.078 [info] > git config --local branch.master.vscode-merge-base [597ms]
2024-11-03 02:06:47.104 [info] > git config --get commit.template [649ms]
2024-11-03 02:06:47.298 [info] > git for-each-ref --format=%(refname)%00%(upstream:short)%00%(objectname)%00%(upstream:track)%00%(upstream:remotename)%00%(upstream:remoteref) refs/heads/origin/master refs/remotes/origin/master [196ms]
2024-11-03 02:06:47.354 [info] > git rev-parse --show-toplevel [314ms]
2024-11-03 02:06:47.354 [info] fatal: not a git repository (or any of the parent directories): .git
2024-11-03 02:06:47.415 [info] > git merge-base refs/heads/master refs/remotes/origin/master [90ms]
2024-11-03 02:06:47.448 [info] > git diff --name-status -z --diff-filter=ADMR 4120893b8a1f31a0957f2f891f7fbef73ddfb9b1...refs/remotes/origin/master [9ms]
2024-11-03 02:06:47.450 [info] > git rev-parse --show-toplevel [38ms]
2024-11-03 02:06:47.450 [info] fatal: not a git repository (or any of the parent directories): .git
2024-11-03 02:06:47.451 [info] > git for-each-ref --format=%(refname)%00%(upstream:short)%00%(objectname)%00%(upstream:track)%00%(upstream:remotename)%00%(upstream:remoteref) refs/heads/master refs/remotes/master [61ms]
2024-11-03 02:06:47.532 [warning] [Git][revParse] Unable to read file: ENOENT: no such file or directory, open '/home/zaryu/.config/nvim-bak/.git/refs/remotes/origin/master'
2024-11-03 02:06:47.586 [info] > git rev-parse --show-toplevel [75ms]
2024-11-03 02:06:47.586 [info] fatal: not a git repository (or any of the parent directories): .git
2024-11-03 02:06:47.616 [info] > git rev-parse refs/remotes/origin/master [84ms]
2024-11-03 02:06:47.707 [info] > git status -z -uall [70ms]
2024-11-03 02:06:47.741 [info] > git for-each-ref --sort -committerdate --format %(refname) %(objectname) %(*objectname) [80ms]
2024-11-03 02:06:47.756 [info] > git rev-parse --show-toplevel [143ms]
2024-11-03 02:06:47.756 [info] fatal: not a git repository (or any of the parent directories): .git
2024-11-03 02:06:47.879 [info] > git rev-parse --show-toplevel [51ms]
2024-11-03 02:06:47.879 [info] fatal: not a git repository (or any of the parent directories): .git
2024-11-03 02:06:48.001 [info] > git rev-parse --show-toplevel [7ms]
2024-11-03 02:06:48.001 [info] fatal: not a git repository (or any of the parent directories): .git
2024-11-03 02:06:48.039 [info] > git rev-parse --show-toplevel [12ms]
2024-11-03 02:06:48.039 [info] fatal: not a git repository (or any of the parent directories): .git
2024-11-03 02:06:48.167 [info] > git rev-parse --show-toplevel [87ms]
2024-11-03 02:06:48.167 [info] fatal: not a git repository (or any of the parent directories): .git
2024-11-03 02:06:48.420 [info] > git rev-parse --show-toplevel [6ms]
2024-11-03 02:06:48.420 [info] fatal: not a git repository (or any of the parent directories): .git
2024-11-03 02:06:48.447 [info] > git rev-parse --show-toplevel [3ms]
2024-11-03 02:06:48.447 [info] fatal: not a git repository (or any of the parent directories): .git
2024-11-03 02:06:48.524 [info] > git rev-parse --show-toplevel [57ms]
2024-11-03 02:06:48.525 [info] fatal: not a git repository (or any of the parent directories): .git
2024-11-03 02:06:48.551 [info] > git rev-parse --show-toplevel [3ms]
2024-11-03 02:06:48.551 [info] fatal: not a git repository (or any of the parent directories): .git
2024-11-03 02:06:48.552 [info] [Model][doInitialScan] Initial repository scan completed - repositories (1), closed repositories (1), parent repositories (0), unsafe repositories (0)
