2024-11-13 23:24:15.074 [info] [main] Log level: Info
2024-11-13 23:24:15.074 [info] [main] Validating found git in: "git"
2024-11-13 23:24:15.074 [info] [main] Using git "2.47.0" from "git"
2024-11-13 23:24:15.074 [info] [Model][doInitialScan] Initial repository scan started
2024-11-13 23:24:15.074 [info] > git rev-parse --show-toplevel [20ms]
2024-11-13 23:24:15.074 [info] fatal: not a git repository (or any of the parent directories): .git
2024-11-13 23:24:15.133 [info] > git rev-parse --show-toplevel [3ms]
2024-11-13 23:24:15.133 [info] fatal: not a git repository (or any of the parent directories): .git
2024-11-13 23:24:15.156 [info] > git rev-parse --show-toplevel [4ms]
2024-11-13 23:24:15.156 [info] fatal: not a git repository (or any of the parent directories): .git
2024-11-13 23:24:15.175 [info] > git rev-parse --show-toplevel [5ms]
2024-11-13 23:24:15.175 [info] fatal: not a git repository (or any of the parent directories): .git
2024-11-13 23:24:15.202 [info] > git rev-parse --show-toplevel [5ms]
2024-11-13 23:24:15.202 [info] fatal: not a git repository (or any of the parent directories): .git
2024-11-13 23:24:15.245 [info] > git rev-parse --show-toplevel [12ms]
2024-11-13 23:24:15.245 [info] fatal: not a git repository (or any of the parent directories): .git
2024-11-13 23:24:15.305 [info] > git rev-parse --show-toplevel [18ms]
2024-11-13 23:24:15.361 [info] > git rev-parse --git-dir --git-common-dir [14ms]
2024-11-13 23:24:15.424 [info] [Model][openRepository] Opened repository: /home/zaryu/.config/ags
2024-11-13 23:24:15.498 [info] > git rev-parse --show-toplevel [12ms]
2024-11-13 23:24:15.498 [info] fatal: not a git repository (or any of the parent directories): .git
2024-11-13 23:24:15.500 [info] > git config --get commit.template [33ms]
2024-11-13 23:24:15.548 [info] > git rev-parse --show-toplevel [29ms]
2024-11-13 23:24:15.548 [info] fatal: not a git repository (or any of the parent directories): .git
2024-11-13 23:24:15.576 [info] > git rev-parse --show-toplevel [9ms]
2024-11-13 23:24:15.576 [info] fatal: not a git repository (or any of the parent directories): .git
2024-11-13 23:24:15.605 [info] > git rev-parse --show-toplevel [14ms]
2024-11-13 23:24:15.605 [info] fatal: not a git repository (or any of the parent directories): .git
2024-11-13 23:24:15.607 [info] > git for-each-ref --format=%(refname)%00%(upstream:short)%00%(objectname)%00%(upstream:track)%00%(upstream:remotename)%00%(upstream:remoteref) refs/heads/master refs/remotes/master [69ms]
2024-11-13 23:24:15.653 [warning] [Git][revParse] Unable to read file: ENOENT: no such file or directory, open '/home/zaryu/.config/ags/.git/refs/remotes/origin/master'
2024-11-13 23:24:15.684 [info] > git rev-parse refs/remotes/origin/master [34ms]
2024-11-13 23:24:15.748 [info] > git rev-parse --show-toplevel [117ms]
2024-11-13 23:24:15.748 [info] fatal: not a git repository (or any of the parent directories): .git
2024-11-13 23:24:15.787 [info] > git status -z -uall [73ms]
2024-11-13 23:24:15.787 [info] > git rev-parse --show-toplevel [14ms]
2024-11-13 23:24:15.788 [info] fatal: not a git repository (or any of the parent directories): .git
2024-11-13 23:24:15.790 [info] > git for-each-ref --sort -committerdate --format %(refname) %(objectname) %(*objectname) [44ms]
2024-11-13 23:24:18.946 [info] > git for-each-ref --format=%(refname)%00%(upstream:short)%00%(objectname)%00%(upstream:track)%00%(upstream:remotename)%00%(upstream:remoteref) refs/heads/master refs/remotes/master [3117ms]
2024-11-13 23:24:19.366 [info] > git config --local branch.master.vscode-merge-base [401ms]
2024-11-13 23:24:19.366 [warning] [Git][config] git config failed: Failed to execute git
2024-11-13 23:24:19.384 [info] > git config --get commit.template [441ms]
2024-11-13 23:24:19.384 [info] > git rev-parse --show-toplevel [461ms]
2024-11-13 23:24:19.384 [info] fatal: not a git repository (or any of the parent directories): .git
2024-11-13 23:24:20.034 [info] > git reflog master --grep-reflog=branch: Created from *. [651ms]
2024-11-13 23:24:20.253 [info] > git check-ignore -v -z --stdin [175ms]
2024-11-13 23:24:20.257 [info] > git symbolic-ref --short refs/remotes/origin/HEAD [204ms]
2024-11-13 23:24:20.272 [info] > git rev-parse --show-toplevel [265ms]
2024-11-13 23:24:20.272 [info] fatal: not a git repository (or any of the parent directories): .git
2024-11-13 23:24:20.470 [info] > git for-each-ref --format=%(refname)%00%(upstream:short)%00%(objectname)%00%(upstream:track)%00%(upstream:remotename)%00%(upstream:remoteref) refs/heads/origin/master refs/remotes/origin/master [198ms]
2024-11-13 23:24:20.486 [info] > git for-each-ref --format=%(refname)%00%(upstream:short)%00%(objectname)%00%(upstream:track)%00%(upstream:remotename)%00%(upstream:remoteref) refs/heads/master refs/remotes/master [242ms]
2024-11-13 23:24:20.902 [warning] [Git][revParse] Unable to read file: ENOENT: no such file or directory, open '/home/zaryu/.config/ags/.git/refs/remotes/origin/master'
2024-11-13 23:24:20.905 [info] > git config --local branch.master.vscode-merge-base origin/master [420ms]
2024-11-13 23:24:20.908 [info] > git rev-parse --show-toplevel [451ms]
2024-11-13 23:24:20.908 [info] fatal: not a git repository (or any of the parent directories): .git
2024-11-13 23:24:20.956 [info] > git rev-parse refs/remotes/origin/master [54ms]
2024-11-13 23:24:21.054 [info] > git for-each-ref --format=%(refname)%00%(upstream:short)%00%(objectname)%00%(upstream:track)%00%(upstream:remotename)%00%(upstream:remoteref) refs/heads/master refs/remotes/master [76ms]
2024-11-13 23:24:21.078 [info] > git rev-parse --show-toplevel [124ms]
2024-11-13 23:24:21.078 [info] fatal: not a git repository (or any of the parent directories): .git
2024-11-13 23:24:21.079 [info] > git config --get commit.template [143ms]
2024-11-13 23:24:21.294 [info] > git config --local branch.master.vscode-merge-base [216ms]
2024-11-13 23:24:21.345 [info] > git for-each-ref --format=%(refname)%00%(upstream:short)%00%(objectname)%00%(upstream:track)%00%(upstream:remotename)%00%(upstream:remoteref) refs/heads/origin/master refs/remotes/origin/master [31ms]
2024-11-13 23:24:21.399 [info] > git rev-parse --show-toplevel [108ms]
2024-11-13 23:24:21.400 [info] fatal: not a git repository (or any of the parent directories): .git
2024-11-13 23:24:21.439 [info] > git merge-base refs/heads/master refs/remotes/origin/master [72ms]
2024-11-13 23:24:21.459 [info] > git for-each-ref --format=%(refname)%00%(upstream:short)%00%(objectname)%00%(upstream:track)%00%(upstream:remotename)%00%(upstream:remoteref) refs/heads/master refs/remotes/master [116ms]
2024-11-13 23:24:21.482 [warning] [Git][revParse] Unable to read file: ENOENT: no such file or directory, open '/home/zaryu/.config/ags/.git/refs/remotes/origin/master'
2024-11-13 23:24:21.484 [info] > git diff --name-status -z --diff-filter=ADMR a7855baf13c6abdd0b0e988e4390112cd7deda67...refs/remotes/origin/master [26ms]
2024-11-13 23:24:21.487 [info] > git rev-parse --show-toplevel [59ms]
2024-11-13 23:24:21.487 [info] fatal: not a git repository (or any of the parent directories): .git
2024-11-13 23:24:21.510 [info] > git rev-parse refs/remotes/origin/master [28ms]
2024-11-13 23:24:21.609 [info] > git status -z -uall [80ms]
2024-11-13 23:24:21.612 [info] > git rev-parse --show-toplevel [105ms]
2024-11-13 23:24:21.613 [info] fatal: not a git repository (or any of the parent directories): .git
2024-11-13 23:24:21.632 [info] > git for-each-ref --sort -committerdate --format %(refname) %(objectname) %(*objectname) [84ms]
2024-11-13 23:24:21.644 [info] > git rev-parse --show-toplevel [13ms]
2024-11-13 23:24:21.644 [info] fatal: not a git repository (or any of the parent directories): .git
2024-11-13 23:24:21.666 [info] > git rev-parse --show-toplevel [4ms]
2024-11-13 23:24:21.666 [info] fatal: not a git repository (or any of the parent directories): .git
2024-11-13 23:24:21.690 [info] > git rev-parse --show-toplevel [4ms]
2024-11-13 23:24:21.690 [info] fatal: not a git repository (or any of the parent directories): .git
2024-11-13 23:24:21.711 [info] > git rev-parse --show-toplevel [3ms]
2024-11-13 23:24:21.711 [info] fatal: not a git repository (or any of the parent directories): .git
2024-11-13 23:24:21.733 [info] > git rev-parse --show-toplevel [3ms]
2024-11-13 23:24:21.733 [info] fatal: not a git repository (or any of the parent directories): .git
2024-11-13 23:24:21.753 [info] > git rev-parse --show-toplevel [4ms]
2024-11-13 23:24:21.753 [info] fatal: not a git repository (or any of the parent directories): .git
2024-11-13 23:24:21.774 [info] > git rev-parse --show-toplevel [3ms]
2024-11-13 23:24:21.774 [info] fatal: not a git repository (or any of the parent directories): .git
2024-11-13 23:24:21.795 [info] > git rev-parse --show-toplevel [3ms]
2024-11-13 23:24:21.795 [info] fatal: not a git repository (or any of the parent directories): .git
2024-11-13 23:24:21.815 [info] > git rev-parse --show-toplevel [3ms]
2024-11-13 23:24:21.815 [info] fatal: not a git repository (or any of the parent directories): .git
2024-11-13 23:24:21.835 [info] > git rev-parse --show-toplevel [3ms]
2024-11-13 23:24:21.836 [info] fatal: not a git repository (or any of the parent directories): .git
2024-11-13 23:24:21.856 [info] > git rev-parse --show-toplevel [4ms]
2024-11-13 23:24:21.856 [info] fatal: not a git repository (or any of the parent directories): .git
2024-11-13 23:24:21.877 [info] > git rev-parse --show-toplevel [4ms]
2024-11-13 23:24:21.877 [info] fatal: not a git repository (or any of the parent directories): .git
2024-11-13 23:24:21.898 [info] > git rev-parse --show-toplevel [4ms]
2024-11-13 23:24:21.898 [info] fatal: not a git repository (or any of the parent directories): .git
2024-11-13 23:24:21.918 [info] > git rev-parse --show-toplevel [3ms]
2024-11-13 23:24:21.918 [info] fatal: not a git repository (or any of the parent directories): .git
2024-11-13 23:24:21.939 [info] > git rev-parse --show-toplevel [4ms]
2024-11-13 23:24:21.939 [info] fatal: not a git repository (or any of the parent directories): .git
2024-11-13 23:24:22.178 [info] > git rev-parse --show-toplevel [222ms]
2024-11-13 23:24:22.179 [info] fatal: not a git repository (or any of the parent directories): .git
2024-11-13 23:24:23.572 [info] > git rev-parse --show-toplevel [407ms]
2024-11-13 23:24:23.572 [info] fatal: not a git repository (or any of the parent directories): .git
2024-11-13 23:24:23.596 [info] > git rev-parse --show-toplevel [3ms]
2024-11-13 23:24:23.596 [info] fatal: not a git repository (or any of the parent directories): .git
2024-11-13 23:24:23.626 [info] > git rev-parse --show-toplevel [6ms]
2024-11-13 23:24:23.626 [info] fatal: not a git repository (or any of the parent directories): .git
2024-11-13 23:24:23.666 [info] > git rev-parse --show-toplevel [11ms]
2024-11-13 23:24:23.666 [info] fatal: not a git repository (or any of the parent directories): .git
2024-11-13 23:24:23.692 [info] > git rev-parse --show-toplevel [3ms]
2024-11-13 23:24:23.692 [info] fatal: not a git repository (or any of the parent directories): .git
2024-11-13 23:24:23.722 [info] > git rev-parse --show-toplevel [5ms]
2024-11-13 23:24:23.722 [info] fatal: not a git repository (or any of the parent directories): .git
2024-11-13 23:24:23.806 [info] > git rev-parse --show-toplevel [62ms]
2024-11-13 23:24:23.807 [info] fatal: not a git repository (or any of the parent directories): .git
2024-11-13 23:24:23.834 [info] > git rev-parse --show-toplevel [5ms]
2024-11-13 23:24:23.834 [info] fatal: not a git repository (or any of the parent directories): .git
2024-11-13 23:24:23.859 [info] > git rev-parse --show-toplevel [3ms]
2024-11-13 23:24:23.860 [info] fatal: not a git repository (or any of the parent directories): .git
2024-11-13 23:24:23.885 [info] > git rev-parse --show-toplevel [4ms]
2024-11-13 23:24:23.885 [info] fatal: not a git repository (or any of the parent directories): .git
2024-11-13 23:24:23.909 [info] > git rev-parse --show-toplevel [3ms]
2024-11-13 23:24:23.910 [info] fatal: not a git repository (or any of the parent directories): .git
2024-11-13 23:24:23.935 [info] > git rev-parse --show-toplevel [4ms]
2024-11-13 23:24:23.935 [info] fatal: not a git repository (or any of the parent directories): .git
2024-11-13 23:24:23.960 [info] > git rev-parse --show-toplevel [3ms]
2024-11-13 23:24:23.960 [info] fatal: not a git repository (or any of the parent directories): .git
2024-11-13 23:24:23.984 [info] > git rev-parse --show-toplevel [4ms]
2024-11-13 23:24:23.984 [info] fatal: not a git repository (or any of the parent directories): .git
2024-11-13 23:24:24.008 [info] > git rev-parse --show-toplevel [3ms]
2024-11-13 23:24:24.008 [info] fatal: not a git repository (or any of the parent directories): .git
2024-11-13 23:24:24.032 [info] > git rev-parse --show-toplevel [4ms]
2024-11-13 23:24:24.032 [info] fatal: not a git repository (or any of the parent directories): .git
2024-11-13 23:24:24.056 [info] > git rev-parse --show-toplevel [3ms]
2024-11-13 23:24:24.056 [info] fatal: not a git repository (or any of the parent directories): .git
2024-11-13 23:24:24.081 [info] > git rev-parse --show-toplevel [4ms]
2024-11-13 23:24:24.081 [info] fatal: not a git repository (or any of the parent directories): .git
2024-11-13 23:24:24.106 [info] > git rev-parse --show-toplevel [3ms]
2024-11-13 23:24:24.106 [info] fatal: not a git repository (or any of the parent directories): .git
2024-11-13 23:24:24.131 [info] > git rev-parse --show-toplevel [3ms]
2024-11-13 23:24:24.131 [info] fatal: not a git repository (or any of the parent directories): .git
2024-11-13 23:24:24.156 [info] > git rev-parse --show-toplevel [3ms]
2024-11-13 23:24:24.156 [info] fatal: not a git repository (or any of the parent directories): .git
2024-11-13 23:24:24.180 [info] > git rev-parse --show-toplevel [3ms]
2024-11-13 23:24:24.180 [info] fatal: not a git repository (or any of the parent directories): .git
2024-11-13 23:24:24.204 [info] > git rev-parse --show-toplevel [3ms]
2024-11-13 23:24:24.204 [info] fatal: not a git repository (or any of the parent directories): .git
2024-11-13 23:24:24.229 [info] > git rev-parse --show-toplevel [3ms]
2024-11-13 23:24:24.229 [info] fatal: not a git repository (or any of the parent directories): .git
2024-11-13 23:24:24.231 [info] [Model][doInitialScan] Initial repository scan completed - repositories (1), closed repositories (0), parent repositories (0), unsafe repositories (0)
2024-11-13 23:24:24.256 [info] > git rev-parse --show-toplevel [2ms]
2024-11-13 23:24:24.282 [info] > git rev-parse --show-toplevel [3ms]
2024-11-13 23:24:24.282 [info] fatal: not a git repository (or any of the parent directories): .git
2024-11-13 23:24:24.306 [info] > git rev-parse --show-toplevel [3ms]
2024-11-13 23:24:24.306 [info] fatal: not a git repository (or any of the parent directories): .git
2024-11-13 23:24:24.330 [info] > git rev-parse --show-toplevel [3ms]
2024-11-13 23:24:24.330 [info] fatal: not a git repository (or any of the parent directories): .git
2024-11-13 23:24:24.355 [info] > git rev-parse --show-toplevel [3ms]
2024-11-13 23:24:47.879 [info] > git check-ignore -v -z --stdin [4ms]
2024-11-13 23:24:51.618 [info] > git check-ignore -v -z --stdin [5ms]
2024-11-13 23:25:00.303 [info] > git show --textconv :modules/bar/Bar.ts [110ms]
2024-11-13 23:25:00.338 [info] > git ls-files --stage -- /home/zaryu/.config/ags/modules/bar/Bar.ts [115ms]
2024-11-13 23:25:01.358 [info] > git cat-file -s a039077aae4ce950eb90c1fcdcb442671b634fed [985ms]
2024-11-13 23:26:44.826 [info] > git check-ignore -v -z --stdin [30ms]
2024-11-13 23:26:51.100 [info] > git check-ignore -v -z --stdin [3ms]
2024-11-13 23:26:53.427 [info] > git show --textconv :config.js [40ms]
2024-11-13 23:26:53.436 [info] > git ls-files --stage -- /home/zaryu/.config/ags/config.js [11ms]
2024-11-13 23:26:53.478 [info] > git cat-file -s 01d6ae869806a0d5eeea2d87f679e2e9ec5854e2 [5ms]
2024-11-13 23:27:06.048 [info] > git check-ignore -v -z --stdin [3ms]
2024-11-13 23:27:06.853 [info] > git show --textconv :main.ts [41ms]
2024-11-13 23:27:06.863 [info] > git ls-files --stage -- /home/zaryu/.config/ags/main.ts [13ms]
2024-11-13 23:27:06.896 [info] > git cat-file -s 8a2758aec3feb308f267b39b811a571809604959 [4ms]
2024-11-13 23:27:24.834 [info] > git show --textconv :options.ts [38ms]
2024-11-13 23:27:25.182 [info] > git ls-files --stage -- /home/zaryu/.config/ags/options.ts [346ms]
2024-11-13 23:27:25.248 [info] > git cat-file -s 9ea7bcba857c528979169721de4f41a24a53201f [16ms]
